TN:
SF:src\socket.ts
FN:40,getTokenFromCookie
FN:52,initSocket
FN:72,(anonymous_3)
FN:74,(anonymous_4)
FN:86,(anonymous_5)
FN:132,(anonymous_6)
FN:137,(anonymous_7)
FN:173,(anonymous_8)
FN:194,(anonymous_9)
FN:373,(anonymous_10)
FN:410,(anonymous_11)
FN:423,(anonymous_12)
FN:433,(anonymous_13)
FN:455,getIO
FN:463,closeSocketRedisClients
FN:470,(anonymous_16)
FN:474,(anonymous_17)
FNF:17
FNH:0
FNDA:0,getTokenFromCookie
FNDA:0,initSocket
FNDA:0,(anonymous_3)
FNDA:0,(anonymous_4)
FNDA:0,(anonymous_5)
FNDA:0,(anonymous_6)
FNDA:0,(anonymous_7)
FNDA:0,(anonymous_8)
FNDA:0,(anonymous_9)
FNDA:0,(anonymous_10)
FNDA:0,(anonymous_11)
FNDA:0,(anonymous_12)
FNDA:0,(anonymous_13)
FNDA:0,getIO
FNDA:0,closeSocketRedisClients
FNDA:0,(anonymous_16)
FNDA:0,(anonymous_17)
DA:2,2
DA:6,2
DA:8,2
DA:10,2
DA:12,2
DA:14,2
DA:16,2
DA:18,2
DA:20,2
DA:22,2
DA:42,0
DA:44,0
DA:46,0
DA:48,0
DA:52,2
DA:54,0
DA:65,0
DA:67,0
DA:69,0
DA:72,0
DA:74,0
DA:77,0
DA:79,0
DA:82,0
DA:86,0
DA:88,0
DA:90,0
DA:92,0
DA:96,0
DA:98,0
DA:104,0
DA:106,0
DA:112,0
DA:114,0
DA:116,0
DA:122,0
DA:124,0
DA:127,0
DA:132,0
DA:134,0
DA:137,0
DA:140,0
DA:143,0
DA:146,0
DA:147,0
DA:149,0
DA:151,0
DA:153,0
DA:155,0
DA:158,0
DA:160,0
DA:162,0
DA:168,0
DA:173,0
DA:176,0
DA:179,0
DA:181,0
DA:183,0
DA:185,0
DA:192,0
DA:211,0
DA:213,0
DA:216,0
DA:219,0
DA:221,0
DA:224,0
DA:227,0
DA:229,0
DA:231,0
DA:233,0
DA:237,0
DA:238,0
DA:242,0
DA:243,0
DA:244,0
DA:248,0
DA:249,0
DA:251,0
DA:253,0
DA:255,0
DA:257,0
DA:261,0
DA:266,0
DA:268,0
DA:272,0
DA:276,0
DA:279,0
DA:281,0
DA:283,0
DA:284,0
DA:285,0
DA:289,0
DA:291,0
DA:294,0
DA:295,0
DA:299,0
DA:303,0
DA:306,0
DA:314,0
DA:324,0
DA:337,0
DA:339,0
DA:342,0
DA:344,0
DA:345,0
DA:347,0
DA:348,0
DA:350,0
DA:352,0
DA:356,0
DA:364,0
DA:365,0
DA:371,0
DA:375,0
DA:377,0
DA:379,0
DA:381,0
DA:383,0
DA:386,0
DA:390,0
DA:392,0
DA:402,0
DA:410,0
DA:412,0
DA:414,0
DA:416,0
DA:423,0
DA:425,0
DA:427,0
DA:433,0
DA:435,0
DA:437,0
DA:441,0
DA:445,0
DA:449,0
DA:451,0
DA:455,2
DA:457,0
DA:459,0
DA:463,2
DA:464,0
DA:466,0
DA:468,0
DA:470,0
DA:472,0
DA:474,0
DA:476,0
DA:478,0
DA:481,0
LF:149
LH:13
BRDA:44,0,0,0
BRDA:44,0,1,0
BRDA:48,1,0,0
BRDA:48,1,1,0
BRDA:57,2,0,0
BRDA:57,2,1,0
BRDA:90,3,0,0
BRDA:90,3,1,0
BRDA:92,4,0,0
BRDA:92,4,1,0
BRDA:96,5,0,0
BRDA:96,5,1,0
BRDA:114,6,0,0
BRDA:114,6,1,0
BRDA:114,7,0,0
BRDA:114,7,1,0
BRDA:140,8,0,0
BRDA:140,8,1,0
BRDA:140,9,0,0
BRDA:140,9,1,0
BRDA:143,10,0,0
BRDA:143,10,1,0
BRDA:143,11,0,0
BRDA:143,11,1,0
BRDA:146,12,0,0
BRDA:146,12,1,0
BRDA:146,13,0,0
BRDA:146,13,1,0
BRDA:151,14,0,0
BRDA:151,14,1,0
BRDA:158,15,0,0
BRDA:158,15,1,0
BRDA:158,16,0,0
BRDA:158,16,1,0
BRDA:176,17,0,0
BRDA:176,17,1,0
BRDA:176,18,0,0
BRDA:176,18,1,0
BRDA:179,19,0,0
BRDA:179,19,1,0
BRDA:179,20,0,0
BRDA:179,20,1,0
BRDA:181,21,0,0
BRDA:181,21,1,0
BRDA:181,22,0,0
BRDA:181,22,1,0
BRDA:213,23,0,0
BRDA:213,23,1,0
BRDA:213,24,0,0
BRDA:213,24,1,0
BRDA:216,25,0,0
BRDA:216,25,1,0
BRDA:216,26,0,0
BRDA:216,26,1,0
BRDA:216,26,2,0
BRDA:219,27,0,0
BRDA:219,27,1,0
BRDA:231,28,0,0
BRDA:231,28,1,0
BRDA:231,29,0,0
BRDA:231,29,1,0
BRDA:261,30,0,0
BRDA:261,30,1,0
BRDA:261,31,0,0
BRDA:261,31,1,0
BRDA:261,31,2,0
BRDA:266,32,0,0
BRDA:266,32,1,0
BRDA:283,33,0,0
BRDA:283,33,1,0
BRDA:294,34,0,0
BRDA:294,34,1,0
BRDA:294,35,0,0
BRDA:294,35,1,0
BRDA:303,36,0,0
BRDA:303,36,1,0
BRDA:306,37,0,0
BRDA:306,37,1,0
BRDA:319,38,0,0
BRDA:319,38,1,0
BRDA:320,39,0,0
BRDA:320,39,1,0
BRDA:344,40,0,0
BRDA:344,40,1,0
BRDA:347,41,0,0
BRDA:347,41,1,0
BRDA:350,42,0,0
BRDA:350,42,1,0
BRDA:381,43,0,0
BRDA:381,43,1,0
BRDA:381,44,0,0
BRDA:381,44,1,0
BRDA:398,45,0,0
BRDA:398,45,1,0
BRDA:457,46,0,0
BRDA:457,46,1,0
BRDA:468,47,0,0
BRDA:468,47,1,0
BRDA:472,48,0,0
BRDA:472,48,1,0
BRF:100
BRH:0
end_of_record
TN:
SF:src\config\cloudinary.ts
FN:21,(anonymous_0)
FNF:1
FNH:0
FNDA:0,(anonymous_0)
DA:2,2
DA:11,2
DA:21,2
LF:3
LH:3
BRF:0
BRH:0
end_of_record
TN:
SF:src\config\redis.ts
FN:15,(anonymous_1)
FN:36,(anonymous_2)
FN:38,(anonymous_3)
FN:41,connectRedis
FNF:4
FNH:0
FNDA:0,(anonymous_1)
FNDA:0,(anonymous_2)
FNDA:0,(anonymous_3)
FNDA:0,connectRedis
DA:2,2
DA:4,2
DA:7,2
DA:17,0
DA:19,0
DA:20,0
DA:23,0
DA:28,2
DA:29,0
DA:33,2
DA:36,2
DA:38,2
DA:41,2
DA:42,0
LF:14
LH:8
BRDA:9,0,0,2
BRDA:9,0,1,2
BRDA:11,1,0,2
BRDA:11,1,1,2
BRDA:17,2,0,0
BRDA:17,2,1,0
BRDA:28,3,0,0
BRDA:28,3,1,2
BRF:8
BRH:5
end_of_record
TN:
SF:src\controllers\follow.controller.ts
FN:15,toggleFollow
FN:38,checkFollow
FN:57,getFollowing
FN:73,(anonymous_4)
FN:89,getFollowers
FN:99,(anonymous_6)
FNF:6
FNH:1
FNDA:2,toggleFollow
FNDA:0,checkFollow
FNDA:0,getFollowing
FNDA:0,(anonymous_4)
FNDA:0,getFollowers
FNDA:0,(anonymous_6)
DA:4,1
DA:6,1
DA:8,1
DA:10,1
DA:15,1
DA:17,2
DA:19,2
DA:21,2
DA:23,2
DA:25,1
DA:28,1
DA:29,1
DA:31,0
DA:38,1
DA:40,0
DA:42,0
DA:44,0
DA:46,0
DA:48,0
DA:50,0
DA:57,1
DA:59,0
DA:60,0
DA:62,0
DA:64,0
DA:65,0
DA:68,0
DA:73,0
DA:80,0
DA:82,0
DA:89,1
DA:91,0
DA:92,0
DA:94,0
DA:99,0
DA:106,0
DA:108,0
LF:37
LH:15
BRDA:28,0,0,1
BRDA:28,0,1,0
BRDA:64,1,0,0
BRDA:64,1,1,0
BRF:4
BRH:1
end_of_record
TN:
SF:src\errors\HttpError.ts
FN:4,(anonymous_0)
FNF:1
FNH:1
FNDA:18,(anonymous_0)
DA:2,12
DA:5,18
DA:9,18
DA:11,18
LF:4
LH:4
BRF:0
BRH:0
end_of_record
TN:
SF:src\helpers\response.helper.ts
FN:11,sendServerError
FN:24,parseId
FNF:2
FNH:0
FNDA:0,sendServerError
FNDA:0,parseId
DA:4,4
DA:6,4
DA:11,4
DA:13,0
DA:17,0
DA:24,4
DA:26,0
DA:28,0
LF:8
LH:4
BRDA:14,0,0,0
BRDA:14,0,1,0
BRDA:14,1,0,0
BRDA:14,1,1,0
BRDA:26,2,0,0
BRDA:26,2,1,0
BRDA:28,3,0,0
BRDA:28,3,1,0
BRF:8
BRH:0
end_of_record
TN:
SF:src\models\BoatLog.ts
FNF:0
FNH:0
DA:2,1
DA:25,1
DA:54,1
DA:57,1
LF:4
LH:4
BRF:0
BRH:0
end_of_record
TN:
SF:src\models\BroadcastLog.ts
FNF:0
FNH:0
DA:2,1
DA:19,1
DA:39,1
DA:42,1
LF:4
LH:4
BRF:0
BRH:0
end_of_record
TN:
SF:src\models\Message.ts
FNF:0
FNH:0
DA:2,6
DA:45,6
DA:91,6
DA:93,6
DA:95,6
DA:97,6
DA:100,6
LF:7
LH:7
BRF:0
BRH:0
end_of_record
TN:
SF:src\models\Notification.ts
FNF:0
FNH:0
DA:2,2
DA:23,2
DA:43,2
DA:46,2
LF:4
LH:4
BRF:0
BRH:0
end_of_record
TN:
SF:src\models\Post.ts
FNF:0
FNH:0
DA:2,3
DA:47,3
DA:93,3
DA:95,3
DA:98,3
LF:5
LH:5
BRF:0
BRH:0
end_of_record
TN:
SF:src\models\Product.ts
FNF:0
FNH:0
DA:2,8
DA:59,8
DA:136,8
DA:138,8
DA:140,8
DA:143,8
DA:146,8
LF:7
LH:7
BRF:0
BRH:0
end_of_record
TN:
SF:src\models\Recipe.ts
FNF:0
FNH:0
DA:2,1
DA:37,1
DA:78,1
DA:80,1
DA:83,1
LF:5
LH:5
BRF:0
BRH:0
end_of_record
TN:
SF:src\models\Report.ts
FNF:0
FNH:0
DA:2,3
DA:21,3
DA:43,3
DA:45,3
DA:48,3
LF:5
LH:5
BRF:0
BRH:0
end_of_record
TN:
SF:src\models\Review.ts
FNF:0
FNH:0
DA:2,4
DA:23,4
DA:48,4
DA:50,4
DA:53,4
LF:5
LH:5
BRF:0
BRH:0
end_of_record
TN:
SF:src\models\User.ts
FNF:0
FNH:0
DA:2,13
DA:35,13
DA:72,13
DA:74,13
DA:77,13
LF:5
LH:5
BRF:0
BRH:0
end_of_record
TN:
SF:src\modules\boat-log\domain\entities\BoatLog.ts
FN:25,(anonymous_0)
FN:33,(anonymous_1)
FN:42,(anonymous_2)
FN:60,(anonymous_3)
FN:81,(anonymous_4)
FN:83,(anonymous_5)
FNF:6
FNH:4
FNDA:3,(anonymous_0)
FNDA:3,(anonymous_1)
FNDA:2,(anonymous_2)
FNDA:0,(anonymous_3)
FNDA:0,(anonymous_4)
FNDA:2,(anonymous_5)
DA:2,2
DA:4,2
DA:23,2
DA:27,3
DA:29,3
DA:35,3
DA:37,2
DA:44,2
DA:46,2
DA:48,1
DA:50,1
DA:53,1
DA:55,1
DA:62,0
DA:81,0
DA:83,2
LF:16
LH:14
BRDA:35,0,0,2
BRDA:35,0,1,1
BRDA:35,1,0,3
BRDA:35,1,1,2
BRDA:46,2,0,1
BRDA:46,2,1,1
BRF:6
BRH:6
end_of_record
TN:
SF:src\modules\boat-log\infrastructure\persistence\mongoose\MongooseBoatLogRepository.ts
FN:15,(anonymous_1)
FN:29,(anonymous_2)
FN:55,(anonymous_3)
FNF:3
FNH:0
FNDA:0,(anonymous_1)
FNDA:0,(anonymous_2)
FNDA:0,(anonymous_3)
DA:6,1
DA:8,1
DA:10,1
DA:13,1
DA:17,0
DA:20,0
DA:22,0
DA:25,0
DA:31,0
DA:34,0
DA:36,0
DA:46,0
DA:48,0
DA:50,0
DA:57,0
DA:59,0
LF:16
LH:4
BRDA:17,0,0,0
BRDA:17,0,1,0
BRDA:22,1,0,0
BRDA:22,1,1,0
BRDA:34,2,0,0
BRDA:34,2,1,0
BRDA:34,3,0,0
BRDA:34,3,1,0
BRDA:57,4,0,0
BRDA:57,4,1,0
BRDA:57,5,0,0
BRDA:57,5,1,0
BRF:12
BRH:0
end_of_record
TN:
SF:src\modules\boat-log\infrastructure\persistence\mongoose\mappers\BoatLogMapper.ts
FN:11,(anonymous_1)
FN:13,(anonymous_2)
FN:40,(anonymous_3)
FN:57,(anonymous_4)
FNF:4
FNH:0
FNDA:0,(anonymous_1)
FNDA:0,(anonymous_2)
FNDA:0,(anonymous_3)
FNDA:0,(anonymous_4)
DA:2,1
DA:6,1
DA:9,1
DA:13,0
DA:15,0
DA:19,0
DA:42,0
DA:45,0
DA:57,0
LF:9
LH:3
BRDA:13,0,0,0
BRDA:13,0,1,0
BRDA:15,1,0,0
BRDA:15,1,1,0
BRDA:30,2,0,0
BRDA:30,2,1,0
BRF:6
BRH:0
end_of_record
TN:
SF:src\modules\iam\domain\entities\User.ts
FN:32,(anonymous_0)
FN:42,(anonymous_1)
FN:55,(anonymous_2)
FN:74,(anonymous_3)
FN:81,(anonymous_4)
FN:88,(anonymous_5)
FN:95,(anonymous_6)
FN:103,(anonymous_7)
FN:112,(anonymous_8)
FN:113,(anonymous_9)
FN:120,(anonymous_10)
FN:129,(anonymous_11)
FN:130,(anonymous_12)
FN:137,(anonymous_13)
FN:155,(anonymous_14)
FN:156,(anonymous_15)
FN:157,(anonymous_16)
FN:158,(anonymous_17)
FN:159,(anonymous_18)
FN:160,(anonymous_19)
FN:161,(anonymous_20)
FN:162,(anonymous_21)
FN:163,(anonymous_22)
FN:164,(anonymous_23)
FN:165,(anonymous_24)
FNF:25
FNH:7
FNDA:2,(anonymous_0)
FNDA:1,(anonymous_1)
FNDA:2,(anonymous_2)
FNDA:0,(anonymous_3)
FNDA:0,(anonymous_4)
FNDA:0,(anonymous_5)
FNDA:0,(anonymous_6)
FNDA:0,(anonymous_7)
FNDA:0,(anonymous_8)
FNDA:0,(anonymous_9)
FNDA:0,(anonymous_10)
FNDA:0,(anonymous_11)
FNDA:0,(anonymous_12)
FNDA:0,(anonymous_13)
FNDA:1,(anonymous_14)
FNDA:1,(anonymous_15)
FNDA:0,(anonymous_16)
FNDA:0,(anonymous_17)
FNDA:0,(anonymous_18)
FNDA:0,(anonymous_19)
FNDA:2,(anonymous_20)
FNDA:1,(anonymous_21)
FNDA:0,(anonymous_22)
FNDA:0,(anonymous_23)
FNDA:0,(anonymous_24)
DA:2,14
DA:4,14
DA:6,14
DA:26,14
DA:33,2
DA:34,1
DA:44,1
DA:46,1
DA:48,1
DA:56,2
DA:57,1
DA:60,1
DA:62,1
DA:63,1
DA:66,1
DA:67,1
DA:75,0
DA:82,0
DA:89,0
DA:96,0
DA:104,0
DA:105,0
DA:113,0
DA:121,0
DA:122,0
DA:130,0
DA:138,0
DA:155,1
DA:156,1
DA:157,0
DA:158,0
DA:159,0
DA:160,0
DA:161,2
DA:162,1
DA:163,0
DA:164,0
DA:165,0
LF:38
LH:20
BRDA:33,0,0,1
BRDA:33,0,1,1
BRDA:44,1,0,0
BRDA:44,1,1,1
BRDA:56,2,0,1
BRDA:56,2,1,1
BRDA:56,3,0,2
BRDA:56,3,1,2
BRDA:62,4,0,1
BRDA:62,4,1,0
BRDA:66,5,0,1
BRDA:66,5,1,0
BRDA:104,6,0,0
BRDA:104,6,1,0
BRDA:121,7,0,0
BRDA:121,7,1,0
BRF:16
BRH:9
end_of_record
TN:
SF:src\modules\iam\domain\events\UserPremiumUpgradedEvent.ts
FN:13,(anonymous_0)
FN:22,(anonymous_1)
FNF:2
FNH:2
FNDA:1,(anonymous_0)
FNDA:1,(anonymous_1)
DA:8,14
DA:13,1
DA:15,1
DA:23,1
LF:4
LH:4
BRF:0
BRH:0
end_of_record
TN:
SF:src\modules\iam\infrastructure\persistence\mongoose\MongooseUserRepository.ts
FN:21,(anonymous_1)
FN:34,(anonymous_2)
FN:45,(anonymous_3)
FN:66,(anonymous_4)
FN:76,(anonymous_5)
FNF:5
FNH:0
FNDA:0,(anonymous_1)
FNDA:0,(anonymous_2)
FNDA:0,(anonymous_3)
FNDA:0,(anonymous_4)
FNDA:0,(anonymous_5)
DA:6,13
DA:8,13
DA:10,13
DA:16,13
DA:23,0
DA:25,0
DA:26,0
DA:28,0
DA:36,0
DA:37,0
DA:39,0
DA:47,0
DA:50,0
DA:52,0
DA:55,0
DA:57,0
DA:59,0
DA:68,0
DA:69,0
DA:78,0
LF:20
LH:4
BRDA:23,0,0,0
BRDA:23,0,1,0
BRDA:26,1,0,0
BRDA:26,1,1,0
BRDA:37,2,0,0
BRDA:37,2,1,0
BRDA:50,3,0,0
BRDA:50,3,1,0
BRDA:50,4,0,0
BRDA:50,4,1,0
BRDA:68,5,0,0
BRDA:68,5,1,0
BRDA:68,6,0,0
BRDA:68,6,1,0
BRF:14
BRH:0
end_of_record
TN:
SF:src\modules\iam\infrastructure\persistence\mongoose\mappers\UserMapper.ts
FN:18,(anonymous_1)
FN:31,(anonymous_2)
FN:32,(anonymous_3)
FN:42,(anonymous_4)
FN:56,(anonymous_5)
FN:57,(anonymous_6)
FNF:6
FNH:0
FNDA:0,(anonymous_1)
FNDA:0,(anonymous_2)
FNDA:0,(anonymous_3)
FNDA:0,(anonymous_4)
FNDA:0,(anonymous_5)
FNDA:0,(anonymous_6)
DA:2,13
DA:6,13
DA:12,13
DA:19,0
DA:31,0
DA:32,0
DA:44,0
DA:45,0
DA:56,0
DA:57,0
LF:10
LH:3
BRDA:29,0,0,0
BRDA:29,0,1,0
BRDA:31,1,0,0
BRDA:31,1,1,0
BRDA:32,2,0,0
BRDA:32,2,1,0
BRF:6
BRH:0
end_of_record
TN:
SF:src\modules\post\domain\entities\Post.ts
FN:53,(anonymous_1)
FN:61,(anonymous_2)
FN:75,(anonymous_3)
FN:93,(anonymous_4)
FN:117,(anonymous_5)
FN:119,(anonymous_6)
FN:137,(anonymous_7)
FN:168,(anonymous_8)
FN:170,(anonymous_9)
FN:172,(anonymous_10)
FNF:10
FNH:8
FNDA:5,(anonymous_1)
FNDA:5,(anonymous_2)
FNDA:2,(anonymous_3)
FNDA:4,(anonymous_4)
FNDA:4,(anonymous_5)
FNDA:4,(anonymous_6)
FNDA:0,(anonymous_7)
FNDA:0,(anonymous_8)
FNDA:2,(anonymous_9)
FNDA:7,(anonymous_10)
DA:2,4
DA:4,4
DA:6,4
DA:51,4
DA:55,5
DA:57,5
DA:63,5
DA:65,1
DA:68,4
DA:70,1
DA:77,2
DA:79,2
DA:81,1
DA:83,1
DA:86,1
DA:88,1
DA:95,4
DA:97,1
DA:100,3
DA:119,4
DA:121,4
DA:123,0
DA:126,4
DA:128,4
DA:130,1
DA:133,3
DA:139,0
DA:168,0
DA:170,2
DA:172,7
LF:30
LH:27
BRDA:63,0,0,1
BRDA:63,0,1,4
BRDA:63,1,0,5
BRDA:63,1,1,4
BRDA:68,2,0,1
BRDA:68,2,1,3
BRDA:68,3,0,4
BRDA:68,3,1,4
BRDA:79,4,0,1
BRDA:79,4,1,1
BRDA:95,5,0,1
BRDA:95,5,1,3
BRDA:95,6,0,4
BRDA:95,6,1,3
BRDA:121,7,0,0
BRDA:121,7,1,4
BRDA:128,8,0,1
BRDA:128,8,1,3
BRDA:128,9,0,4
BRDA:128,9,1,3
BRDA:128,9,2,2
BRF:21
BRH:20
end_of_record
TN:
SF:src\modules\post\infrastructure\persistence\mongoose\MongoosePostRepository.ts
FN:19,(anonymous_1)
FN:35,(anonymous_2)
FN:69,(anonymous_3)
FNF:3
FNH:0
FNDA:0,(anonymous_1)
FNDA:0,(anonymous_2)
FNDA:0,(anonymous_3)
DA:6,3
DA:8,3
DA:10,3
DA:15,3
DA:21,0
DA:24,0
DA:26,0
DA:29,0
DA:37,0
DA:40,0
DA:42,0
DA:48,0
DA:50,0
DA:51,0
DA:55,0
DA:57,0
DA:59,0
DA:61,0
DA:62,0
DA:71,0
DA:73,0
LF:21
LH:4
BRDA:21,0,0,0
BRDA:21,0,1,0
BRDA:26,1,0,0
BRDA:26,1,1,0
BRDA:40,2,0,0
BRDA:40,2,1,0
BRDA:40,3,0,0
BRDA:40,3,1,0
BRDA:48,4,0,0
BRDA:48,4,1,0
BRDA:71,5,0,0
BRDA:71,5,1,0
BRDA:71,6,0,0
BRDA:71,6,1,0
BRF:14
BRH:0
end_of_record
TN:
SF:src\modules\post\infrastructure\persistence\mongoose\mappers\PostMapper.ts
FN:16,(anonymous_1)
FN:18,(anonymous_2)
FN:24,(anonymous_3)
FN:73,(anonymous_4)
FN:94,(anonymous_5)
FN:96,(anonymous_6)
FNF:6
FNH:0
FNDA:0,(anonymous_1)
FNDA:0,(anonymous_2)
FNDA:0,(anonymous_3)
FNDA:0,(anonymous_4)
FNDA:0,(anonymous_5)
FNDA:0,(anonymous_6)
DA:2,3
DA:6,3
DA:12,3
DA:18,0
DA:20,0
DA:24,0
DA:40,0
DA:75,0
DA:78,0
DA:94,0
DA:96,0
LF:11
LH:3
BRDA:18,0,0,0
BRDA:18,0,1,0
BRDA:20,1,0,0
BRDA:20,1,1,0
BRDA:24,2,0,0
BRDA:24,2,1,0
BRDA:26,3,0,0
BRDA:26,3,1,0
BRDA:53,4,0,0
BRDA:53,4,1,0
BRDA:55,5,0,0
BRDA:55,5,1,0
BRDA:61,6,0,0
BRDA:61,6,1,0
BRDA:98,7,0,0
BRDA:98,7,1,0
BRDA:108,8,0,0
BRDA:108,8,1,0
BRF:18
BRH:0
end_of_record
TN:
SF:src\modules\product\domain\entities\Product.ts
FN:53,(anonymous_0)
FN:70,(anonymous_1)
FN:104,(anonymous_2)
FN:115,(anonymous_3)
FN:137,(anonymous_4)
FN:152,(anonymous_5)
FN:195,(anonymous_6)
FN:201,(anonymous_7)
FN:207,(anonymous_8)
FN:254,(anonymous_9)
FN:256,(anonymous_10)
FN:258,(anonymous_11)
FN:260,(anonymous_12)
FN:262,(anonymous_13)
FN:264,(anonymous_14)
FN:266,(anonymous_15)
FN:268,(anonymous_16)
FN:270,(anonymous_17)
FN:272,(anonymous_18)
FN:274,(anonymous_19)
FN:276,(anonymous_20)
FN:278,(anonymous_21)
FN:280,(anonymous_22)
FN:282,(anonymous_23)
FN:284,(anonymous_24)
FN:286,(anonymous_25)
FN:288,(anonymous_26)
FN:290,(anonymous_27)
FNF:28
FNH:4
FNDA:3,(anonymous_0)
FNDA:3,(anonymous_1)
FNDA:1,(anonymous_2)
FNDA:0,(anonymous_3)
FNDA:0,(anonymous_4)
FNDA:0,(anonymous_5)
FNDA:0,(anonymous_6)
FNDA:0,(anonymous_7)
FNDA:0,(anonymous_8)
FNDA:0,(anonymous_9)
FNDA:0,(anonymous_10)
FNDA:0,(anonymous_11)
FNDA:0,(anonymous_12)
FNDA:0,(anonymous_13)
FNDA:2,(anonymous_14)
FNDA:0,(anonymous_15)
FNDA:0,(anonymous_16)
FNDA:0,(anonymous_17)
FNDA:0,(anonymous_18)
FNDA:0,(anonymous_19)
FNDA:0,(anonymous_20)
FNDA:0,(anonymous_21)
FNDA:0,(anonymous_22)
FNDA:0,(anonymous_23)
FNDA:0,(anonymous_24)
FNDA:0,(anonymous_25)
FNDA:0,(anonymous_26)
FNDA:0,(anonymous_27)
DA:2,1
DA:4,1
DA:51,1
DA:55,3
DA:66,3
DA:72,3
DA:74,0
DA:77,3
DA:79,0
DA:82,3
DA:84,0
DA:87,3
DA:89,0
DA:92,3
DA:94,1
DA:97,2
DA:99,1
DA:106,1
DA:108,0
DA:111,1
DA:117,0
DA:119,0
DA:123,0
DA:125,0
DA:127,0
DA:129,0
DA:133,0
DA:139,0
DA:141,0
DA:144,0
DA:146,0
DA:148,0
DA:166,0
DA:168,0
DA:170,0
DA:172,0
DA:174,0
DA:176,0
DA:178,0
DA:180,0
DA:182,0
DA:184,0
DA:186,0
DA:188,0
DA:191,0
DA:197,0
DA:203,0
DA:209,0
DA:254,0
DA:256,0
DA:258,0
DA:260,0
DA:262,0
DA:264,2
DA:266,0
DA:268,0
DA:270,0
DA:272,0
DA:274,0
DA:276,0
DA:278,0
DA:280,0
DA:282,0
DA:284,0
DA:286,0
DA:288,0
DA:290,0
LF:67
LH:16
BRDA:59,0,0,3
BRDA:59,0,1,3
BRDA:61,1,0,3
BRDA:61,1,1,3
BRDA:63,2,0,3
BRDA:63,2,1,3
BRDA:72,3,0,0
BRDA:72,3,1,3
BRDA:72,4,0,3
BRDA:72,4,1,3
BRDA:77,5,0,0
BRDA:77,5,1,3
BRDA:82,6,0,0
BRDA:82,6,1,3
BRDA:87,7,0,0
BRDA:87,7,1,3
BRDA:92,8,0,1
BRDA:92,8,1,2
BRDA:97,9,0,1
BRDA:97,9,1,1
BRDA:97,10,0,2
BRDA:97,10,1,1
BRDA:106,11,0,0
BRDA:106,11,1,1
BRDA:117,12,0,0
BRDA:117,12,1,0
BRDA:127,13,0,0
BRDA:127,13,1,0
BRDA:139,14,0,0
BRDA:139,14,1,0
BRDA:186,15,0,0
BRDA:186,15,1,0
BRDA:197,16,0,0
BRDA:197,16,1,0
BRF:34
BRH:19
end_of_record
TN:
SF:src\modules\product\domain\value-objects\GPSCoordinates.ts
FN:18,(anonymous_0)
FN:27,(anonymous_1)
FN:43,(anonymous_2)
FN:45,(anonymous_3)
FNF:4
FNH:2
FNDA:1,(anonymous_0)
FNDA:1,(anonymous_1)
FNDA:0,(anonymous_2)
FNDA:0,(anonymous_3)
DA:2,1
DA:4,1
DA:16,1
DA:20,1
DA:29,1
DA:31,0
DA:34,1
DA:36,0
DA:39,1
DA:43,0
DA:45,0
LF:11
LH:7
BRDA:29,0,0,0
BRDA:29,0,1,1
BRDA:29,1,0,1
BRDA:29,1,1,1
BRDA:34,2,0,0
BRDA:34,2,1,1
BRDA:34,3,0,1
BRDA:34,3,1,1
BRF:8
BRH:6
end_of_record
TN:
SF:src\modules\recipe\domain\entities\Recipe.ts
FN:37,(anonymous_0)
FN:45,(anonymous_1)
FN:54,(anonymous_2)
FN:72,(anonymous_3)
FN:78,(anonymous_4)
FN:102,(anonymous_5)
FN:135,(anonymous_6)
FN:137,(anonymous_7)
FN:139,(anonymous_8)
FNF:9
FNH:4
FNDA:2,(anonymous_0)
FNDA:2,(anonymous_1)
FNDA:2,(anonymous_2)
FNDA:0,(anonymous_3)
FNDA:0,(anonymous_4)
FNDA:0,(anonymous_5)
FNDA:0,(anonymous_6)
FNDA:0,(anonymous_7)
FNDA:2,(anonymous_8)
DA:2,2
DA:4,2
DA:35,2
DA:39,2
DA:41,2
DA:47,2
DA:49,1
DA:56,2
DA:58,2
DA:60,1
DA:62,1
DA:65,1
DA:67,1
DA:74,0
DA:80,0
DA:82,0
DA:84,0
DA:86,0
DA:88,0
DA:90,0
DA:92,0
DA:94,0
DA:96,0
DA:98,0
DA:104,0
DA:135,0
DA:137,0
DA:139,2
LF:28
LH:14
BRDA:47,0,0,1
BRDA:47,0,1,1
BRDA:47,1,0,2
BRDA:47,1,1,1
BRDA:58,2,0,1
BRDA:58,2,1,1
BRDA:80,3,0,0
BRDA:80,3,1,0
BRDA:82,4,0,0
BRDA:82,4,1,0
BRDA:84,5,0,0
BRDA:84,5,1,0
BRDA:86,6,0,0
BRDA:86,6,1,0
BRDA:88,7,0,0
BRDA:88,7,1,0
BRDA:90,8,0,0
BRDA:90,8,1,0
BRDA:92,9,0,0
BRDA:92,9,1,0
BRDA:94,10,0,0
BRDA:94,10,1,0
BRDA:96,11,0,0
BRDA:96,11,1,0
BRF:24
BRH:6
end_of_record
TN:
SF:src\modules\recipe\infrastructure\persistence\mongoose\MongooseRecipeRepository.ts
FN:22,(anonymous_1)
FN:42,(anonymous_2)
FN:67,(anonymous_3)
FNF:3
FNH:0
FNDA:0,(anonymous_1)
FNDA:0,(anonymous_2)
FNDA:0,(anonymous_3)
DA:6,1
DA:8,1
DA:10,1
DA:17,1
DA:24,0
DA:27,0
DA:32,0
DA:35,0
DA:44,0
DA:47,0
DA:49,0
DA:56,0
DA:58,0
DA:60,0
DA:69,0
DA:71,0
LF:16
LH:4
BRDA:24,0,0,0
BRDA:24,0,1,0
BRDA:32,1,0,0
BRDA:32,1,1,0
BRDA:47,2,0,0
BRDA:47,2,1,0
BRDA:47,3,0,0
BRDA:47,3,1,0
BRDA:69,4,0,0
BRDA:69,4,1,0
BRDA:69,5,0,0
BRDA:69,5,1,0
BRF:12
BRH:0
end_of_record
TN:
SF:src\modules\recipe\infrastructure\persistence\mongoose\mappers\RecipeMapper.ts
FN:14,(anonymous_1)
FN:21,(anonymous_2)
FN:47,(anonymous_3)
FN:61,(anonymous_4)
FNF:4
FNH:0
FNDA:0,(anonymous_1)
FNDA:0,(anonymous_2)
FNDA:0,(anonymous_3)
FNDA:0,(anonymous_4)
DA:1,1
DA:3,1
DA:10,1
DA:16,0
DA:21,0
DA:22,0
DA:25,0
DA:48,0
DA:50,0
DA:61,0
LF:10
LH:3
BRDA:16,0,0,0
BRDA:16,0,1,0
BRDA:16,1,0,0
BRDA:16,1,1,0
BRDA:21,2,0,0
BRDA:21,2,1,0
BRDA:22,3,0,0
BRDA:22,3,1,0
BRDA:29,4,0,0
BRDA:29,4,1,0
BRDA:30,5,0,0
BRDA:30,5,1,0
BRDA:36,6,0,0
BRDA:36,6,1,0
BRDA:38,7,0,0
BRDA:38,7,1,0
BRF:16
BRH:0
end_of_record
TN:
SF:src\repositories\boatlog.repository.ts
FN:18,(anonymous_1)
FN:31,(anonymous_2)
FN:39,(anonymous_3)
FN:47,(anonymous_4)
FN:76,(anonymous_5)
FN:94,(anonymous_6)
FN:112,(anonymous_7)
FN:118,(anonymous_8)
FN:124,(anonymous_9)
FNF:9
FNH:0
FNDA:0,(anonymous_1)
FNDA:0,(anonymous_2)
FNDA:0,(anonymous_3)
FNDA:0,(anonymous_4)
FNDA:0,(anonymous_5)
FNDA:0,(anonymous_6)
FNDA:0,(anonymous_7)
FNDA:0,(anonymous_8)
FNDA:0,(anonymous_9)
DA:2,1
DA:4,1
DA:6,1
DA:8,1
DA:11,1
DA:14,1
DA:20,0
DA:27,0
DA:33,0
DA:35,0
DA:41,0
DA:60,0
DA:70,0
DA:72,0
DA:78,0
DA:80,0
DA:83,0
DA:85,0
DA:87,0
DA:90,0
DA:96,0
DA:98,0
DA:101,0
DA:103,0
DA:105,0
DA:108,0
DA:114,0
DA:120,0
DA:126,0
DA:128,0
DA:130,0
DA:133,0
LF:32
LH:6
BRDA:33,0,0,0
BRDA:33,0,1,0
BRDA:80,1,0,0
BRDA:80,1,1,0
BRDA:83,2,0,0
BRDA:83,2,1,0
BRDA:98,3,0,0
BRDA:98,3,1,0
BRDA:101,4,0,0
BRDA:101,4,1,0
BRDA:128,5,0,0
BRDA:128,5,1,0
BRF:12
BRH:0
end_of_record
TN:
SF:src\repositories\broadcastlog.repository.ts
FN:9,(anonymous_1)
FN:35,(anonymous_2)
FNF:2
FNH:0
FNDA:0,(anonymous_1)
FNDA:0,(anonymous_2)
DA:2,1
DA:4,1
DA:7,1
DA:20,0
DA:31,0
DA:37,0
LF:6
LH:3
BRDA:35,0,0,0
BRF:1
BRH:0
end_of_record
TN:
SF:src\repositories\message.repository.ts
FN:9,(anonymous_1)
FN:34,(anonymous_2)
FN:53,(anonymous_3)
FN:73,(anonymous_4)
FN:92,(anonymous_5)
FN:98,(anonymous_6)
FN:104,(anonymous_7)
FN:110,(anonymous_8)
FN:116,(anonymous_9)
FNF:9
FNH:0
FNDA:0,(anonymous_1)
FNDA:0,(anonymous_2)
FNDA:0,(anonymous_3)
FNDA:0,(anonymous_4)
FNDA:0,(anonymous_5)
FNDA:0,(anonymous_6)
FNDA:0,(anonymous_7)
FNDA:0,(anonymous_8)
FNDA:0,(anonymous_9)
DA:2,2
DA:4,2
DA:7,2
DA:26,0
DA:28,0
DA:30,0
DA:43,0
DA:45,0
DA:47,0
DA:49,0
DA:55,0
DA:75,0
DA:94,0
DA:100,0
DA:106,0
DA:112,0
DA:125,0
LF:17
LH:3
BRDA:45,0,0,0
BRDA:45,0,1,0
BRDA:47,1,0,0
BRDA:47,1,1,0
BRDA:120,2,0,0
BRDA:122,3,0,0
BRF:6
BRH:0
end_of_record
TN:
SF:src\repositories\notification.repository.ts
FN:9,(anonymous_1)
FN:19,(anonymous_2)
FN:35,(anonymous_3)
FN:46,(anonymous_4)
FN:55,(anonymous_5)
FN:63,(anonymous_6)
FN:72,(anonymous_7)
FNF:7
FNH:0
FNDA:0,(anonymous_1)
FNDA:0,(anonymous_2)
FNDA:0,(anonymous_3)
FNDA:0,(anonymous_4)
FNDA:0,(anonymous_5)
FNDA:0,(anonymous_6)
FNDA:0,(anonymous_7)
DA:2,2
DA:4,2
DA:7,2
DA:11,0
DA:26,0
DA:37,0
DA:51,0
DA:57,0
DA:59,0
DA:65,0
DA:74,0
LF:11
LH:3
BRDA:9,0,0,0
BRF:1
BRH:0
end_of_record
TN:
SF:src\repositories\post.repository.ts
FN:18,(anonymous_0)
FN:40,(anonymous_1)
FN:46,(anonymous_2)
FN:58,(anonymous_3)
FN:66,(anonymous_4)
FN:103,(anonymous_5)
FN:121,(anonymous_6)
FN:139,(anonymous_7)
FN:165,(anonymous_8)
FN:172,(anonymous_9)
FN:187,(anonymous_10)
FN:193,(anonymous_11)
FN:199,(anonymous_12)
FNF:13
FNH:0
FNDA:0,(anonymous_0)
FNDA:0,(anonymous_1)
FNDA:0,(anonymous_2)
FNDA:0,(anonymous_3)
FNDA:0,(anonymous_4)
FNDA:0,(anonymous_5)
FNDA:0,(anonymous_6)
FNDA:0,(anonymous_7)
FNDA:0,(anonymous_8)
FNDA:0,(anonymous_9)
FNDA:0,(anonymous_10)
FNDA:0,(anonymous_11)
FNDA:0,(anonymous_12)
DA:4,3
DA:6,3
DA:8,3
DA:11,3
DA:14,3
DA:20,0
DA:24,0
DA:29,0
DA:36,0
DA:42,0
DA:48,0
DA:60,0
DA:83,0
DA:97,0
DA:99,0
DA:105,0
DA:107,0
DA:110,0
DA:112,0
DA:114,0
DA:117,0
DA:123,0
DA:125,0
DA:128,0
DA:130,0
DA:132,0
DA:135,0
DA:151,0
DA:153,0
DA:156,0
DA:158,0
DA:161,0
DA:167,0
DA:169,0
DA:172,0
DA:174,0
DA:177,0
DA:179,0
DA:183,0
DA:189,0
DA:195,0
DA:201,0
DA:203,0
DA:205,0
DA:208,0
LF:45
LH:5
BRDA:18,0,0,0
BRDA:20,1,0,0
BRDA:20,1,1,0
BRDA:24,2,0,0
BRDA:24,2,1,0
BRDA:107,3,0,0
BRDA:107,3,1,0
BRDA:110,4,0,0
BRDA:110,4,1,0
BRDA:125,5,0,0
BRDA:125,5,1,0
BRDA:128,6,0,0
BRDA:128,6,1,0
BRDA:153,7,0,0
BRDA:153,7,1,0
BRDA:169,8,0,0
BRDA:169,8,1,0
BRDA:174,9,0,0
BRDA:174,9,1,0
BRDA:187,10,0,0
BRDA:203,11,0,0
BRDA:203,11,1,0
BRF:22
BRH:0
end_of_record
TN:
SF:src\repositories\product.repository.ts
FN:9,(anonymous_1)
FN:17,(anonymous_2)
FN:23,(anonymous_3)
FN:29,(anonymous_4)
FN:35,(anonymous_5)
FN:48,(anonymous_6)
FN:54,(anonymous_7)
FN:60,(anonymous_8)
FN:66,(anonymous_9)
FN:72,(anonymous_10)
FN:80,(anonymous_11)
FN:95,(anonymous_12)
FN:115,(anonymous_13)
FN:157,(anonymous_14)
FNF:14
FNH:0
FNDA:0,(anonymous_1)
FNDA:0,(anonymous_2)
FNDA:0,(anonymous_3)
FNDA:0,(anonymous_4)
FNDA:0,(anonymous_5)
FNDA:0,(anonymous_6)
FNDA:0,(anonymous_7)
FNDA:0,(anonymous_8)
FNDA:0,(anonymous_9)
FNDA:0,(anonymous_10)
FNDA:0,(anonymous_11)
FNDA:0,(anonymous_12)
FNDA:0,(anonymous_13)
FNDA:0,(anonymous_14)
DA:2,8
DA:4,8
DA:7,8
DA:11,0
DA:13,0
DA:19,0
DA:25,0
DA:31,0
DA:44,0
DA:50,0
DA:56,0
DA:62,0
DA:68,0
DA:74,0
DA:76,0
DA:89,0
DA:91,0
DA:97,0
DA:103,0
DA:115,0
DA:153,0
DA:159,0
LF:22
LH:3
BRDA:11,0,0,0
BRDA:11,0,1,0
BRDA:39,1,0,0
BRDA:41,2,0,0
BRDA:48,3,0,0
BRDA:86,4,0,0
BRDA:89,5,0,0
BRDA:89,5,1,0
BRDA:147,6,0,0
BRDA:147,6,1,0
BRDA:149,7,0,0
BRDA:149,7,1,0
BRF:12
BRH:0
end_of_record
TN:
SF:src\repositories\recipe.repository.ts
FN:19,(anonymous_0)
FN:49,(anonymous_1)
FN:58,(anonymous_2)
FN:68,(anonymous_3)
FN:75,(anonymous_4)
FN:120,(anonymous_5)
FN:151,(anonymous_6)
FN:169,(anonymous_7)
FN:187,(anonymous_8)
FN:193,(anonymous_9)
FN:199,(anonymous_10)
FNF:11
FNH:0
FNDA:0,(anonymous_0)
FNDA:0,(anonymous_1)
FNDA:0,(anonymous_2)
FNDA:0,(anonymous_3)
FNDA:0,(anonymous_4)
FNDA:0,(anonymous_5)
FNDA:0,(anonymous_6)
FNDA:0,(anonymous_7)
FNDA:0,(anonymous_8)
FNDA:0,(anonymous_9)
FNDA:0,(anonymous_10)
DA:2,1
DA:4,1
DA:6,1
DA:9,1
DA:16,1
DA:21,0
DA:25,0
DA:30,0
DA:45,0
DA:51,0
DA:60,0
DA:70,0
DA:98,0
DA:114,0
DA:116,0
DA:137,0
DA:139,0
DA:142,0
DA:144,0
DA:147,0
DA:153,0
DA:155,0
DA:158,0
DA:160,0
DA:162,0
DA:165,0
DA:171,0
DA:173,0
DA:176,0
DA:178,0
DA:180,0
DA:183,0
DA:189,0
DA:195,0
DA:201,0
DA:203,0
DA:205,0
DA:208,0
LF:38
LH:5
BRDA:19,0,0,0
BRDA:21,1,0,0
BRDA:21,1,1,0
BRDA:25,2,0,0
BRDA:25,2,1,0
BRDA:139,3,0,0
BRDA:139,3,1,0
BRDA:155,4,0,0
BRDA:155,4,1,0
BRDA:158,5,0,0
BRDA:158,5,1,0
BRDA:173,6,0,0
BRDA:173,6,1,0
BRDA:176,7,0,0
BRDA:176,7,1,0
BRDA:187,8,0,0
BRDA:203,9,0,0
BRDA:203,9,1,0
BRF:18
BRH:0
end_of_record
TN:
SF:src\repositories\report.repository.ts
FN:9,(anonymous_1)
FN:23,(anonymous_2)
FN:32,(anonymous_3)
FN:63,(anonymous_4)
FN:69,(anonymous_5)
FN:88,(anonymous_6)
FN:96,(anonymous_7)
FNF:7
FNH:0
FNDA:0,(anonymous_1)
FNDA:0,(anonymous_2)
FNDA:0,(anonymous_3)
FNDA:0,(anonymous_4)
FNDA:0,(anonymous_5)
FNDA:0,(anonymous_6)
FNDA:0,(anonymous_7)
DA:2,3
DA:4,3
DA:7,3
DA:16,0
DA:28,0
DA:41,0
DA:65,0
DA:78,0
DA:84,0
DA:90,0
DA:98,0
LF:11
LH:3
BRF:0
BRH:0
end_of_record
TN:
SF:src\repositories\review.repository.ts
FN:9,(anonymous_0)
FN:29,(anonymous_1)
FN:40,(anonymous_2)
FN:46,(anonymous_3)
FN:52,(anonymous_4)
FN:58,(anonymous_5)
FN:64,(anonymous_6)
FN:87,(anonymous_7)
FNF:8
FNH:0
FNDA:0,(anonymous_0)
FNDA:0,(anonymous_1)
FNDA:0,(anonymous_2)
FNDA:0,(anonymous_3)
FNDA:0,(anonymous_4)
FNDA:0,(anonymous_5)
FNDA:0,(anonymous_6)
FNDA:0,(anonymous_7)
DA:2,4
DA:4,4
DA:7,4
DA:18,0
DA:36,0
DA:42,0
DA:48,0
DA:54,0
DA:60,0
DA:79,0
DA:81,0
DA:83,0
DA:89,0
DA:106,0
LF:14
LH:3
BRF:0
BRH:0
end_of_record
TN:
SF:src\repositories\user.repository.ts
FN:16,(anonymous_1)
FN:38,(anonymous_2)
FN:46,(anonymous_3)
FN:67,(anonymous_4)
FN:79,(anonymous_5)
FN:85,(anonymous_6)
FN:91,(anonymous_7)
FN:97,(anonymous_8)
FN:107,(anonymous_9)
FN:129,(anonymous_10)
FN:137,(anonymous_11)
FN:168,(anonymous_12)
FN:182,(anonymous_13)
FN:196,(anonymous_14)
FN:208,(anonymous_15)
FN:222,(anonymous_16)
FN:236,(anonymous_17)
FN:244,(anonymous_18)
FN:256,(anonymous_19)
FN:266,(anonymous_20)
FN:278,(anonymous_21)
FN:290,(anonymous_22)
FN:302,(anonymous_23)
FN:308,(anonymous_24)
FNF:24
FNH:0
FNDA:0,(anonymous_1)
FNDA:0,(anonymous_2)
FNDA:0,(anonymous_3)
FNDA:0,(anonymous_4)
FNDA:0,(anonymous_5)
FNDA:0,(anonymous_6)
FNDA:0,(anonymous_7)
FNDA:0,(anonymous_8)
FNDA:0,(anonymous_9)
FNDA:0,(anonymous_10)
FNDA:0,(anonymous_11)
FNDA:0,(anonymous_12)
FNDA:0,(anonymous_13)
FNDA:0,(anonymous_14)
FNDA:0,(anonymous_15)
FNDA:0,(anonymous_16)
FNDA:0,(anonymous_17)
FNDA:0,(anonymous_18)
FNDA:0,(anonymous_19)
FNDA:0,(anonymous_20)
FNDA:0,(anonymous_21)
FNDA:0,(anonymous_22)
FNDA:0,(anonymous_23)
FNDA:0,(anonymous_24)
DA:2,13
DA:4,13
DA:6,13
DA:8,13
DA:11,13
DA:14,13
DA:18,0
DA:20,0
DA:22,0
DA:23,0
DA:40,0
DA:42,0
DA:48,0
DA:50,0
DA:52,0
DA:53,0
DA:69,0
DA:71,0
DA:81,0
DA:87,0
DA:93,0
DA:99,0
DA:101,0
DA:103,0
DA:109,0
DA:123,0
DA:125,0
DA:131,0
DA:133,0
DA:149,0
DA:151,0
DA:154,0
DA:160,0
DA:161,0
DA:164,0
DA:170,0
DA:172,0
DA:174,0
DA:176,0
DA:178,0
DA:184,0
DA:186,0
DA:188,0
DA:190,0
DA:192,0
DA:198,0
DA:200,0
DA:202,0
DA:204,0
DA:210,0
DA:212,0
DA:214,0
DA:216,0
DA:218,0
DA:224,0
DA:226,0
DA:228,0
DA:230,0
DA:232,0
DA:238,0
DA:240,0
DA:246,0
DA:248,0
DA:250,0
DA:252,0
DA:258,0
DA:260,0
DA:262,0
DA:268,0
DA:270,0
DA:272,0
DA:274,0
DA:280,0
DA:282,0
DA:284,0
DA:286,0
DA:292,0
DA:294,0
DA:296,0
DA:298,0
DA:304,0
DA:310,0
LF:82
LH:6
BRDA:20,0,0,0
BRDA:20,0,1,0
BRDA:33,1,0,0
BRDA:33,1,1,0
BRDA:40,2,0,0
BRDA:40,2,1,0
BRDA:50,3,0,0
BRDA:50,3,1,0
BRDA:62,4,0,0
BRDA:62,4,1,0
BRDA:69,5,0,0
BRDA:69,5,1,0
BRDA:91,6,0,0
BRDA:91,7,0,0
BRDA:91,8,0,0
BRDA:99,9,0,0
BRDA:99,9,1,0
BRDA:133,10,0,0
BRDA:133,10,1,0
BRDA:151,11,0,0
BRDA:151,11,1,0
BRDA:155,12,0,0
BRDA:155,12,1,0
BRDA:156,13,0,0
BRDA:156,13,1,0
BRDA:157,14,0,0
BRDA:157,14,1,0
BRDA:157,14,2,0
BRDA:160,15,0,0
BRDA:160,15,1,0
BRDA:172,16,0,0
BRDA:172,16,1,0
BRDA:186,17,0,0
BRDA:186,17,1,0
BRDA:200,18,0,0
BRDA:200,18,1,0
BRDA:212,19,0,0
BRDA:212,19,1,0
BRDA:226,20,0,0
BRDA:226,20,1,0
BRDA:240,21,0,0
BRDA:240,21,1,0
BRDA:248,22,0,0
BRDA:248,22,1,0
BRDA:260,23,0,0
BRDA:260,23,1,0
BRDA:270,24,0,0
BRDA:270,24,1,0
BRDA:282,25,0,0
BRDA:282,25,1,0
BRDA:294,26,0,0
BRDA:294,26,1,0
BRF:52
BRH:0
end_of_record
TN:
SF:src\services\admin.service.ts
FN:20,escapeRegExp
FN:28,(anonymous_1)
FN:153,(anonymous_2)
FN:158,(anonymous_3)
FN:183,(anonymous_4)
FN:208,(anonymous_5)
FN:216,(anonymous_6)
FN:220,(anonymous_7)
FN:235,(anonymous_8)
FN:251,(anonymous_9)
FN:267,(anonymous_10)
FN:291,(anonymous_11)
FN:315,(anonymous_12)
FN:320,(anonymous_13)
FN:323,(anonymous_14)
FN:345,(anonymous_15)
FNF:16
FNH:1
FNDA:0,escapeRegExp
FNDA:0,(anonymous_1)
FNDA:0,(anonymous_2)
FNDA:0,(anonymous_3)
FNDA:0,(anonymous_4)
FNDA:0,(anonymous_5)
FNDA:0,(anonymous_6)
FNDA:0,(anonymous_7)
FNDA:2,(anonymous_8)
FNDA:0,(anonymous_9)
FNDA:0,(anonymous_10)
FNDA:0,(anonymous_11)
FNDA:0,(anonymous_12)
FNDA:0,(anonymous_13)
FNDA:0,(anonymous_14)
FNDA:0,(anonymous_15)
DA:2,1
DA:4,1
DA:6,1
DA:8,1
DA:10,1
DA:12,1
DA:14,1
DA:17,1
DA:22,0
DA:26,1
DA:30,0
DA:32,0
DA:34,0
DA:49,0
DA:153,0
DA:158,0
DA:164,0
DA:185,0
DA:187,0
DA:189,0
DA:191,0
DA:198,0
DA:200,0
DA:208,0
DA:210,0
DA:215,0
DA:216,0
DA:220,0
DA:231,0
DA:237,2
DA:239,2
DA:242,1
DA:247,1
DA:253,0
DA:255,0
DA:258,0
DA:263,0
DA:274,0
DA:276,0
DA:277,0
DA:280,0
DA:282,0
DA:284,0
DA:291,0
DA:294,0
DA:301,0
DA:303,0
DA:314,0
DA:315,0
DA:318,0
DA:320,0
DA:323,0
DA:325,0
DA:326,0
DA:341,0
DA:347,0
LF:56
LH:13
BRDA:170,0,0,0
BRDA:170,0,1,0
BRDA:171,1,0,0
BRDA:171,1,1,0
BRDA:175,2,0,0
BRDA:175,2,1,0
BRDA:187,3,0,0
BRDA:187,3,1,0
BRDA:225,4,0,0
BRDA:225,4,1,0
BRDA:226,5,0,0
BRDA:226,5,1,0
BRDA:227,6,0,0
BRDA:227,6,1,0
BRDA:239,7,0,1
BRDA:239,7,1,1
BRDA:255,8,0,0
BRDA:255,8,1,0
BRDA:276,9,0,0
BRDA:276,9,1,0
BRDA:280,10,0,0
BRDA:280,10,1,0
BRDA:334,11,0,0
BRDA:334,11,1,0
BRDA:335,12,0,0
BRDA:335,12,1,0
BRDA:336,13,0,0
BRDA:336,13,1,0
BRF:28
BRH:2
end_of_record
TN:
SF:src\services\badge.service.ts
FN:13,updateUserBadges
FNF:1
FNH:1
FNDA:1,updateUserBadges
DA:2,2
DA:4,2
DA:6,2
DA:8,2
DA:10,2
DA:13,2
DA:14,1
DA:16,1
DA:18,1
DA:21,1
DA:26,1
DA:28,1
DA:32,1
DA:38,1
DA:40,1
DA:44,1
DA:57,1
DA:59,1
DA:61,1
DA:63,1
DA:67,1
DA:71,1
DA:73,1
DA:77,1
DA:81,1
DA:83,1
DA:87,1
DA:89,1
DA:92,0
DA:94,0
LF:30
LH:28
BRDA:26,0,0,1
BRDA:26,0,1,0
BRDA:38,1,0,1
BRDA:38,1,1,0
BRDA:57,2,0,1
BRDA:57,2,1,0
BRDA:59,3,0,1
BRDA:59,3,1,0
BRDA:61,4,0,1
BRDA:61,4,1,0
BRDA:61,5,0,1
BRDA:61,5,1,1
BRDA:71,6,0,1
BRDA:71,6,1,0
BRDA:81,7,0,1
BRDA:81,7,1,0
BRF:16
BRH:9
end_of_record
TN:
SF:src\services\boatLog.service.ts
FN:13,(anonymous_0)
FN:54,(anonymous_1)
FN:79,(anonymous_2)
FN:105,(anonymous_3)
FNF:4
FNH:1
FNDA:0,(anonymous_0)
FNDA:2,(anonymous_1)
FNDA:0,(anonymous_2)
FNDA:0,(anonymous_3)
DA:2,1
DA:4,1
DA:6,1
DA:8,1
DA:11,1
DA:15,0
DA:17,0
DA:19,0
DA:22,0
DA:24,0
DA:26,0
DA:28,0
DA:31,0
DA:36,0
DA:43,0
DA:56,2
DA:58,2
DA:61,2
DA:62,1
DA:69,1
DA:81,0
DA:83,0
DA:86,0
DA:87,0
DA:91,0
DA:93,0
DA:94,0
DA:97,0
DA:101,0
DA:107,0
DA:109,0
DA:112,0
DA:114,0
DA:118,0
LF:34
LH:10
BRDA:15,0,0,0
BRDA:15,0,1,0
BRDA:17,1,0,0
BRDA:17,1,1,0
BRDA:24,2,0,0
BRDA:24,2,1,0
BRDA:26,3,0,0
BRDA:26,3,1,0
BRDA:58,4,0,0
BRDA:58,4,1,2
BRDA:61,5,0,1
BRDA:61,5,1,1
BRDA:61,6,0,2
BRDA:61,6,1,2
BRDA:61,6,2,1
BRDA:72,7,0,1
BRDA:72,7,1,1
BRDA:74,8,0,1
BRDA:74,8,1,1
BRDA:83,9,0,0
BRDA:83,9,1,0
BRDA:91,10,0,0
BRDA:91,10,1,0
BRDA:101,11,0,0
BRDA:101,11,1,0
BRDA:109,12,0,0
BRDA:109,12,1,0
BRDA:112,13,0,0
BRDA:112,13,1,0
BRDA:112,14,0,0
BRDA:112,14,1,0
BRF:31
BRH:10
end_of_record
TN:
SF:src\services\favorite.service.ts
FN:13,(anonymous_1)
FN:20,(anonymous_2)
FN:36,(anonymous_3)
FN:49,(anonymous_4)
FNF:4
FNH:4
FNDA:2,(anonymous_1)
FNDA:1,(anonymous_2)
FNDA:4,(anonymous_3)
FNDA:1,(anonymous_4)
DA:2,1
DA:4,1
DA:6,1
DA:8,1
DA:11,1
DA:15,2
DA:17,2
DA:20,1
DA:38,4
DA:39,1
DA:43,3
DA:45,3
DA:48,3
DA:49,1
DA:53,3
DA:55,2
DA:60,2
DA:62,1
DA:65,1
DA:67,1
DA:71,1
DA:73,1
LF:22
LH:22
BRDA:17,0,0,1
BRDA:17,0,1,1
BRDA:28,1,0,1
BRDA:28,1,1,0
BRDA:29,2,0,1
BRDA:29,2,1,0
BRDA:30,3,0,1
BRDA:30,3,1,0
BRDA:38,4,0,1
BRDA:38,4,1,3
BRDA:38,5,0,4
BRDA:38,5,1,4
BRDA:45,6,0,0
BRDA:45,6,1,3
BRDA:53,7,0,2
BRDA:53,7,1,1
BRDA:60,8,0,1
BRDA:60,8,1,1
BRF:18
BRH:14
end_of_record
TN:
SF:src\services\follow.service.ts
FN:11,(anonymous_1)
FNF:1
FNH:1
FNDA:4,(anonymous_1)
DA:2,2
DA:4,2
DA:6,2
DA:9,2
DA:13,4
DA:14,1
DA:17,3
DA:18,1
DA:22,2
DA:24,2
DA:27,2
DA:30,2
DA:32,1
DA:37,1
DA:39,0
DA:42,1
DA:44,1
DA:48,1
DA:50,1
LF:19
LH:18
BRDA:13,0,0,1
BRDA:13,0,1,3
BRDA:13,1,0,4
BRDA:13,1,1,4
BRDA:17,2,0,1
BRDA:17,2,1,2
BRDA:24,3,0,0
BRDA:24,3,1,2
BRDA:30,4,0,1
BRDA:30,4,1,1
BRDA:37,5,0,0
BRDA:37,5,1,1
BRF:12
BRH:10
end_of_record
TN:
SF:src\services\message.service.ts
FN:15,(anonymous_0)
FN:71,(anonymous_1)
FN:88,(anonymous_2)
FN:177,(anonymous_3)
FN:186,(anonymous_4)
FNF:5
FNH:1
FNDA:0,(anonymous_0)
FNDA:0,(anonymous_1)
FNDA:2,(anonymous_2)
FNDA:0,(anonymous_3)
FNDA:0,(anonymous_4)
DA:2,1
DA:4,1
DA:6,1
DA:8,1
DA:10,1
DA:13,1
DA:22,0
DA:25,0
DA:27,0
DA:29,0
DA:32,0
DA:34,0
DA:36,0
DA:37,0
DA:41,0
DA:47,0
DA:49,0
DA:50,0
DA:52,0
DA:54,0
DA:56,0
DA:64,0
DA:71,0
DA:91,2
DA:94,2
DA:95,1
DA:99,1
DA:100,0
DA:104,1
DA:112,1
DA:122,1
DA:124,1
DA:125,1
DA:127,0
DA:128,0
DA:130,0
DA:133,0
DA:135,0
DA:151,0
DA:154,0
DA:155,0
DA:156,0
DA:157,0
DA:160,0
DA:169,0
DA:173,1
DA:179,0
DA:186,0
DA:187,0
DA:189,0
DA:190,0
DA:191,0
DA:192,0
DA:193,0
DA:195,0
DA:200,0
LF:56
LH:16
BRDA:25,0,0,0
BRDA:25,0,1,0
BRDA:29,1,0,0
BRDA:29,1,1,0
BRDA:34,2,0,0
BRDA:34,2,1,0
BRDA:36,3,0,0
BRDA:36,3,1,0
BRDA:47,4,0,0
BRDA:47,4,1,0
BRDA:50,5,0,0
BRDA:50,5,1,0
BRDA:54,6,0,0
BRDA:54,6,1,0
BRDA:74,7,0,0
BRDA:74,7,1,0
BRDA:79,8,0,0
BRDA:79,8,1,0
BRDA:94,9,0,1
BRDA:94,9,1,1
BRDA:99,10,0,0
BRDA:99,10,1,1
BRDA:99,11,0,1
BRDA:99,11,1,0
BRDA:99,11,2,0
BRDA:104,12,0,1
BRDA:104,12,1,0
BRDA:117,13,0,1
BRDA:117,13,1,0
BRDA:118,14,0,1
BRDA:118,14,1,1
BRDA:119,15,0,1
BRDA:119,15,1,1
BRDA:125,16,0,0
BRDA:125,16,1,1
BRDA:128,17,0,0
BRDA:128,17,1,0
BRDA:143,18,0,0
BRDA:143,18,1,0
BRDA:155,19,0,0
BRDA:155,19,1,0
BRDA:156,20,0,0
BRDA:156,20,1,0
BRDA:157,21,0,0
BRDA:157,21,1,0
BRDA:177,22,0,0
BRDA:177,23,0,0
BRDA:189,24,0,0
BRDA:189,24,1,0
BRDA:190,25,0,0
BRDA:190,25,1,0
BRDA:192,26,0,0
BRDA:192,26,1,0
BRDA:201,27,0,0
BRDA:201,27,1,0
BRDA:202,28,0,0
BRDA:202,28,1,0
BRDA:203,29,0,0
BRDA:203,29,1,0
BRDA:204,30,0,0
BRDA:204,30,1,0
BRDA:205,31,0,0
BRDA:205,31,1,0
BRDA:206,32,0,0
BRDA:206,32,1,0
BRDA:210,33,0,0
BRDA:210,33,1,0
BRF:67
BRH:11
end_of_record
TN:
SF:src\services\notification.service.ts
FN:17,broadcastToUsers
FN:39,(anonymous_2)
FN:51,(anonymous_3)
FN:92,notifyFollowersNewProduct
FN:115,(anonymous_5)
FN:127,(anonymous_6)
FN:153,notifySellerNewReview
FNF:7
FNH:0
FNDA:0,broadcastToUsers
FNDA:0,(anonymous_2)
FNDA:0,(anonymous_3)
FNDA:0,notifyFollowersNewProduct
FNDA:0,(anonymous_5)
FNDA:0,(anonymous_6)
FNDA:0,notifySellerNewReview
DA:2,1
DA:6,1
DA:8,1
DA:10,1
DA:12,1
DA:14,1
DA:17,1
DA:25,0
DA:29,0
DA:32,0
DA:34,0
DA:37,0
DA:39,0
DA:47,0
DA:50,0
DA:51,0
DA:58,0
DA:60,0
DA:61,0
DA:62,0
DA:71,0
DA:79,0
DA:92,1
DA:98,0
DA:100,0
DA:107,0
DA:110,0
DA:112,0
DA:115,0
DA:123,0
DA:126,0
DA:127,0
DA:134,0
DA:135,0
DA:136,0
DA:146,0
DA:153,1
DA:171,0
DA:175,0
DA:178,0
DA:180,0
DA:189,0
DA:199,0
LF:43
LH:9
BRDA:29,0,0,0
BRDA:29,0,1,0
BRDA:37,1,0,0
BRDA:37,1,1,0
BRDA:107,2,0,0
BRDA:107,2,1,0
BRDA:176,3,0,0
BRDA:176,3,1,0
BRF:8
BRH:0
end_of_record
TN:
SF:src\services\post.service.ts
FN:15,(anonymous_0)
FN:62,(anonymous_1)
FN:72,(anonymous_2)
FN:98,(anonymous_3)
FN:104,(anonymous_4)
FN:130,(anonymous_5)
FN:154,(anonymous_6)
FN:170,(anonymous_7)
FN:183,(anonymous_8)
FNF:9
FNH:1
FNDA:0,(anonymous_0)
FNDA:0,(anonymous_1)
FNDA:2,(anonymous_2)
FNDA:0,(anonymous_3)
FNDA:0,(anonymous_4)
FNDA:0,(anonymous_5)
FNDA:0,(anonymous_6)
FNDA:0,(anonymous_7)
FNDA:0,(anonymous_8)
DA:2,1
DA:4,1
DA:6,1
DA:8,1
DA:10,1
DA:13,1
DA:22,0
DA:24,0
DA:26,0
DA:29,0
DA:31,0
DA:33,0
DA:36,0
DA:37,0
DA:41,0
DA:43,0
DA:51,0
DA:64,0
DA:66,0
DA:68,0
DA:82,2
DA:84,2
DA:87,1
DA:98,1
DA:100,1
DA:106,0
DA:108,0
DA:111,0
DA:112,0
DA:116,0
DA:118,0
DA:119,0
DA:122,0
DA:126,0
DA:132,0
DA:134,0
DA:137,0
DA:139,0
DA:142,0
DA:150,0
DA:156,0
DA:158,0
DA:161,0
DA:162,0
DA:166,0
DA:177,0
DA:179,0
DA:182,0
DA:183,0
DA:186,0
DA:189,0
DA:194,0
DA:198,0
DA:200,0
LF:54
LH:11
BRDA:22,0,0,0
BRDA:22,0,1,0
BRDA:24,1,0,0
BRDA:24,1,1,0
BRDA:31,2,0,0
BRDA:31,2,1,0
BRDA:36,3,0,0
BRDA:36,3,1,0
BRDA:36,4,0,0
BRDA:36,4,1,0
BRDA:66,5,0,0
BRDA:66,5,1,0
BRDA:84,6,0,1
BRDA:84,6,1,1
BRDA:90,7,0,1
BRDA:90,7,1,0
BRDA:93,8,0,1
BRDA:93,8,1,1
BRDA:94,9,0,1
BRDA:94,9,1,1
BRDA:108,10,0,0
BRDA:108,10,1,0
BRDA:116,11,0,0
BRDA:116,11,1,0
BRDA:126,12,0,0
BRDA:126,12,1,0
BRDA:134,13,0,0
BRDA:134,13,1,0
BRDA:139,14,0,0
BRDA:139,14,1,0
BRDA:145,15,0,0
BRDA:145,15,1,0
BRDA:150,16,0,0
BRDA:150,16,1,0
BRDA:158,17,0,0
BRDA:158,17,1,0
BRDA:161,18,0,0
BRDA:161,18,1,0
BRDA:161,19,0,0
BRDA:161,19,1,0
BRDA:179,20,0,0
BRDA:179,20,1,0
BRDA:186,21,0,0
BRDA:186,21,1,0
BRDA:189,22,0,0
BRDA:189,22,1,0
BRDA:190,23,0,0
BRDA:190,23,1,0
BRDA:190,23,2,0
BRDA:200,24,0,0
BRDA:200,24,1,0
BRF:51
BRH:7
end_of_record
TN:
SF:src\services\product.service.ts
FN:38,withTimeout
FN:42,(anonymous_2)
FN:43,(anonymous_3)
FN:49,redisGet
FN:59,redisSet
FN:76,redisIncr
FN:85,redisDel
FN:96,(anonymous_8)
FN:102,(anonymous_9)
FN:103,(anonymous_10)
FN:207,(anonymous_11)
FN:210,(anonymous_12)
FN:213,(anonymous_13)
FN:252,(anonymous_14)
FN:261,(anonymous_15)
FN:280,(anonymous_16)
FN:284,(anonymous_17)
FN:339,(anonymous_18)
FN:346,(anonymous_19)
FN:348,(anonymous_20)
FN:356,(anonymous_21)
FN:370,(anonymous_22)
FN:394,(anonymous_23)
FN:527,(anonymous_24)
FN:538,(anonymous_25)
FN:546,(anonymous_26)
FN:557,(anonymous_27)
FN:645,(anonymous_28)
FN:651,(anonymous_29)
FN:656,(anonymous_30)
FN:713,(anonymous_31)
FN:725,(anonymous_32)
FN:742,(anonymous_33)
FN:744,(anonymous_34)
FN:757,(anonymous_35)
FN:774,(anonymous_36)
FNF:36
FNH:15
FNDA:11,withTimeout
FNDA:11,(anonymous_2)
FNDA:0,(anonymous_3)
FNDA:6,redisGet
FNDA:2,redisSet
FNDA:2,redisIncr
FNDA:1,redisDel
FNDA:2,(anonymous_8)
FNDA:2,(anonymous_9)
FNDA:2,(anonymous_10)
FNDA:1,(anonymous_11)
FNDA:2,(anonymous_12)
FNDA:1,(anonymous_13)
FNDA:0,(anonymous_14)
FNDA:0,(anonymous_15)
FNDA:0,(anonymous_16)
FNDA:0,(anonymous_17)
FNDA:0,(anonymous_18)
FNDA:0,(anonymous_19)
FNDA:0,(anonymous_20)
FNDA:0,(anonymous_21)
FNDA:0,(anonymous_22)
FNDA:2,(anonymous_23)
FNDA:0,(anonymous_24)
FNDA:1,(anonymous_25)
FNDA:0,(anonymous_26)
FNDA:0,(anonymous_27)
FNDA:0,(anonymous_28)
FNDA:0,(anonymous_29)
FNDA:0,(anonymous_30)
FNDA:0,(anonymous_31)
FNDA:0,(anonymous_32)
FNDA:0,(anonymous_33)
FNDA:0,(anonymous_34)
FNDA:0,(anonymous_35)
FNDA:2,(anonymous_36)
DA:2,2
DA:4,2
DA:6,2
DA:8,2
DA:10,2
DA:12,2
DA:14,2
DA:16,2
DA:18,2
DA:20,2
DA:22,2
DA:24,2
DA:26,2
DA:28,2
DA:30,2
DA:32,2
DA:35,2
DA:39,11
DA:43,11
DA:50,6
DA:51,6
DA:53,0
DA:54,0
DA:65,2
DA:68,2
DA:69,2
DA:71,0
DA:77,2
DA:78,2
DA:80,0
DA:86,1
DA:87,1
DA:89,0
DA:94,2
DA:98,2
DA:101,2
DA:102,2
DA:103,2
DA:108,2
DA:115,2
DA:116,2
DA:117,2
DA:118,2
DA:119,2
DA:122,2
DA:128,2
DA:130,2
DA:133,2
DA:134,2
DA:135,2
DA:136,0
DA:137,0
DA:143,2
DA:145,2
DA:146,2
DA:147,2
DA:148,2
DA:149,2
DA:150,2
DA:152,2
DA:155,2
DA:156,2
DA:159,2
DA:162,2
DA:163,0
DA:166,2
DA:168,2
DA:171,2
DA:172,2
DA:175,2
DA:176,0
DA:177,0
DA:178,0
DA:182,2
DA:183,1
DA:184,1
DA:186,1
DA:187,1
DA:197,2
DA:199,2
DA:206,2
DA:207,1
DA:209,2
DA:210,2
DA:213,2
DA:214,1
DA:215,1
DA:247,2
DA:250,2
DA:251,2
DA:257,2
DA:263,0
DA:264,0
DA:268,0
DA:269,0
DA:272,0
DA:273,0
DA:274,0
DA:275,0
DA:278,0
DA:283,0
DA:284,0
DA:286,0
DA:289,0
DA:294,0
DA:301,0
DA:302,0
DA:309,0
DA:312,0
DA:339,0
DA:346,0
DA:347,0
DA:352,0
DA:358,0
DA:360,0
DA:366,0
DA:372,0
DA:373,0
DA:376,0
DA:377,0
DA:379,0
DA:382,0
DA:383,0
DA:386,0
DA:412,2
DA:415,2
DA:416,0
DA:423,2
DA:425,2
DA:428,2
DA:429,2
DA:430,2
DA:433,2
DA:435,1
DA:437,1
DA:438,0
DA:442,1
DA:444,1
DA:445,1
DA:453,1
DA:461,1
DA:463,1
DA:466,1
DA:468,0
DA:469,0
DA:472,0
DA:477,1
DA:485,1
DA:497,1
DA:499,1
DA:520,0
DA:521,0
DA:523,0
DA:527,1
DA:528,0
DA:533,1
DA:536,1
DA:539,1
DA:547,0
DA:553,1
DA:564,0
DA:565,0
DA:569,0
DA:571,0
DA:573,0
DA:574,0
DA:578,0
DA:582,0
DA:587,0
DA:588,0
DA:596,0
DA:598,0
DA:602,0
DA:607,0
DA:608,0
DA:616,0
DA:617,0
DA:618,0
DA:622,0
DA:623,0
DA:626,0
DA:627,0
DA:628,0
DA:634,0
DA:635,0
DA:636,0
DA:637,0
DA:638,0
DA:641,0
DA:642,0
DA:644,0
DA:645,0
DA:647,0
DA:649,0
DA:651,0
DA:652,0
DA:654,0
DA:657,0
DA:664,0
DA:665,0
DA:666,0
DA:667,0
DA:668,0
DA:669,0
DA:670,0
DA:671,0
DA:672,0
DA:677,0
DA:678,0
DA:679,0
DA:680,0
DA:681,0
DA:682,0
DA:683,0
DA:691,0
DA:692,0
DA:693,0
DA:694,0
DA:695,0
DA:696,0
DA:697,0
DA:705,0
DA:706,0
DA:707,0
DA:711,0
DA:713,0
DA:714,0
DA:720,0
DA:721,0
DA:727,0
DA:728,0
DA:732,0
DA:733,0
DA:735,0
DA:736,0
DA:739,0
DA:740,0
DA:742,0
DA:743,0
DA:744,0
DA:745,0
DA:753,0
DA:757,0
DA:758,0
DA:764,0
DA:765,0
DA:766,0
DA:769,0
DA:770,0
DA:776,2
DA:777,0
DA:781,2
DA:782,2
DA:784,2
DA:785,0
DA:788,2
DA:792,2
DA:805,2
DA:807,1
DA:814,1
DA:815,1
LF:261
LH:116
BRDA:68,0,0,2
BRDA:68,0,1,0
BRDA:68,1,0,2
BRDA:68,1,1,2
BRDA:102,2,0,2
BRDA:102,2,1,2
BRDA:103,3,0,2
BRDA:103,3,1,2
BRDA:108,4,0,1
BRDA:108,4,1,1
BRDA:110,5,0,1
BRDA:110,5,1,0
BRDA:116,6,0,2
BRDA:116,6,1,0
BRDA:118,7,0,2
BRDA:118,7,1,0
BRDA:130,8,0,2
BRDA:130,8,1,0
BRDA:133,9,0,2
BRDA:133,9,1,0
BRDA:135,10,0,0
BRDA:135,10,1,2
BRDA:143,11,0,2
BRDA:143,11,1,0
BRDA:145,12,0,0
BRDA:145,12,1,2
BRDA:146,13,0,0
BRDA:146,13,1,2
BRDA:147,14,0,2
BRDA:147,14,1,0
BRDA:148,15,0,2
BRDA:148,15,1,0
BRDA:149,16,0,0
BRDA:149,16,1,2
BRDA:150,17,0,0
BRDA:150,17,1,2
BRDA:152,18,0,0
BRDA:152,18,1,2
BRDA:162,19,0,0
BRDA:162,19,1,2
BRDA:162,20,0,2
BRDA:162,20,1,0
BRDA:166,21,0,2
BRDA:166,21,1,0
BRDA:166,22,0,2
BRDA:166,22,1,1
BRDA:168,23,0,0
BRDA:168,23,1,2
BRDA:168,24,0,2
BRDA:168,24,1,0
BRDA:175,25,0,0
BRDA:175,25,1,2
BRDA:175,26,0,2
BRDA:175,26,1,0
BRDA:182,27,0,1
BRDA:182,27,1,1
BRDA:182,28,0,2
BRDA:182,28,1,1
BRDA:182,28,2,1
BRDA:186,29,0,1
BRDA:186,29,1,0
BRDA:186,30,0,1
BRDA:186,30,1,1
BRDA:217,31,0,1
BRDA:217,31,1,0
BRDA:218,32,0,1
BRDA:218,32,1,0
BRDA:219,33,0,1
BRDA:219,33,1,0
BRDA:220,34,0,1
BRDA:220,34,1,0
BRDA:221,35,0,1
BRDA:221,35,1,0
BRDA:232,36,0,1
BRDA:232,36,1,0
BRDA:233,37,0,1
BRDA:233,37,1,0
BRDA:234,38,0,1
BRDA:234,38,1,1
BRDA:235,39,0,1
BRDA:235,39,1,1
BRDA:241,40,0,1
BRDA:241,40,1,1
BRDA:242,41,0,1
BRDA:242,41,1,1
BRDA:250,42,0,2
BRDA:250,42,1,0
BRDA:263,43,0,0
BRDA:263,43,1,0
BRDA:273,44,0,0
BRDA:273,44,1,0
BRDA:286,45,0,0
BRDA:286,45,1,0
BRDA:301,46,0,0
BRDA:301,46,1,0
BRDA:301,47,0,0
BRDA:301,47,1,0
BRDA:315,48,0,0
BRDA:315,48,1,0
BRDA:316,49,0,0
BRDA:316,49,1,0
BRDA:317,50,0,0
BRDA:317,50,1,0
BRDA:318,51,0,0
BRDA:318,51,1,0
BRDA:329,52,0,0
BRDA:329,52,1,0
BRDA:330,53,0,0
BRDA:330,53,1,0
BRDA:331,54,0,0
BRDA:331,54,1,0
BRDA:332,55,0,0
BRDA:332,55,1,0
BRDA:339,56,0,0
BRDA:339,56,1,0
BRDA:373,57,0,0
BRDA:373,57,1,0
BRDA:383,58,0,0
BRDA:383,58,1,0
BRDA:415,59,0,0
BRDA:415,59,1,2
BRDA:415,60,0,2
BRDA:415,60,1,2
BRDA:415,60,2,2
BRDA:425,61,0,0
BRDA:425,61,1,2
BRDA:433,62,0,1
BRDA:433,62,1,1
BRDA:433,63,0,2
BRDA:433,63,1,1
BRDA:437,64,0,0
BRDA:437,64,1,1
BRDA:442,65,0,1
BRDA:442,65,1,0
BRDA:453,66,0,0
BRDA:453,66,1,1
BRDA:461,67,0,1
BRDA:461,67,1,0
BRDA:463,68,0,1
BRDA:463,68,1,0
BRDA:466,69,0,0
BRDA:466,69,1,1
BRDA:466,70,0,1
BRDA:466,70,1,1
BRDA:468,71,0,0
BRDA:468,71,1,0
BRDA:468,72,0,0
BRDA:468,72,1,0
BRDA:477,73,0,1
BRDA:477,73,1,0
BRDA:477,74,0,1
BRDA:477,74,1,1
BRDA:479,75,0,1
BRDA:479,75,1,0
BRDA:480,76,0,1
BRDA:480,76,1,0
BRDA:485,77,0,0
BRDA:485,77,1,1
BRDA:485,78,0,1
BRDA:485,78,1,0
BRDA:487,79,0,0
BRDA:487,79,1,0
BRDA:490,80,0,0
BRDA:490,80,1,0
BRDA:506,81,0,1
BRDA:506,81,1,1
BRDA:512,82,0,0
BRDA:512,82,1,1
BRDA:513,83,0,1
BRDA:513,83,1,0
BRDA:514,84,0,0
BRDA:514,84,1,1
BRDA:520,85,0,0
BRDA:520,85,1,0
BRDA:520,86,0,0
BRDA:520,86,1,0
BRDA:541,87,0,1
BRDA:541,87,1,1
BRDA:564,88,0,0
BRDA:564,88,1,0
BRDA:571,89,0,0
BRDA:571,89,1,0
BRDA:573,90,0,0
BRDA:573,90,1,0
BRDA:573,91,0,0
BRDA:573,91,1,0
BRDA:578,92,0,0
BRDA:578,92,1,0
BRDA:582,93,0,0
BRDA:582,93,1,0
BRDA:587,94,0,0
BRDA:587,94,1,0
BRDA:596,95,0,0
BRDA:596,95,1,0
BRDA:598,96,0,0
BRDA:598,96,1,0
BRDA:602,97,0,0
BRDA:602,97,1,0
BRDA:607,98,0,0
BRDA:607,98,1,0
BRDA:607,99,0,0
BRDA:607,99,1,0
BRDA:607,99,2,0
BRDA:616,100,0,0
BRDA:616,100,1,0
BRDA:617,101,0,0
BRDA:617,101,1,0
BRDA:617,102,0,0
BRDA:617,102,1,0
BRDA:626,103,0,0
BRDA:626,103,1,0
BRDA:627,104,0,0
BRDA:627,104,1,0
BRDA:628,105,0,0
BRDA:628,105,1,0
BRDA:634,106,0,0
BRDA:634,106,1,0
BRDA:635,107,0,0
BRDA:635,107,1,0
BRDA:636,108,0,0
BRDA:636,108,1,0
BRDA:637,109,0,0
BRDA:637,109,1,0
BRDA:638,110,0,0
BRDA:638,110,1,0
BRDA:641,111,0,0
BRDA:641,111,1,0
BRDA:641,112,0,0
BRDA:641,112,1,0
BRDA:644,113,0,0
BRDA:644,113,1,0
BRDA:647,114,0,0
BRDA:647,114,1,0
BRDA:652,115,0,0
BRDA:652,115,1,0
BRDA:664,116,0,0
BRDA:664,116,1,0
BRDA:665,117,0,0
BRDA:665,117,1,0
BRDA:667,118,0,0
BRDA:667,118,1,0
BRDA:669,119,0,0
BRDA:669,119,1,0
BRDA:670,120,0,0
BRDA:670,120,1,0
BRDA:671,121,0,0
BRDA:671,121,1,0
BRDA:672,122,0,0
BRDA:672,122,1,0
BRDA:677,123,0,0
BRDA:677,123,1,0
BRDA:677,124,0,0
BRDA:677,124,1,0
BRDA:679,125,0,0
BRDA:679,125,1,0
BRDA:679,126,0,0
BRDA:679,126,1,0
BRDA:682,127,0,0
BRDA:682,127,1,0
BRDA:682,128,0,0
BRDA:682,128,1,0
BRDA:691,129,0,0
BRDA:691,129,1,0
BRDA:691,130,0,0
BRDA:691,130,1,0
BRDA:693,131,0,0
BRDA:693,131,1,0
BRDA:693,132,0,0
BRDA:693,132,1,0
BRDA:696,133,0,0
BRDA:696,133,1,0
BRDA:696,134,0,0
BRDA:696,134,1,0
BRDA:706,135,0,0
BRDA:706,135,1,0
BRDA:727,136,0,0
BRDA:727,136,1,0
BRDA:733,137,0,0
BRDA:733,137,1,0
BRDA:735,138,0,0
BRDA:735,138,1,0
BRDA:735,139,0,0
BRDA:735,139,1,0
BRDA:739,140,0,0
BRDA:739,140,1,0
BRDA:739,141,0,0
BRDA:739,141,1,0
BRDA:743,142,0,0
BRDA:743,142,1,0
BRDA:776,143,0,0
BRDA:776,143,1,2
BRDA:782,144,0,0
BRDA:782,144,1,2
BRDA:784,145,0,0
BRDA:784,145,1,2
BRDA:805,146,0,1
BRDA:805,146,1,1
BRF:297
BRH:92
end_of_record
TN:
SF:src\services\recipe.service.ts
FN:13,(anonymous_0)
FN:90,(anonymous_1)
FN:100,(anonymous_2)
FN:145,(anonymous_3)
FN:174,(anonymous_4)
FN:218,(anonymous_5)
FNF:6
FNH:1
FNDA:0,(anonymous_0)
FNDA:0,(anonymous_1)
FNDA:2,(anonymous_2)
FNDA:0,(anonymous_3)
FNDA:0,(anonymous_4)
FNDA:0,(anonymous_5)
DA:2,1
DA:4,1
DA:6,1
DA:8,1
DA:11,1
DA:28,0
DA:30,0
DA:32,0
DA:35,0
DA:37,0
DA:39,0
DA:42,0
DA:47,0
DA:50,0
DA:52,0
DA:55,0
DA:57,0
DA:61,0
DA:63,0
DA:75,0
DA:92,0
DA:94,0
DA:96,0
DA:102,2
DA:104,2
DA:107,2
DA:109,1
DA:116,1
DA:147,0
DA:149,0
DA:152,0
DA:154,0
DA:159,0
DA:161,0
DA:163,0
DA:166,0
DA:170,0
DA:176,0
DA:178,0
DA:181,0
DA:183,0
DA:187,0
DA:189,0
DA:191,0
DA:193,0
DA:194,0
DA:198,0
DA:199,0
DA:203,0
DA:205,0
DA:207,0
DA:209,0
DA:211,0
DA:214,0
DA:220,0
DA:222,0
DA:225,0
DA:227,0
DA:231,0
LF:59
LH:10
BRDA:28,0,0,0
BRDA:28,0,1,0
BRDA:30,1,0,0
BRDA:30,1,1,0
BRDA:37,2,0,0
BRDA:37,2,1,0
BRDA:42,3,0,0
BRDA:42,3,1,0
BRDA:43,4,0,0
BRDA:43,4,1,0
BRDA:50,5,0,0
BRDA:50,5,1,0
BRDA:55,6,0,0
BRDA:55,6,1,0
BRDA:55,7,0,0
BRDA:55,7,1,0
BRDA:94,8,0,0
BRDA:94,8,1,0
BRDA:104,9,0,0
BRDA:104,9,1,2
BRDA:107,10,0,1
BRDA:107,10,1,1
BRDA:107,11,0,2
BRDA:107,11,1,2
BRDA:122,12,0,1
BRDA:122,12,1,0
BRDA:126,13,0,1
BRDA:126,13,1,0
BRDA:130,14,0,1
BRDA:130,14,1,1
BRDA:134,15,0,1
BRDA:134,15,1,1
BRDA:136,16,0,1
BRDA:136,16,1,1
BRDA:138,17,0,1
BRDA:138,17,1,1
BRDA:140,18,0,0
BRDA:140,18,1,1
BRDA:149,19,0,0
BRDA:149,19,1,0
BRDA:159,20,0,0
BRDA:159,20,1,0
BRDA:170,21,0,0
BRDA:170,21,1,0
BRDA:178,22,0,0
BRDA:178,22,1,0
BRDA:181,23,0,0
BRDA:181,23,1,0
BRDA:181,24,0,0
BRDA:181,24,1,0
BRDA:189,25,0,0
BRDA:189,25,1,0
BRDA:191,26,0,0
BRDA:191,26,1,0
BRDA:193,27,0,0
BRDA:193,27,1,0
BRDA:194,28,0,0
BRDA:194,28,1,0
BRDA:198,29,0,0
BRDA:198,29,1,0
BRDA:199,30,0,0
BRDA:199,30,1,0
BRDA:203,31,0,0
BRDA:203,31,1,0
BRDA:205,32,0,0
BRDA:205,32,1,0
BRDA:207,33,0,0
BRDA:207,33,1,0
BRDA:209,34,0,0
BRDA:209,34,1,0
BRDA:211,35,0,0
BRDA:211,35,1,0
BRDA:211,36,0,0
BRDA:211,36,1,0
BRDA:222,37,0,0
BRDA:222,37,1,0
BRDA:225,38,0,0
BRDA:225,38,1,0
BRDA:225,39,0,0
BRDA:225,39,1,0
BRF:80
BRH:16
end_of_record
TN:
SF:src\services\report.service.ts
FN:15,(anonymous_1)
FN:71,(anonymous_2)
FN:92,(anonymous_3)
FN:120,(anonymous_4)
FNF:4
FNH:1
FNDA:3,(anonymous_1)
FNDA:0,(anonymous_2)
FNDA:0,(anonymous_3)
FNDA:0,(anonymous_4)
DA:2,1
DA:4,1
DA:6,1
DA:8,1
DA:10,1
DA:13,1
DA:17,3
DA:19,1
DA:23,2
DA:30,2
DA:32,1
DA:36,1
DA:38,0
DA:42,1
DA:49,1
DA:51,0
DA:55,1
DA:60,1
DA:80,0
DA:82,0
DA:92,0
DA:116,0
DA:131,0
DA:133,0
DA:137,0
DA:139,0
DA:142,0
DA:145,0
DA:147,0
DA:158,0
DA:160,0
DA:162,0
LF:32
LH:16
BRDA:17,0,0,1
BRDA:17,0,1,2
BRDA:30,1,0,1
BRDA:30,1,1,1
BRDA:36,2,0,0
BRDA:36,2,1,1
BRDA:49,3,0,0
BRDA:49,3,1,1
BRDA:104,4,0,0
BRDA:104,4,1,0
BRDA:106,5,0,0
BRDA:106,5,1,0
BRDA:108,6,0,0
BRDA:108,6,1,0
BRDA:110,7,0,0
BRDA:110,7,1,0
BRDA:112,8,0,0
BRDA:112,8,1,0
BRDA:131,9,0,0
BRDA:131,9,1,0
BRDA:139,10,0,0
BRDA:139,10,1,0
BRDA:142,11,0,0
BRDA:142,11,1,0
BRDA:145,12,0,0
BRDA:145,12,1,0
BRDA:145,13,0,0
BRDA:145,13,1,0
BRDA:160,14,0,0
BRDA:160,14,1,0
BRF:30
BRH:6
end_of_record
TN:
SF:src\services\review.service.ts
FN:17,(anonymous_0)
FN:97,(anonymous_1)
FN:99,(anonymous_2)
FN:131,(anonymous_3)
FN:143,(anonymous_4)
FNF:5
FNH:1
FNDA:4,(anonymous_0)
FNDA:0,(anonymous_1)
FNDA:0,(anonymous_2)
FNDA:0,(anonymous_3)
FNDA:0,(anonymous_4)
DA:2,1
DA:4,1
DA:6,1
DA:8,1
DA:10,1
DA:12,1
DA:15,1
DA:19,4
DA:21,4
DA:24,4
DA:26,1
DA:30,3
DA:39,3
DA:41,1
DA:48,2
DA:55,2
DA:57,1
DA:61,1
DA:63,1
DA:65,0
DA:67,0
DA:69,0
DA:73,1
DA:81,1
DA:97,1
DA:99,1
DA:102,1
DA:104,1
DA:107,1
DA:127,1
DA:133,0
DA:143,0
DA:161,0
LF:33
LH:27
BRDA:24,0,0,1
BRDA:24,0,1,3
BRDA:39,1,0,1
BRDA:39,1,1,2
BRDA:55,2,0,1
BRDA:55,2,1,1
BRDA:61,3,0,1
BRDA:61,3,1,1
BRDA:63,4,0,0
BRDA:63,4,1,1
BRDA:73,5,0,1
BRDA:73,5,1,0
BRDA:113,6,0,1
BRDA:113,6,1,0
BRDA:117,7,0,1
BRDA:117,7,1,0
BRDA:123,8,0,1
BRDA:123,8,1,0
BRDA:155,9,0,0
BRDA:155,9,1,0
BRDA:157,10,0,0
BRDA:157,10,1,0
BRF:22
BRH:13
end_of_record
TN:
SF:src\services\user.service.ts
FN:13,(anonymous_0)
FN:75,(anonymous_1)
FN:160,(anonymous_2)
FN:196,(anonymous_3)
FNF:4
FNH:1
FNDA:2,(anonymous_0)
FNDA:0,(anonymous_1)
FNDA:0,(anonymous_2)
FNDA:0,(anonymous_3)
DA:2,1
DA:4,1
DA:6,1
DA:8,1
DA:11,1
DA:15,2
DA:17,2
DA:19,1
DA:23,1
DA:26,1
DA:43,1
DA:47,1
DA:50,1
DA:77,0
DA:82,0
DA:84,0
DA:88,0
DA:96,0
DA:113,0
DA:118,0
DA:120,0
DA:122,0
DA:124,0
DA:134,0
DA:149,0
DA:151,0
DA:153,0
DA:155,0
DA:160,0
DA:162,0
DA:164,0
DA:169,0
DA:172,0
DA:195,0
DA:198,0
DA:200,0
DA:201,0
DA:203,0
LF:38
LH:13
BRDA:17,0,0,1
BRDA:17,0,1,1
BRDA:17,1,0,2
BRDA:17,1,1,1
BRDA:23,2,0,1
BRDA:23,2,1,0
BRDA:43,3,0,1
BRDA:43,3,1,0
BRDA:47,4,0,1
BRDA:47,4,1,0
BRDA:58,5,0,1
BRDA:58,5,1,0
BRDA:82,6,0,0
BRDA:82,6,1,0
BRDA:82,7,0,0
BRDA:82,7,1,0
BRDA:120,8,0,0
BRDA:120,8,1,0
BRDA:122,9,0,0
BRDA:122,9,1,0
BRDA:128,10,0,0
BRDA:128,10,1,0
BRDA:153,11,0,0
BRDA:153,11,1,0
BRDA:155,12,0,0
BRDA:155,12,1,0
BRDA:164,13,0,0
BRDA:164,13,1,0
BRDA:169,14,0,0
BRDA:169,14,1,0
BRDA:178,15,0,0
BRDA:178,15,1,0
BRDA:184,16,0,0
BRDA:184,16,1,0
BRDA:198,17,0,0
BRDA:198,17,1,0
BRDA:200,18,0,0
BRDA:200,18,1,0
BRF:38
BRH:8
end_of_record
TN:
SF:src\shared\domain\AggregateRoot.ts
FN:9,(anonymous_0)
FN:14,(anonymous_1)
FN:20,(anonymous_2)
FN:28,(anonymous_3)
FNF:4
FNH:4
FNDA:18,(anonymous_0)
FNDA:7,(anonymous_1)
FNDA:2,(anonymous_2)
FNDA:1,(anonymous_3)
DA:2,24
DA:6,24
DA:9,24
DA:11,18
DA:16,7
DA:22,2
DA:24,2
DA:30,1
LF:8
LH:8
BRF:0
BRH:0
end_of_record
TN:
SF:src\shared\domain\Entity.ts
FN:12,(anonymous_1)
FN:20,(anonymous_2)
FN:26,(anonymous_3)
FNF:3
FNH:3
FNDA:24,(anonymous_1)
FNDA:15,(anonymous_2)
FNDA:2,(anonymous_3)
DA:2,24
DA:5,24
DA:14,24
DA:16,24
DA:22,15
DA:28,2
DA:30,0
DA:34,2
DA:36,0
DA:40,2
DA:42,0
DA:46,2
LF:12
LH:9
BRDA:14,0,0,4
BRDA:14,0,1,20
BRDA:28,1,0,0
BRDA:28,1,1,2
BRDA:28,2,0,2
BRDA:28,2,1,2
BRDA:34,3,0,0
BRDA:34,3,1,2
BRDA:40,4,0,0
BRDA:40,4,1,2
BRF:10
BRH:7
end_of_record
TN:
SF:src\shared\domain\ValueObject.ts
FN:7,(anonymous_0)
FN:13,(anonymous_1)
FNF:2
FNH:2
FNDA:5,(anonymous_0)
FNDA:2,(anonymous_1)
DA:2,2
DA:9,5
DA:15,2
DA:17,0
DA:20,2
DA:22,0
DA:25,2
LF:7
LH:5
BRDA:15,0,0,0
BRDA:15,0,1,2
BRDA:15,1,0,2
BRDA:15,1,1,2
BRDA:20,2,0,0
BRDA:20,2,1,2
BRF:6
BRH:4
end_of_record
TN:
SF:src\shared\domain\events\DomainEvents.ts
FN:17,(anonymous_0)
FN:32,(anonymous_1)
FN:51,(anonymous_2)
FN:70,(anonymous_3)
FN:79,(anonymous_4)
FN:85,(anonymous_5)
FN:87,(anonymous_6)
FN:91,(anonymous_7)
FN:93,(anonymous_8)
FN:102,(anonymous_9)
FN:120,(anonymous_10)
FNF:11
FNH:11
FNDA:2,(anonymous_0)
FNDA:1,(anonymous_1)
FNDA:1,(anonymous_2)
FNDA:1,(anonymous_3)
FNDA:1,(anonymous_4)
FNDA:1,(anonymous_5)
FNDA:1,(anonymous_6)
FNDA:1,(anonymous_7)
FNDA:1,(anonymous_8)
FNDA:3,(anonymous_9)
FNDA:1,(anonymous_10)
DA:7,24
DA:9,24
DA:11,24
DA:19,2
DA:22,2
DA:24,2
DA:34,1
DA:37,1
DA:39,1
DA:41,1
DA:43,1
DA:58,1
DA:60,1
DA:63,1
DA:72,1
DA:81,1
DA:87,1
DA:93,1
DA:95,1
DA:97,1
DA:104,3
DA:106,3
DA:108,1
DA:110,1
DA:112,1
DA:116,3
DA:122,1
DA:125,1
DA:127,1
DA:129,1
DA:130,1
DA:132,1
DA:135,0
LF:33
LH:32
BRDA:22,0,0,2
BRDA:22,0,1,0
BRDA:37,1,0,1
BRDA:37,1,1,0
BRDA:58,2,0,1
BRDA:58,2,1,0
BRDA:95,3,0,1
BRDA:95,3,1,0
BRDA:108,4,0,1
BRDA:108,4,1,0
BRDA:125,5,0,1
BRDA:125,5,1,0
BRF:12
BRH:6
end_of_record
TN:
SF:src\shared\domain\exceptions\DomainException.ts
FN:4,(anonymous_0)
FN:15,(anonymous_1)
FN:24,(anonymous_2)
FN:33,(anonymous_3)
FN:42,(anonymous_4)
FNF:5
FNH:2
FNDA:11,(anonymous_0)
FNDA:11,(anonymous_1)
FNDA:0,(anonymous_2)
FNDA:0,(anonymous_3)
FNDA:0,(anonymous_4)
DA:2,23
DA:6,11
DA:8,11
DA:13,23
DA:17,11
DA:22,23
DA:26,0
DA:31,23
DA:35,0
DA:40,23
DA:44,0
LF:11
LH:8
BRF:0
BRH:0
end_of_record
TN:
SF:src\utils\cloudinary.ts
FN:2,extractPublicId
FNF:1
FNH:0
FNDA:0,extractPublicId
DA:2,2
DA:4,0
DA:6,0
DA:8,0
DA:10,0
DA:12,0
DA:14,0
DA:17,0
DA:19,0
DA:21,0
DA:23,0
LF:11
LH:1
BRDA:6,0,0,0
BRDA:6,0,1,0
BRDA:12,1,0,0
BRDA:12,1,1,0
BRDA:21,2,0,0
BRDA:21,2,1,0
BRF:6
BRH:0
end_of_record
TN:
SF:src\utils\fillDays.ts
FN:10,fillDays
FN:14,(anonymous_1)
FNF:2
FNH:2
FNDA:2,fillDays
FNDA:2,(anonymous_1)
DA:10,2
DA:12,2
DA:14,2
DA:16,2
DA:18,2
DA:22,2
DA:24,2
DA:26,14
DA:28,14
DA:32,14
DA:34,14
DA:36,14
DA:38,14
DA:41,14
DA:49,2
LF:15
LH:15
BRDA:18,0,0,2
BRDA:18,0,1,0
BRDA:45,1,0,14
BRDA:45,1,1,12
BRF:4
BRH:3
end_of_record
TN:
SF:src\utils\haversine.ts
FN:10,haversineKm
FN:23,(anonymous_1)
FNF:2
FNH:2
FNDA:2,haversineKm
FNDA:8,(anonymous_1)
DA:7,3
DA:10,3
DA:21,2
DA:23,8
DA:25,2
DA:27,2
DA:31,2
DA:35,2
LF:8
LH:8
BRF:0
BRH:0
end_of_record
TN:
SF:src\utils\logger.ts
FN:12,(anonymous_1)
FNF:1
FNH:0
FNDA:0,(anonymous_1)
DA:2,2
DA:4,2
DA:7,2
DA:10,2
DA:14,0
DA:16,0
DA:18,0
DA:21,0
DA:26,2
LF:9
LH:5
BRDA:16,0,0,0
BRDA:16,0,1,0
BRDA:28,1,0,2
BRDA:28,1,1,2
BRF:4
BRH:2
end_of_record
TN:
SF:src\utils\pagination.ts
FN:28,parsePagination
FN:54,paginatedResponse
FNF:2
FNH:2
FNDA:2,parsePagination
FNDA:2,paginatedResponse
DA:28,2
DA:37,2
DA:39,2
DA:42,2
DA:44,2
DA:47,2
DA:54,2
DA:65,2
LF:8
LH:8
BRDA:34,0,0,2
BRDA:37,1,0,2
BRDA:37,1,1,2
BRDA:39,2,0,0
BRDA:39,2,1,2
BRDA:42,3,0,2
BRDA:42,3,1,2
BRDA:44,4,0,0
BRDA:44,4,1,2
BRF:9
BRH:7
end_of_record
