TN:
SF:src\app.ts
FN:99,(anonymous_10)
FN:120,(anonymous_11)
FN:124,(anonymous_12)
FN:200,(anonymous_13)
FN:220,(anonymous_14)
FN:234,(anonymous_15)
FN:246,(anonymous_16)
FN:252,(anonymous_17)
FN:294,(anonymous_18)
FN:302,(anonymous_19)
FN:312,(anonymous_20)
FN:325,bootstrap
FN:329,(anonymous_22)
FN:358,(anonymous_23)
FN:368,gracefulShutdown
FN:375,(anonymous_25)
FN:399,(anonymous_26)
FN:407,(anonymous_27)
FN:409,(anonymous_28)
FN:412,(anonymous_29)
FNF:20
FNH:2
FNDA:0,(anonymous_10)
FNDA:0,(anonymous_11)
FNDA:0,(anonymous_12)
FNDA:0,(anonymous_13)
FNDA:0,(anonymous_14)
FNDA:0,(anonymous_15)
FNDA:0,(anonymous_16)
FNDA:0,(anonymous_17)
FNDA:0,(anonymous_18)
FNDA:0,(anonymous_19)
FNDA:0,(anonymous_20)
FNDA:1,bootstrap
FNDA:3,(anonymous_22)
FNDA:0,(anonymous_23)
FNDA:0,gracefulShutdown
FNDA:0,(anonymous_25)
FNDA:0,(anonymous_26)
FNDA:0,(anonymous_27)
FNDA:0,(anonymous_28)
FNDA:0,(anonymous_29)
DA:2,1
DA:4,1
DA:6,1
DA:8,1
DA:10,1
DA:12,1
DA:14,1
DA:16,1
DA:18,1
DA:19,1
DA:24,1
DA:27,1
DA:29,1
DA:31,1
DA:33,1
DA:35,1
DA:37,1
DA:38,1
DA:40,1
DA:43,1
DA:45,1
DA:47,1
DA:49,1
DA:51,1
DA:53,1
DA:55,1
DA:57,1
DA:59,1
DA:61,1
DA:63,1
DA:65,1
DA:67,1
DA:69,1
DA:71,1
DA:73,1
DA:74,1
DA:77,1
DA:79,1
DA:82,1
DA:85,1
DA:97,1
DA:100,0
DA:101,0
DA:103,0
DA:111,1
DA:113,1
DA:115,1
DA:117,1
DA:120,1
DA:122,0
DA:124,0
DA:126,0
DA:128,0
DA:133,0
DA:137,1
DA:142,1
DA:158,1
DA:172,1
DA:186,1
DA:200,0
DA:206,1
DA:208,1
DA:211,1
DA:214,1
DA:217,1
DA:220,1
DA:222,0
DA:232,0
DA:234,0
DA:237,0
DA:239,0
DA:242,0
DA:246,1
DA:247,0
DA:252,1
DA:253,0
DA:257,1
DA:259,1
DA:261,1
DA:263,1
DA:265,1
DA:267,1
DA:269,1
DA:271,1
DA:273,1
DA:275,1
DA:277,1
DA:279,1
DA:281,1
DA:283,1
DA:285,1
DA:287,1
DA:289,1
DA:291,1
DA:294,1
DA:295,0
DA:299,1
DA:302,1
DA:304,0
DA:308,0
DA:312,1
DA:314,0
DA:320,1
DA:327,1
DA:329,3
DA:331,1
DA:333,0
DA:336,0
DA:340,1
DA:341,0
DA:345,1
DA:348,1
DA:350,0
DA:353,0
DA:355,0
DA:358,0
DA:360,0
DA:361,0
DA:362,0
DA:363,0
DA:370,0
DA:373,0
DA:375,0
DA:377,0
DA:378,0
DA:380,0
DA:382,0
DA:383,0
DA:385,0
DA:386,0
DA:387,0
DA:389,0
DA:392,0
DA:393,0
DA:399,0
DA:401,0
DA:402,0
DA:407,1
DA:409,1
DA:412,1
DA:414,0
DA:417,0
DA:421,1
LF:143
LH:92
BRDA:100,0,0,0
BRDA:100,0,1,0
BRDA:237,1,0,0
BRDA:237,1,1,0
BRDA:239,2,0,0
BRDA:239,2,1,0
BRDA:320,3,0,1
BRDA:320,3,1,0
BRDA:331,4,0,0
BRDA:331,4,1,1
BRDA:340,5,0,0
BRDA:340,5,1,1
BRDA:373,6,0,0
BRDA:373,6,1,0
BRF:14
BRH:3
end_of_record
TN:
SF:src\cron.ts
FN:11,startCronJobs
FN:13,(anonymous_2)
FN:94,(anonymous_3)
FNF:3
FNH:0
FNDA:0,startCronJobs
FNDA:0,(anonymous_2)
FNDA:0,(anonymous_3)
DA:2,2
DA:4,2
DA:6,2
DA:8,2
DA:11,2
DA:13,0
DA:15,0
DA:17,0
DA:20,0
DA:22,0
DA:24,0
DA:27,0
DA:41,0
DA:43,0
DA:46,0
DA:50,0
DA:55,0
DA:57,0
DA:59,0
DA:76,0
DA:78,0
DA:82,0
DA:86,0
DA:91,0
DA:94,0
DA:96,0
DA:100,0
LF:27
LH:5
BRDA:41,0,0,0
BRDA:41,0,1,0
BRDA:76,1,0,0
BRDA:76,1,1,0
BRF:4
BRH:0
end_of_record
TN:
SF:src\db.ts
FN:11,(anonymous_1)
FN:249,(anonymous_2)
FN:273,(anonymous_3)
FNF:3
FNH:1
FNDA:0,(anonymous_1)
FNDA:1,(anonymous_2)
FNDA:0,(anonymous_3)
DA:2,2
DA:4,2
DA:5,2
DA:6,2
DA:7,2
DA:8,2
DA:9,2
DA:11,2
DA:12,0
DA:13,0
DA:14,0
DA:18,0
DA:19,0
DA:20,0
DA:21,0
DA:24,0
DA:25,0
DA:28,0
DA:37,0
DA:47,0
DA:57,0
DA:67,0
DA:77,0
DA:86,0
DA:96,0
DA:164,0
DA:207,0
DA:242,0
DA:244,0
DA:249,2
DA:252,1
DA:254,1
DA:256,1
DA:261,0
DA:264,0
DA:267,0
DA:269,0
DA:271,0
DA:273,0
DA:275,0
DA:277,0
DA:279,0
DA:283,0
DA:287,0
DA:289,0
LF:45
LH:12
BRDA:14,0,0,0
BRDA:14,0,1,0
BRDA:20,1,0,0
BRDA:20,1,1,0
BRDA:21,2,0,0
BRDA:21,2,1,0
BRDA:252,3,0,1
BRDA:252,3,1,0
BRDA:275,4,0,0
BRDA:275,4,1,0
BRF:10
BRH:1
end_of_record
TN:
SF:src\socket.ts
FN:44,getTokenFromCookie
FN:56,initSocket
FN:61,(anonymous_3)
FN:82,(anonymous_4)
FN:84,(anonymous_5)
FN:96,(anonymous_6)
FN:142,(anonymous_7)
FN:147,(anonymous_8)
FN:183,(anonymous_9)
FN:204,(anonymous_10)
FN:391,getIO
FN:399,closeSocketRedisClients
FN:406,(anonymous_13)
FN:410,(anonymous_14)
FNF:14
FNH:1
FNDA:0,getTokenFromCookie
FNDA:0,initSocket
FNDA:0,(anonymous_3)
FNDA:0,(anonymous_4)
FNDA:0,(anonymous_5)
FNDA:0,(anonymous_6)
FNDA:0,(anonymous_7)
FNDA:0,(anonymous_8)
FNDA:0,(anonymous_9)
FNDA:0,(anonymous_10)
FNDA:1,getIO
FNDA:0,closeSocketRedisClients
FNDA:0,(anonymous_13)
FNDA:0,(anonymous_14)
DA:2,22
DA:6,22
DA:8,22
DA:10,22
DA:12,22
DA:14,22
DA:16,22
DA:18,22
DA:20,22
DA:21,22
DA:26,22
DA:46,0
DA:48,0
DA:50,0
DA:52,0
DA:56,22
DA:58,0
DA:62,0
DA:63,0
DA:65,0
DA:75,0
DA:77,0
DA:79,0
DA:82,0
DA:84,0
DA:87,0
DA:89,0
DA:92,0
DA:96,0
DA:98,0
DA:100,0
DA:102,0
DA:106,0
DA:108,0
DA:114,0
DA:116,0
DA:122,0
DA:124,0
DA:126,0
DA:132,0
DA:134,0
DA:137,0
DA:142,0
DA:144,0
DA:147,0
DA:150,0
DA:153,0
DA:156,0
DA:157,0
DA:159,0
DA:161,0
DA:163,0
DA:165,0
DA:168,0
DA:170,0
DA:172,0
DA:178,0
DA:183,0
DA:186,0
DA:189,0
DA:191,0
DA:193,0
DA:195,0
DA:202,0
DA:221,0
DA:223,0
DA:226,0
DA:229,0
DA:231,0
DA:234,0
DA:237,0
DA:239,0
DA:241,0
DA:243,0
DA:247,0
DA:248,0
DA:252,0
DA:253,0
DA:254,0
DA:258,0
DA:259,0
DA:261,0
DA:263,0
DA:265,0
DA:267,0
DA:271,0
DA:276,0
DA:278,0
DA:282,0
DA:286,0
DA:289,0
DA:291,0
DA:293,0
DA:294,0
DA:295,0
DA:299,0
DA:301,0
DA:304,0
DA:305,0
DA:309,0
DA:313,0
DA:316,0
DA:324,0
DA:334,0
DA:347,0
DA:349,0
DA:352,0
DA:354,0
DA:355,0
DA:357,0
DA:358,0
DA:360,0
DA:362,0
DA:366,0
DA:374,0
DA:375,0
DA:381,0
DA:385,0
DA:387,0
DA:391,22
DA:393,1
DA:395,0
DA:399,22
DA:400,0
DA:402,0
DA:404,0
DA:406,0
DA:408,0
DA:410,0
DA:412,0
DA:414,0
DA:417,0
LF:132
LH:15
BRDA:48,0,0,0
BRDA:48,0,1,0
BRDA:52,1,0,0
BRDA:52,1,1,0
BRDA:62,2,0,0
BRDA:62,2,1,0
BRDA:100,3,0,0
BRDA:100,3,1,0
BRDA:102,4,0,0
BRDA:102,4,1,0
BRDA:106,5,0,0
BRDA:106,5,1,0
BRDA:124,6,0,0
BRDA:124,6,1,0
BRDA:124,7,0,0
BRDA:124,7,1,0
BRDA:150,8,0,0
BRDA:150,8,1,0
BRDA:150,9,0,0
BRDA:150,9,1,0
BRDA:153,10,0,0
BRDA:153,10,1,0
BRDA:153,11,0,0
BRDA:153,11,1,0
BRDA:156,12,0,0
BRDA:156,12,1,0
BRDA:156,13,0,0
BRDA:156,13,1,0
BRDA:161,14,0,0
BRDA:161,14,1,0
BRDA:168,15,0,0
BRDA:168,15,1,0
BRDA:168,16,0,0
BRDA:168,16,1,0
BRDA:186,17,0,0
BRDA:186,17,1,0
BRDA:186,18,0,0
BRDA:186,18,1,0
BRDA:189,19,0,0
BRDA:189,19,1,0
BRDA:189,20,0,0
BRDA:189,20,1,0
BRDA:191,21,0,0
BRDA:191,21,1,0
BRDA:191,22,0,0
BRDA:191,22,1,0
BRDA:223,23,0,0
BRDA:223,23,1,0
BRDA:223,24,0,0
BRDA:223,24,1,0
BRDA:226,25,0,0
BRDA:226,25,1,0
BRDA:226,26,0,0
BRDA:226,26,1,0
BRDA:226,26,2,0
BRDA:229,27,0,0
BRDA:229,27,1,0
BRDA:241,28,0,0
BRDA:241,28,1,0
BRDA:241,29,0,0
BRDA:241,29,1,0
BRDA:271,30,0,0
BRDA:271,30,1,0
BRDA:271,31,0,0
BRDA:271,31,1,0
BRDA:271,31,2,0
BRDA:276,32,0,0
BRDA:276,32,1,0
BRDA:293,33,0,0
BRDA:293,33,1,0
BRDA:304,34,0,0
BRDA:304,34,1,0
BRDA:304,35,0,0
BRDA:304,35,1,0
BRDA:313,36,0,0
BRDA:313,36,1,0
BRDA:316,37,0,0
BRDA:316,37,1,0
BRDA:329,38,0,0
BRDA:329,38,1,0
BRDA:330,39,0,0
BRDA:330,39,1,0
BRDA:354,40,0,0
BRDA:354,40,1,0
BRDA:357,41,0,0
BRDA:357,41,1,0
BRDA:360,42,0,0
BRDA:360,42,1,0
BRDA:393,43,0,1
BRDA:393,43,1,0
BRDA:404,44,0,0
BRDA:404,44,1,0
BRDA:408,45,0,0
BRDA:408,45,1,0
BRF:94
BRH:1
end_of_record
TN:
SF:src\config\cloudinary.ts
FN:21,(anonymous_0)
FNF:1
FNH:0
FNDA:0,(anonymous_0)
DA:2,28
DA:11,28
DA:21,28
LF:3
LH:3
BRF:0
BRH:0
end_of_record
TN:
SF:src\config\cookie.ts
FNF:0
FNH:0
DA:13,4
DA:25,4
LF:2
LH:2
BRF:0
BRH:0
end_of_record
TN:
SF:src\config\cors.ts
FN:15,getConfiguredClientOrigins
FN:21,(anonymous_1)
FN:22,(anonymous_2)
FN:28,isDevelopmentTunnelOrigin
FN:36,(anonymous_4)
FN:45,isAllowedClientOrigin
FN:55,rejectDisallowedOrigin
FNF:7
FNH:0
FNDA:0,getConfiguredClientOrigins
FNDA:0,(anonymous_1)
FNDA:0,(anonymous_2)
FNDA:0,isDevelopmentTunnelOrigin
FNDA:0,(anonymous_4)
FNDA:0,isAllowedClientOrigin
FNDA:0,rejectDisallowedOrigin
DA:1,23
DA:3,23
DA:10,23
DA:16,0
DA:21,0
DA:22,0
DA:25,0
DA:29,0
DA:31,0
DA:32,0
DA:33,0
DA:37,0
DA:41,0
DA:45,23
DA:46,0
DA:48,0
DA:49,0
DA:55,23
DA:56,0
LF:19
LH:5
BRDA:29,0,0,0
BRDA:29,0,1,0
BRDA:34,1,0,0
BRDA:34,1,1,0
BRDA:37,2,0,0
BRDA:37,2,1,0
BRDA:46,3,0,0
BRDA:46,3,1,0
BRDA:50,4,0,0
BRDA:50,4,1,0
BRDA:58,5,0,0
BRDA:58,5,1,0
BRF:12
BRH:0
end_of_record
TN:
SF:src\config\redis.ts
FN:15,(anonymous_1)
FN:36,(anonymous_2)
FN:38,(anonymous_3)
FN:41,connectRedis
FNF:4
FNH:0
FNDA:0,(anonymous_1)
FNDA:0,(anonymous_2)
FNDA:0,(anonymous_3)
FNDA:0,connectRedis
DA:2,34
DA:4,34
DA:7,34
DA:17,0
DA:19,0
DA:20,0
DA:23,0
DA:28,34
DA:29,0
DA:33,34
DA:36,34
DA:38,34
DA:41,34
DA:42,0
LF:14
LH:8
BRDA:9,0,0,34
BRDA:9,0,1,20
BRDA:11,1,0,34
BRDA:11,1,1,20
BRDA:17,2,0,0
BRDA:17,2,1,0
BRDA:28,3,0,0
BRDA:28,3,1,34
BRF:8
BRH:5
end_of_record
TN:
SF:src\config\swagger.ts
FN:551,setupSwagger
FNF:1
FNH:1
FNDA:1,setupSwagger
DA:34,2
DA:47,2
DA:77,2
DA:521,2
DA:551,2
DA:552,1
DA:571,2
LF:7
LH:7
BRF:0
BRH:0
end_of_record
TN:
SF:src\controllers\admin.controller.ts
FN:13,getStats
FN:26,listAllProducts
FN:53,listUsers
FN:77,toggleUser
FN:92,verifyUser
FN:110,adminDeleteProduct
FNF:6
FNH:0
FNDA:0,getStats
FNDA:0,listAllProducts
FNDA:0,listUsers
FNDA:0,toggleUser
FNDA:0,verifyUser
FNDA:0,adminDeleteProduct
DA:4,3
DA:6,3
DA:8,3
DA:10,3
DA:13,3
DA:14,0
DA:16,0
DA:17,0
DA:20,0
DA:21,0
DA:26,3
DA:28,0
DA:33,0
DA:35,0
DA:37,0
DA:39,0
DA:46,0
DA:48,0
DA:53,3
DA:55,0
DA:60,0
DA:62,0
DA:64,0
DA:70,0
DA:72,0
DA:77,3
DA:78,0
DA:79,0
DA:81,0
DA:82,0
DA:85,0
DA:86,0
DA:87,0
DA:92,3
DA:93,0
DA:94,0
DA:96,0
DA:97,0
DA:103,0
DA:104,0
DA:105,0
DA:110,3
DA:111,0
DA:112,0
DA:113,0
DA:115,0
DA:116,0
DA:118,0
DA:119,0
DA:120,0
LF:50
LH:10
BRDA:20,0,0,0
BRDA:20,0,1,0
BRDA:33,1,0,0
BRDA:33,1,1,0
BRDA:35,2,0,0
BRDA:35,2,1,0
BRDA:60,3,0,0
BRDA:60,3,1,0
BRDA:85,4,0,0
BRDA:85,4,1,0
BRDA:100,5,0,0
BRDA:100,5,1,0
BRDA:103,6,0,0
BRDA:103,6,1,0
BRDA:118,7,0,0
BRDA:118,7,1,0
BRF:16
BRH:0
end_of_record
TN:
SF:src\controllers\chatbot.controller.ts
FN:49,askChatbot
FN:77,(anonymous_2)
FN:78,(anonymous_3)
FN:96,(anonymous_4)
FN:97,(anonymous_5)
FN:125,(anonymous_6)
FN:126,(anonymous_7)
FN:132,(anonymous_8)
FN:133,(anonymous_9)
FNF:9
FNH:0
FNDA:0,askChatbot
FNDA:0,(anonymous_2)
FNDA:0,(anonymous_3)
FNDA:0,(anonymous_4)
FNDA:0,(anonymous_5)
FNDA:0,(anonymous_6)
FNDA:0,(anonymous_7)
FNDA:0,(anonymous_8)
FNDA:0,(anonymous_9)
DA:4,3
DA:6,3
DA:8,3
DA:11,3
DA:16,3
DA:21,3
DA:49,3
DA:50,0
DA:53,0
DA:54,0
DA:60,0
DA:61,0
DA:62,0
DA:66,0
DA:67,0
DA:68,0
DA:75,0
DA:77,0
DA:79,0
DA:80,0
DA:87,0
DA:96,0
DA:97,0
DA:100,0
DA:101,0
DA:102,0
DA:103,0
DA:105,0
DA:107,0
DA:108,0
DA:110,0
DA:111,0
DA:113,0
DA:115,0
DA:120,0
DA:121,0
DA:123,0
DA:125,0
DA:126,0
DA:132,0
DA:133,0
DA:136,0
DA:147,0
DA:149,0
DA:152,0
DA:154,0
DA:155,0
DA:156,0
DA:160,0
DA:161,0
DA:165,0
DA:171,0
LF:52
LH:7
BRDA:11,0,0,0
BRDA:11,0,1,3
BRDA:16,1,0,0
BRDA:16,1,1,3
BRDA:53,2,0,0
BRDA:53,2,1,0
BRDA:53,3,0,0
BRDA:53,3,1,0
BRDA:53,3,2,0
BRDA:60,4,0,0
BRDA:60,4,1,0
BRDA:60,5,0,0
BRDA:60,5,1,0
BRDA:66,6,0,0
BRDA:66,6,1,0
BRDA:75,7,0,0
BRDA:75,7,1,0
BRDA:77,8,0,0
BRDA:77,8,1,0
BRDA:77,8,2,0
BRDA:79,9,0,0
BRDA:79,9,1,0
BRDA:79,9,2,0
BRDA:81,10,0,0
BRDA:81,10,1,0
BRDA:81,11,0,0
BRDA:81,11,1,0
BRDA:108,12,0,0
BRDA:108,12,1,0
BRDA:110,13,0,0
BRDA:110,13,1,0
BRDA:120,14,0,0
BRDA:120,14,1,0
BRDA:123,15,0,0
BRDA:123,15,1,0
BRDA:125,16,0,0
BRDA:125,16,1,0
BRDA:125,16,2,0
BRDA:127,17,0,0
BRDA:127,17,1,0
BRDA:127,18,0,0
BRDA:127,18,1,0
BRDA:128,19,0,0
BRDA:128,19,1,0
BRDA:128,19,2,0
BRDA:149,20,0,0
BRDA:149,20,1,0
BRDA:155,21,0,0
BRDA:155,21,1,0
BRDA:160,22,0,0
BRDA:160,22,1,0
BRF:51
BRH:2
end_of_record
TN:
SF:src\controllers\favorite.controller.ts
FN:13,getMyFavorites
FN:33,getMyFavoriteIds
FN:50,toggleFavorite
FNF:3
FNH:0
FNDA:0,getMyFavorites
FNDA:0,getMyFavoriteIds
FNDA:0,toggleFavorite
DA:4,3
DA:6,3
DA:8,3
DA:13,3
DA:15,0
DA:16,0
DA:18,0
DA:20,0
DA:23,0
DA:24,0
DA:26,0
DA:33,3
DA:35,0
DA:36,0
DA:38,0
DA:40,0
DA:43,0
DA:50,3
DA:52,0
DA:54,0
DA:56,0
DA:58,0
DA:60,0
DA:63,0
DA:64,0
DA:66,0
LF:26
LH:6
BRDA:23,0,0,0
BRDA:23,0,1,0
BRDA:40,1,0,0
BRDA:40,1,1,0
BRDA:63,2,0,0
BRDA:63,2,1,0
BRF:6
BRH:0
end_of_record
TN:
SF:src\controllers\fisherman.controller.ts
FN:11,listFishermen
FN:28,getFishermanProfile
FN:48,getFishermanProducts
FN:81,getFishermanRecipes
FN:114,getFishermanPosts
FN:147,getFishermanBoatLogs
FNF:6
FNH:0
FNDA:0,listFishermen
FNDA:0,getFishermanProfile
FNDA:0,getFishermanProducts
FNDA:0,getFishermanRecipes
FNDA:0,getFishermanPosts
FNDA:0,getFishermanBoatLogs
DA:4,3
DA:6,3
DA:11,3
DA:12,0
DA:14,0
DA:16,0
DA:19,0
DA:28,3
DA:29,0
DA:31,0
DA:33,0
DA:36,0
DA:37,0
DA:39,0
DA:48,3
DA:49,0
DA:51,0
DA:53,0
DA:61,0
DA:64,0
DA:72,0
DA:73,0
DA:74,0
DA:81,3
DA:82,0
DA:84,0
DA:86,0
DA:94,0
DA:97,0
DA:105,0
DA:106,0
DA:107,0
DA:114,3
DA:115,0
DA:117,0
DA:119,0
DA:127,0
DA:130,0
DA:138,0
DA:139,0
DA:140,0
DA:147,3
DA:148,0
DA:150,0
DA:152,0
DA:160,0
DA:163,0
DA:171,0
DA:172,0
DA:173,0
LF:50
LH:8
BRDA:21,0,0,0
BRDA:21,0,1,0
BRDA:36,1,0,0
BRDA:36,1,1,0
BRDA:72,2,0,0
BRDA:72,2,1,0
BRDA:105,3,0,0
BRDA:105,3,1,0
BRDA:138,4,0,0
BRDA:138,4,1,0
BRDA:171,5,0,0
BRDA:171,5,1,0
BRF:12
BRH:0
end_of_record
TN:
SF:src\controllers\follow.controller.ts
FN:15,toggleFollow
FN:38,checkFollow
FN:57,getFollowing
FN:73,(anonymous_4)
FN:89,getFollowers
FN:99,(anonymous_6)
FNF:6
FNH:1
FNDA:2,toggleFollow
FNDA:0,checkFollow
FNDA:0,getFollowing
FNDA:0,(anonymous_4)
FNDA:0,getFollowers
FNDA:0,(anonymous_6)
DA:4,4
DA:6,4
DA:8,4
DA:10,4
DA:15,4
DA:17,2
DA:19,2
DA:21,2
DA:23,2
DA:25,1
DA:28,1
DA:29,1
DA:31,0
DA:38,4
DA:40,0
DA:42,0
DA:44,0
DA:46,0
DA:48,0
DA:50,0
DA:57,4
DA:59,0
DA:60,0
DA:62,0
DA:64,0
DA:65,0
DA:68,0
DA:73,0
DA:80,0
DA:82,0
DA:89,4
DA:91,0
DA:92,0
DA:94,0
DA:99,0
DA:106,0
DA:108,0
LF:37
LH:15
BRDA:28,0,0,1
BRDA:28,0,1,0
BRDA:64,1,0,0
BRDA:64,1,1,0
BRF:4
BRH:1
end_of_record
TN:
SF:src\controllers\image.controller.ts
FN:34,uploadContentImages
FN:48,(anonymous_1)
FN:51,(anonymous_2)
FN:52,(anonymous_3)
FN:65,uploadImages
FN:108,(anonymous_5)
FN:112,(anonymous_6)
FN:119,(anonymous_7)
FN:120,(anonymous_8)
FN:121,(anonymous_9)
FN:139,getUploadSignature
FN:168,deleteImage
FN:207,(anonymous_12)
FN:213,(anonymous_13)
FN:220,(anonymous_14)
FN:227,(anonymous_15)
FN:228,(anonymous_16)
FN:229,(anonymous_17)
FNF:18
FNH:0
FNDA:0,uploadContentImages
FNDA:0,(anonymous_1)
FNDA:0,(anonymous_2)
FNDA:0,(anonymous_3)
FNDA:0,uploadImages
FNDA:0,(anonymous_5)
FNDA:0,(anonymous_6)
FNDA:0,(anonymous_7)
FNDA:0,(anonymous_8)
FNDA:0,(anonymous_9)
FNDA:0,getUploadSignature
FNDA:0,deleteImage
FNDA:0,(anonymous_12)
FNDA:0,(anonymous_13)
FNDA:0,(anonymous_14)
FNDA:0,(anonymous_15)
FNDA:0,(anonymous_16)
FNDA:0,(anonymous_17)
DA:4,3
DA:6,3
DA:11,3
DA:13,3
DA:15,3
DA:17,3
DA:18,3
DA:21,3
DA:23,3
DA:34,3
DA:35,0
DA:36,0
DA:37,0
DA:39,0
DA:40,0
DA:42,0
DA:43,0
DA:46,0
DA:47,0
DA:48,0
DA:50,0
DA:51,0
DA:52,0
DA:58,0
DA:65,3
DA:67,0
DA:69,0
DA:71,0
DA:74,0
DA:75,0
DA:77,0
DA:78,0
DA:80,0
DA:82,0
DA:84,0
DA:85,0
DA:88,0
DA:89,0
DA:94,0
DA:96,0
DA:99,0
DA:100,0
DA:105,0
DA:107,0
DA:108,0
DA:112,0
DA:114,0
DA:119,0
DA:120,0
DA:121,0
DA:124,0
DA:132,0
DA:139,3
DA:140,0
DA:142,0
DA:144,0
DA:147,0
DA:153,0
DA:161,0
DA:168,3
DA:170,0
DA:172,0
DA:174,0
DA:176,0
DA:177,0
DA:180,0
DA:181,0
DA:183,0
DA:185,0
DA:192,0
DA:197,0
DA:198,0
DA:203,0
DA:204,0
DA:207,0
DA:208,0
DA:210,0
DA:211,0
DA:213,0
DA:214,0
DA:220,0
DA:222,0
DA:225,0
DA:226,0
DA:227,0
DA:228,0
DA:229,0
DA:234,0
DA:236,0
LF:89
LH:13
BRDA:39,0,0,0
BRDA:39,0,1,0
BRDA:42,1,0,0
BRDA:42,1,1,0
BRDA:74,2,0,0
BRDA:74,2,1,0
BRDA:77,3,0,0
BRDA:77,3,1,0
BRDA:77,4,0,0
BRDA:77,4,1,0
BRDA:84,5,0,0
BRDA:84,5,1,0
BRDA:88,6,0,0
BRDA:88,6,1,0
BRDA:88,7,0,0
BRDA:88,7,1,0
BRDA:99,8,0,0
BRDA:99,8,1,0
BRDA:127,9,0,0
BRDA:127,9,1,0
BRDA:128,10,0,0
BRDA:128,10,1,0
BRDA:174,11,0,0
BRDA:174,11,1,0
BRDA:180,12,0,0
BRDA:180,12,1,0
BRDA:197,13,0,0
BRDA:197,13,1,0
BRDA:203,14,0,0
BRDA:203,14,1,0
BRDA:203,15,0,0
BRDA:203,15,1,0
BRDA:208,16,0,0
BRDA:208,16,1,0
BRDA:211,17,0,0
BRDA:211,17,1,0
BRDA:226,18,0,0
BRDA:226,18,1,0
BRF:38
BRH:0
end_of_record
TN:
SF:src\controllers\landingBatch.controller.ts
FN:4,listLandingBatches
FN:16,listMarketplaceLandingBatches
FN:28,listMyLandingBatches
FN:42,listAdminLandingBatches
FN:54,getLandingBatch
FN:66,createLandingBatch
FN:80,updateLandingBatch
FN:94,deleteLandingBatch
FN:108,addLandingBatchProducts
FN:126,createLandingBatchFromBoatLog
FNF:10
FNH:0
FNDA:0,listLandingBatches
FNDA:0,listMarketplaceLandingBatches
FNDA:0,listMyLandingBatches
FNDA:0,listAdminLandingBatches
FNDA:0,getLandingBatch
FNDA:0,createLandingBatch
FNDA:0,updateLandingBatch
FNDA:0,deleteLandingBatch
FNDA:0,addLandingBatchProducts
FNDA:0,createLandingBatchFromBoatLog
DA:2,5
DA:4,5
DA:9,0
DA:10,0
DA:12,0
DA:16,5
DA:21,0
DA:22,0
DA:24,0
DA:28,5
DA:33,0
DA:34,0
DA:38,0
DA:42,5
DA:47,0
DA:48,0
DA:50,0
DA:54,5
DA:59,0
DA:60,0
DA:62,0
DA:66,5
DA:71,0
DA:72,0
DA:76,0
DA:80,5
DA:85,0
DA:86,0
DA:90,0
DA:94,5
DA:99,0
DA:100,0
DA:104,0
DA:108,5
DA:113,0
DA:114,0
DA:122,0
DA:126,5
DA:131,0
DA:132,0
DA:136,0
LF:41
LH:11
BRF:0
BRH:0
end_of_record
TN:
SF:src\controllers\message.controller.ts
FN:21,recallMessage
FN:65,reactMessage
FN:111,editMessage
FN:160,getMessages
FN:191,sendMessage
FN:213,getConversations
FN:236,unreadCount
FN:252,uploadChatImage
FNF:8
FNH:0
FNDA:0,recallMessage
FNDA:0,reactMessage
FNDA:0,editMessage
FNDA:0,getMessages
FNDA:0,sendMessage
FNDA:0,getConversations
FNDA:0,unreadCount
FNDA:0,uploadChatImage
DA:4,3
DA:6,3
DA:8,3
DA:10,3
DA:12,3
DA:14,3
DA:16,3
DA:21,3
DA:23,0
DA:25,0
DA:27,0
DA:29,0
DA:31,0
DA:32,0
DA:35,0
DA:36,0
DA:42,0
DA:44,0
DA:48,0
DA:51,0
DA:56,0
DA:58,0
DA:65,3
DA:67,0
DA:69,0
DA:70,0
DA:72,0
DA:74,0
DA:75,0
DA:76,0
DA:78,0
DA:82,0
DA:84,0
DA:85,0
DA:89,0
DA:90,0
DA:93,0
DA:94,0
DA:97,0
DA:102,0
DA:104,0
DA:111,3
DA:113,0
DA:115,0
DA:117,0
DA:119,0
DA:120,0
DA:123,0
DA:125,0
DA:126,0
DA:127,0
DA:130,0
DA:131,0
DA:137,0
DA:139,0
DA:142,0
DA:143,0
DA:146,0
DA:151,0
DA:153,0
DA:160,3
DA:162,0
DA:164,0
DA:166,0
DA:168,0
DA:169,0
DA:171,0
DA:173,0
DA:180,0
DA:182,0
DA:183,0
DA:184,0
DA:191,3
DA:193,0
DA:194,0
DA:196,0
DA:198,0
DA:204,0
DA:205,0
DA:206,0
DA:213,3
DA:215,0
DA:217,0
DA:223,0
DA:225,0
DA:227,0
DA:229,0
DA:236,3
DA:238,0
DA:239,0
DA:241,0
DA:243,0
DA:245,0
DA:252,3
DA:254,0
DA:255,0
DA:257,0
DA:259,0
DA:261,0
DA:263,0
LF:100
LH:15
BRDA:31,0,0,0
BRDA:31,0,1,0
BRDA:35,1,0,0
BRDA:35,1,1,0
BRDA:75,2,0,0
BRDA:75,2,1,0
BRDA:78,3,0,0
BRDA:78,3,1,0
BRDA:79,4,0,0
BRDA:79,4,1,0
BRDA:84,5,0,0
BRDA:84,5,1,0
BRDA:84,6,0,0
BRDA:84,6,1,0
BRDA:84,6,2,0
BRDA:89,7,0,0
BRDA:89,7,1,0
BRDA:119,8,0,0
BRDA:119,8,1,0
BRDA:119,9,0,0
BRDA:119,9,1,0
BRDA:119,9,2,0
BRDA:126,10,0,0
BRDA:126,10,1,0
BRDA:130,11,0,0
BRDA:130,11,1,0
BRDA:168,12,0,0
BRDA:168,12,1,0
BRDA:182,13,0,0
BRDA:182,13,1,0
BRDA:204,14,0,0
BRDA:204,14,1,0
BRDA:254,15,0,0
BRDA:254,15,1,0
BRF:34
BRH:0
end_of_record
TN:
SF:src\controllers\notification.controller.ts
FN:21,getNotifications
FN:48,(anonymous_2)
FN:78,broadcastNotification
FN:115,getBroadcastHistory
FN:122,(anonymous_5)
FN:138,markAllAsRead
FN:154,markSingleAsRead
FNF:7
FNH:0
FNDA:0,getNotifications
FNDA:0,(anonymous_2)
FNDA:0,broadcastNotification
FNDA:0,getBroadcastHistory
FNDA:0,(anonymous_5)
FNDA:0,markAllAsRead
FNDA:0,markSingleAsRead
DA:4,4
DA:6,4
DA:8,4
DA:10,4
DA:12,4
DA:14,4
DA:16,4
DA:21,4
DA:23,0
DA:26,0
DA:32,0
DA:35,0
DA:43,0
DA:48,0
DA:60,0
DA:68,0
DA:73,4
DA:78,4
DA:80,0
DA:82,0
DA:85,0
DA:86,0
DA:91,0
DA:92,0
DA:95,0
DA:96,0
DA:98,0
DA:100,0
DA:106,0
DA:108,0
DA:115,4
DA:116,0
DA:118,0
DA:121,0
DA:122,0
DA:131,0
DA:138,4
DA:140,0
DA:141,0
DA:143,0
DA:145,0
DA:147,0
DA:154,4
DA:156,0
DA:158,0
DA:161,0
DA:162,0
DA:164,0
DA:166,0
DA:168,0
DA:169,0
DA:172,0
DA:173,0
DA:176,0
DA:178,0
LF:55
LH:13
BRDA:52,0,0,0
BRDA:52,0,1,0
BRDA:54,1,0,0
BRDA:54,1,1,0
BRDA:55,2,0,0
BRDA:55,2,1,0
BRDA:56,3,0,0
BRDA:56,3,1,0
BRDA:82,4,0,0
BRDA:85,5,0,0
BRDA:85,5,1,0
BRDA:91,6,0,0
BRDA:91,6,1,0
BRDA:95,7,0,0
BRDA:95,7,1,0
BRDA:161,8,0,0
BRDA:161,8,1,0
BRDA:168,9,0,0
BRDA:168,9,1,0
BRF:19
BRH:0
end_of_record
TN:
SF:src\controllers\payment.controller.ts
FN:19,getPremiumIntent
FN:45,getPremiumStatus
FN:62,sepayWebhook
FNF:3
FNH:3
FNDA:2,getPremiumIntent
FNDA:1,getPremiumStatus
FNDA:1,sepayWebhook
DA:4,3
DA:6,3
DA:8,3
DA:10,3
DA:12,3
DA:14,3
DA:17,3
DA:19,3
DA:20,2
DA:21,2
DA:23,2
DA:24,2
DA:25,2
DA:26,2
DA:27,2
DA:28,2
DA:29,2
DA:33,2
DA:45,3
DA:46,1
DA:47,1
DA:48,1
DA:53,1
DA:62,3
DA:63,1
DA:65,1
DA:66,1
DA:67,0
DA:68,0
DA:72,1
DA:73,1
DA:74,1
DA:75,0
DA:76,0
DA:78,1
DA:81,1
DA:82,1
DA:83,0
DA:86,0
DA:90,1
DA:91,0
DA:92,0
DA:96,1
DA:97,1
DA:98,1
DA:99,1
DA:101,1
DA:106,1
DA:107,0
DA:110,0
DA:116,1
DA:117,0
DA:120,0
DA:127,1
DA:130,1
DA:131,0
DA:134,0
DA:140,1
DA:141,1
DA:142,1
DA:148,1
DA:151,1
DA:158,0
DA:159,0
DA:160,0
DA:163,0
DA:168,0
DA:170,0
DA:171,0
DA:172,0
DA:175,0
DA:180,0
DA:181,0
DA:185,0
DA:191,0
DA:197,0
DA:199,0
DA:202,0
DA:205,0
DA:212,0
DA:217,0
DA:223,0
DA:226,0
LF:83
LH:48
BRDA:21,0,0,0
BRDA:21,0,1,2
BRDA:23,1,0,2
BRDA:23,1,1,1
BRDA:25,2,0,2
BRDA:25,2,1,1
BRDA:26,3,0,2
BRDA:26,3,1,1
BRDA:27,4,0,2
BRDA:27,4,1,1
BRDA:28,5,0,2
BRDA:28,5,1,1
BRDA:29,6,0,1
BRDA:29,6,1,1
BRDA:47,7,0,0
BRDA:47,7,1,1
BRDA:66,8,0,0
BRDA:66,8,1,1
BRDA:73,9,0,1
BRDA:73,9,1,0
BRDA:75,10,0,0
BRDA:75,10,1,0
BRDA:82,11,0,0
BRDA:82,11,1,1
BRDA:90,12,0,0
BRDA:90,12,1,1
BRDA:97,13,0,1
BRDA:97,13,1,0
BRDA:98,14,0,1
BRDA:98,14,1,0
BRDA:99,15,0,1
BRDA:99,15,1,0
BRDA:106,16,0,0
BRDA:106,16,1,1
BRDA:116,17,0,0
BRDA:116,17,1,1
BRDA:116,18,0,1
BRDA:116,18,1,1
BRDA:130,19,0,0
BRDA:130,19,1,1
BRDA:141,20,0,1
BRDA:141,20,1,0
BRDA:142,21,0,1
BRDA:142,21,1,0
BRDA:143,22,0,1
BRDA:143,22,1,1
BRDA:143,22,2,1
BRDA:143,22,3,1
BRDA:159,23,0,0
BRDA:159,23,1,0
BRDA:171,24,0,0
BRDA:171,24,1,0
BRDA:180,25,0,0
BRDA:180,25,1,0
BRF:54
BRH:32
end_of_record
TN:
SF:src\controllers\report.controller.ts
FN:13,createReport
FN:43,getReports
FN:81,handleReport
FNF:3
FNH:0
FNDA:0,createReport
FNDA:0,getReports
FNDA:0,handleReport
DA:4,3
DA:6,3
DA:8,3
DA:13,3
DA:15,0
DA:17,0
DA:19,0
DA:21,0
DA:22,0
DA:23,0
DA:24,0
DA:25,0
DA:27,0
DA:30,0
DA:33,0
DA:34,0
DA:36,0
DA:43,3
DA:45,0
DA:47,0
DA:48,0
DA:52,0
DA:58,0
DA:60,0
DA:67,0
DA:68,0
DA:69,0
DA:72,0
DA:74,0
DA:81,3
DA:83,0
DA:85,0
DA:87,0
DA:89,0
DA:91,0
DA:93,0
DA:97,0
DA:98,0
DA:99,0
LF:39
LH:6
BRDA:22,0,0,0
BRDA:22,0,1,0
BRDA:24,1,0,0
BRDA:24,1,1,0
BRDA:33,2,0,0
BRDA:33,2,1,0
BRDA:45,3,0,0
BRDA:45,3,1,0
BRDA:47,4,0,0
BRDA:47,4,1,0
BRDA:97,5,0,0
BRDA:97,5,1,0
BRF:12
BRH:0
end_of_record
TN:
SF:src\controllers\review.controller.ts
FN:13,addReview
FN:37,getReviewsBySeller
FNF:2
FNH:0
FNDA:0,addReview
FNDA:0,getReviewsBySeller
DA:4,3
DA:6,3
DA:8,3
DA:13,3
DA:15,0
DA:16,0
DA:18,0
DA:24,0
DA:27,0
DA:28,0
DA:30,0
DA:37,3
DA:39,0
DA:41,0
DA:42,0
DA:46,0
DA:47,0
DA:51,0
DA:53,0
DA:55,0
DA:61,0
DA:69,0
LF:22
LH:5
BRDA:27,0,0,0
BRDA:27,0,1,0
BRDA:41,1,0,0
BRDA:41,1,1,0
BRDA:41,2,0,0
BRDA:41,2,1,0
BRDA:46,3,0,0
BRDA:46,3,1,0
BRDA:49,4,0,0
BRDA:49,4,1,0
BRF:10
BRH:0
end_of_record
TN:
SF:src\controllers\user.controller.ts
FN:11,getUserPublicProfile
FN:34,getFishermanLeaderboard
FNF:2
FNH:0
FNDA:0,getUserPublicProfile
FNDA:0,getFishermanLeaderboard
DA:4,3
DA:6,3
DA:11,3
DA:13,0
DA:15,0
DA:17,0
DA:19,0
DA:21,0
DA:24,0
DA:25,0
DA:27,0
DA:34,3
DA:35,0
DA:37,0
DA:39,0
DA:41,0
LF:16
LH:4
BRDA:15,0,0,0
BRDA:15,0,1,0
BRDA:24,1,0,0
BRDA:24,1,1,0
BRF:4
BRH:0
end_of_record
TN:
SF:src\errors\HttpError.ts
FN:4,(anonymous_0)
FNF:1
FNH:1
FNDA:19,(anonymous_0)
DA:2,50
DA:5,19
DA:9,19
DA:11,19
LF:4
LH:4
BRF:0
BRH:0
end_of_record
TN:
SF:src\helpers\response.helper.ts
FN:11,sendServerError
FN:24,parseId
FNF:2
FNH:0
FNDA:0,sendServerError
FNDA:0,parseId
DA:4,35
DA:6,35
DA:11,35
DA:13,0
DA:17,0
DA:24,35
DA:26,0
DA:28,0
LF:8
LH:4
BRDA:14,0,0,0
BRDA:14,0,1,0
BRDA:14,1,0,0
BRDA:14,1,1,0
BRDA:26,2,0,0
BRDA:26,2,1,0
BRDA:28,3,0,0
BRDA:28,3,1,0
BRF:8
BRH:0
end_of_record
TN:
SF:src\middlewares\auth.ts
FN:12,authenticate
FN:67,adminOnly
FN:83,sellerOnly
FNF:3
FNH:2
FNDA:0,authenticate
FNDA:2,adminOnly
FNDA:3,sellerOnly
DA:2,17
DA:6,17
DA:7,17
DA:12,17
DA:14,0
DA:17,0
DA:18,0
DA:23,0
DA:26,0
DA:35,0
DA:39,0
DA:40,0
DA:45,0
DA:47,0
DA:50,0
DA:51,0
DA:57,0
DA:67,17
DA:69,2
DA:71,1
DA:76,1
DA:83,17
DA:84,3
DA:85,1
DA:90,2
LF:25
LH:12
BRDA:17,0,0,0
BRDA:17,0,1,0
BRDA:39,1,0,0
BRDA:39,1,1,0
BRDA:50,2,0,0
BRDA:50,2,1,0
BRDA:69,3,0,1
BRDA:69,3,1,1
BRDA:84,4,0,1
BRDA:84,4,1,2
BRDA:84,5,0,3
BRDA:84,5,1,2
BRF:12
BRH:6
end_of_record
TN:
SF:src\middlewares\csrf.ts
FN:7,(anonymous_1)
FN:18,generateCsrfToken
FN:34,validateCsrf
FN:52,rotateCsrfToken
FNF:4
FNH:0
FNDA:0,(anonymous_1)
FNDA:0,generateCsrfToken
FNDA:0,validateCsrf
FNDA:0,rotateCsrfToken
DA:1,4
DA:3,4
DA:5,4
DA:7,4
DA:18,4
DA:24,0
DA:26,0
DA:27,0
DA:30,0
DA:31,0
DA:34,4
DA:39,0
DA:40,0
DA:42,0
DA:43,0
DA:49,0
DA:52,4
DA:53,0
DA:54,0
DA:55,0
LF:20
LH:7
BRDA:24,0,0,0
BRDA:24,0,1,0
BRDA:26,1,0,0
BRDA:26,1,1,0
BRDA:42,2,0,0
BRDA:42,2,1,0
BRDA:42,3,0,0
BRDA:42,3,1,0
BRDA:42,3,2,0
BRF:9
BRH:0
end_of_record
TN:
SF:src\middlewares\errorHandler.ts
FN:19,errorHandler
FNF:1
FNH:0
FNDA:0,errorHandler
DA:4,2
DA:6,2
DA:8,2
DA:19,2
DA:26,0
DA:31,0
DA:32,0
DA:36,0
DA:38,0
DA:42,0
DA:44,0
DA:45,0
DA:48,0
DA:49,0
DA:52,0
DA:53,0
DA:56,0
DA:57,0
DA:60,0
DA:65,0
LF:20
LH:4
BRDA:31,0,0,0
BRDA:31,0,1,0
BRDA:36,1,0,0
BRDA:36,1,1,0
BRDA:42,2,0,0
BRDA:42,2,1,0
BRDA:44,3,0,0
BRDA:44,3,1,0
BRDA:48,4,0,0
BRDA:48,4,1,0
BRDA:52,5,0,0
BRDA:52,5,1,0
BRDA:56,6,0,0
BRDA:56,6,1,0
BRF:14
BRH:0
end_of_record
TN:
SF:src\middlewares\sanitize.ts
FN:4,sanitizeRequestBody
FNF:1
FNH:0
FNDA:0,sanitizeRequestBody
DA:2,2
DA:4,2
DA:9,0
DA:10,0
DA:12,0
LF:5
LH:2
BRDA:9,0,0,0
BRDA:9,0,1,0
BRDA:9,1,0,0
BRDA:9,1,1,0
BRF:4
BRH:0
end_of_record
TN:
SF:src\middlewares\upload.ts
FN:17,(anonymous_1)
FN:44,handleUploadError
FN:77,uploadToCloudinary
FN:81,(anonymous_4)
FN:83,(anonymous_5)
FN:97,(anonymous_6)
FN:114,deleteFromCloudinary
FN:116,(anonymous_8)
FNF:8
FNH:0
FNDA:0,(anonymous_1)
FNDA:0,handleUploadError
FNDA:0,uploadToCloudinary
FNDA:0,(anonymous_4)
FNDA:0,(anonymous_5)
FNDA:0,(anonymous_6)
FNDA:0,deleteFromCloudinary
FNDA:0,(anonymous_8)
DA:3,15
DA:7,15
DA:9,15
DA:12,15
DA:17,15
DA:22,0
DA:24,0
DA:26,0
DA:31,15
DA:44,15
DA:51,0
DA:53,0
DA:54,0
DA:61,0
DA:62,0
DA:64,0
DA:67,0
DA:68,0
DA:70,0
DA:77,15
DA:81,0
DA:83,0
DA:84,0
DA:90,0
DA:99,0
DA:101,0
DA:103,0
DA:107,0
DA:114,15
DA:116,0
LF:30
LH:9
BRDA:24,0,0,0
BRDA:24,0,1,0
BRDA:51,1,0,0
BRDA:51,1,1,0
BRDA:53,2,0,0
BRDA:53,2,1,0
BRDA:61,3,0,0
BRDA:61,3,1,0
BRDA:67,4,0,0
BRDA:67,4,1,0
BRDA:79,5,0,0
BRDA:101,6,0,0
BRDA:101,6,1,0
BRDA:101,7,0,0
BRDA:101,7,1,0
BRDA:101,8,0,0
BRDA:101,8,1,0
BRF:17
BRH:0
end_of_record
TN:
SF:src\middlewares\validate.ts
FN:10,(anonymous_0)
FN:11,(anonymous_1)
FN:36,(anonymous_2)
FNF:3
FNH:1
FNDA:38,(anonymous_0)
FNDA:0,(anonymous_1)
FNDA:0,(anonymous_2)
DA:4,10
DA:10,10
DA:11,38
DA:12,0
DA:15,0
DA:23,0
DA:24,0
DA:25,0
DA:28,0
DA:31,0
DA:33,0
DA:36,0
DA:43,0
LF:13
LH:3
BRDA:23,0,0,0
BRDA:23,0,1,0
BRDA:24,1,0,0
BRDA:24,1,1,0
BRDA:25,2,0,0
BRDA:25,2,1,0
BRDA:31,3,0,0
BRDA:31,3,1,0
BRF:8
BRH:0
end_of_record
TN:
SF:src\models\BoatLog.ts
FNF:0
FNH:0
DA:2,19
DA:30,19
DA:68,19
DA:71,19
LF:4
LH:4
BRF:0
BRH:0
end_of_record
TN:
SF:src\models\BroadcastLog.ts
FNF:0
FNH:0
DA:2,19
DA:19,19
DA:39,19
DA:42,19
LF:4
LH:4
BRF:0
BRH:0
end_of_record
TN:
SF:src\models\LandingBatch.ts
FNF:0
FNH:0
DA:1,14
DA:26,14
DA:62,14
DA:63,14
DA:64,14
DA:66,14
LF:6
LH:6
BRF:0
BRH:0
end_of_record
TN:
SF:src\models\Message.ts
FNF:0
FNH:0
DA:2,42
DA:45,42
DA:91,42
DA:93,42
DA:95,42
DA:97,42
DA:100,42
LF:7
LH:7
BRF:0
BRH:0
end_of_record
TN:
SF:src\models\Notification.ts
FNF:0
FNH:0
DA:2,26
DA:25,26
DA:46,26
DA:49,26
LF:4
LH:4
BRF:0
BRH:0
end_of_record
TN:
SF:src\models\PaymentTransaction.ts
FNF:0
FNH:0
DA:2,6
DA:19,6
DA:40,6
LF:3
LH:3
BRF:0
BRH:0
end_of_record
TN:
SF:src\models\Post.ts
FNF:0
FNH:0
DA:2,31
DA:51,31
DA:101,31
DA:103,31
DA:106,31
LF:5
LH:5
BRF:0
BRH:0
end_of_record
TN:
SF:src\models\Product.ts
FNF:0
FNH:0
DA:2,50
DA:64,50
DA:155,50
DA:157,50
DA:159,50
DA:160,50
DA:163,50
DA:166,50
LF:8
LH:8
BRF:0
BRH:0
end_of_record
TN:
SF:src\models\Recipe.ts
FNF:0
FNH:0
DA:2,19
DA:47,19
DA:97,19
DA:99,19
DA:102,19
LF:5
LH:5
BRF:0
BRH:0
end_of_record
TN:
SF:src\models\Report.ts
FNF:0
FNH:0
DA:2,17
DA:24,17
DA:54,17
DA:55,17
DA:56,17
DA:58,17
DA:61,17
LF:7
LH:7
BRF:0
BRH:0
end_of_record
TN:
SF:src\models\Review.ts
FNF:0
FNH:0
DA:2,30
DA:23,30
DA:48,30
DA:50,30
DA:53,30
LF:5
LH:5
BRF:0
BRH:0
end_of_record
TN:
SF:src\models\User.ts
FNF:0
FNH:0
DA:2,66
DA:35,66
DA:72,66
DA:74,66
DA:77,66
LF:5
LH:5
BRF:0
BRH:0
end_of_record
TN:
SF:src\modules\boat-log\application\use-cases\CreateBoatLogUseCase.ts
FN:25,(anonymous_0)
FN:28,(anonymous_1)
FNF:2
FNH:1
FNDA:3,(anonymous_0)
FNDA:0,(anonymous_1)
DA:4,4
DA:6,4
DA:8,4
DA:23,4
DA:25,3
DA:30,0
DA:32,0
DA:34,0
DA:38,0
DA:40,0
DA:46,0
DA:66,0
DA:69,0
LF:13
LH:5
BRDA:32,0,0,0
BRDA:32,0,1,0
BRDA:38,1,0,0
BRDA:38,1,1,0
BRDA:38,2,0,0
BRDA:38,2,1,0
BRDA:38,2,2,0
BRDA:52,3,0,0
BRDA:52,3,1,0
BRDA:56,4,0,0
BRDA:56,4,1,0
BRDA:59,5,0,0
BRDA:59,5,1,0
BRDA:60,6,0,0
BRDA:60,6,1,0
BRDA:61,7,0,0
BRDA:61,7,1,0
BRDA:62,8,0,0
BRDA:62,8,1,0
BRF:19
BRH:0
end_of_record
TN:
SF:src\modules\boat-log\application\use-cases\DeleteBoatLogUseCase.ts
FN:12,(anonymous_0)
FN:15,(anonymous_1)
FN:34,(anonymous_2)
FN:37,(anonymous_3)
FNF:4
FNH:1
FNDA:3,(anonymous_0)
FNDA:0,(anonymous_1)
FNDA:0,(anonymous_2)
FNDA:0,(anonymous_3)
DA:4,4
DA:5,4
DA:6,4
DA:7,4
DA:10,4
DA:12,3
DA:17,0
DA:19,0
DA:21,0
DA:25,0
DA:27,0
DA:31,0
DA:33,0
DA:35,0
DA:36,0
DA:37,0
DA:38,0
LF:17
LH:6
BRDA:19,0,0,0
BRDA:19,0,1,0
BRDA:25,1,0,0
BRDA:25,1,1,0
BRDA:25,2,0,0
BRDA:25,2,1,0
BRDA:36,3,0,0
BRDA:36,3,1,0
BRF:8
BRH:0
end_of_record
TN:
SF:src\modules\boat-log\application\use-cases\ToggleLikeBoatLogUseCase.ts
FN:9,(anonymous_0)
FN:12,(anonymous_1)
FNF:2
FNH:1
FNDA:3,(anonymous_0)
FNDA:0,(anonymous_1)
DA:4,4
DA:7,4
DA:9,3
DA:14,0
DA:16,0
DA:18,0
DA:22,0
DA:25,0
DA:28,0
LF:9
LH:3
BRDA:16,0,0,0
BRDA:16,0,1,0
BRF:2
BRH:0
end_of_record
TN:
SF:src\modules\boat-log\application\use-cases\UpdateBoatLogUseCase.ts
FN:21,(anonymous_0)
FN:23,(anonymous_1)
FN:36,(anonymous_2)
FN:46,(anonymous_3)
FN:49,(anonymous_4)
FNF:5
FNH:3
FNDA:6,(anonymous_0)
FNDA:3,(anonymous_1)
FNDA:2,(anonymous_2)
FNDA:0,(anonymous_3)
FNDA:0,(anonymous_4)
DA:1,4
DA:2,4
DA:6,4
DA:7,4
DA:20,4
DA:21,6
DA:29,3
DA:30,3
DA:31,3
DA:32,1
DA:35,2
DA:36,2
DA:37,2
DA:43,1
DA:45,1
DA:47,0
DA:48,0
DA:49,0
DA:50,0
DA:55,1
LF:20
LH:16
BRDA:30,0,0,0
BRDA:30,0,1,3
BRDA:31,1,0,1
BRDA:31,1,1,2
BRDA:31,2,0,3
BRDA:31,2,1,3
BRDA:35,3,0,2
BRDA:35,3,1,0
BRDA:38,4,0,2
BRDA:38,4,1,2
BRDA:39,5,0,2
BRDA:39,5,1,2
BRDA:40,6,0,0
BRDA:40,6,1,2
BRDA:41,7,0,2
BRDA:41,7,1,2
BRDA:48,8,0,0
BRDA:48,8,1,0
BRF:18
BRH:13
end_of_record
TN:
SF:src\modules\boat-log\domain\entities\BoatLog.ts
FN:30,(anonymous_0)
FN:38,(anonymous_1)
FN:47,(anonymous_2)
FN:65,(anonymous_3)
FN:90,(anonymous_4)
FN:112,(anonymous_5)
FN:113,(anonymous_6)
FN:114,(anonymous_7)
FN:116,(anonymous_8)
FN:117,(anonymous_9)
FN:118,(anonymous_10)
FN:119,(anonymous_11)
FN:120,(anonymous_12)
FN:121,(anonymous_13)
FNF:14
FNH:8
FNDA:6,(anonymous_0)
FNDA:6,(anonymous_1)
FNDA:2,(anonymous_2)
FNDA:0,(anonymous_3)
FNDA:2,(anonymous_4)
FNDA:3,(anonymous_5)
FNDA:1,(anonymous_6)
FNDA:5,(anonymous_7)
FNDA:2,(anonymous_8)
FNDA:0,(anonymous_9)
FNDA:0,(anonymous_10)
FNDA:0,(anonymous_11)
FNDA:0,(anonymous_12)
FNDA:0,(anonymous_13)
DA:2,17
DA:4,17
DA:28,17
DA:32,6
DA:34,6
DA:40,6
DA:42,2
DA:49,2
DA:51,2
DA:53,1
DA:55,1
DA:58,1
DA:60,1
DA:67,0
DA:100,2
DA:101,1
DA:103,1
DA:104,1
DA:105,1
DA:106,1
DA:107,1
DA:108,1
DA:112,3
DA:113,1
DA:114,5
DA:116,2
DA:117,0
DA:118,0
DA:119,0
DA:120,0
DA:121,0
LF:31
LH:25
BRDA:40,0,0,2
BRDA:40,0,1,4
BRDA:40,1,0,6
BRDA:40,1,1,5
BRDA:51,2,0,1
BRDA:51,2,1,1
BRDA:93,3,0,0
BRDA:100,4,0,1
BRDA:100,4,1,1
BRDA:100,5,0,2
BRDA:100,5,1,2
BRF:11
BRH:10
end_of_record
TN:
SF:src\modules\boat-log\infrastructure\persistence\mongoose\MongooseBoatLogRepository.ts
FN:15,(anonymous_1)
FN:29,(anonymous_2)
FN:55,(anonymous_3)
FNF:3
FNH:0
FNDA:0,(anonymous_1)
FNDA:0,(anonymous_2)
FNDA:0,(anonymous_3)
DA:6,13
DA:8,13
DA:10,13
DA:13,13
DA:17,0
DA:20,0
DA:22,0
DA:25,0
DA:31,0
DA:34,0
DA:36,0
DA:46,0
DA:48,0
DA:50,0
DA:57,0
DA:59,0
LF:16
LH:4
BRDA:17,0,0,0
BRDA:17,0,1,0
BRDA:22,1,0,0
BRDA:22,1,1,0
BRDA:34,2,0,0
BRDA:34,2,1,0
BRDA:34,3,0,0
BRDA:34,3,1,0
BRDA:57,4,0,0
BRDA:57,4,1,0
BRDA:57,5,0,0
BRDA:57,5,1,0
BRF:12
BRH:0
end_of_record
TN:
SF:src\modules\boat-log\infrastructure\persistence\mongoose\mappers\BoatLogMapper.ts
FN:11,(anonymous_1)
FN:13,(anonymous_2)
FN:45,(anonymous_3)
FN:62,(anonymous_4)
FNF:4
FNH:0
FNDA:0,(anonymous_1)
FNDA:0,(anonymous_2)
FNDA:0,(anonymous_3)
FNDA:0,(anonymous_4)
DA:2,14
DA:6,14
DA:9,14
DA:13,0
DA:15,0
DA:19,0
DA:47,0
DA:50,0
DA:62,0
LF:9
LH:3
BRDA:13,0,0,0
BRDA:13,0,1,0
BRDA:15,1,0,0
BRDA:15,1,1,0
BRDA:30,2,0,0
BRDA:30,2,1,0
BRDA:63,3,0,0
BRDA:63,3,1,0
BRF:8
BRH:0
end_of_record
TN:
SF:src\modules\boat-log\presentation\http\BoatLogController.ts
FN:32,getBoatLogs
FN:48,createBoatLog
FN:68,updateBoatLog
FN:84,toggleLikeBoatLog
FN:104,deleteBoatLog
FNF:5
FNH:0
FNDA:0,getBoatLogs
FNDA:0,createBoatLog
FNDA:0,updateBoatLog
FNDA:0,toggleLikeBoatLog
FNDA:0,deleteBoatLog
DA:4,3
DA:6,3
DA:9,3
DA:11,3
DA:13,3
DA:15,3
DA:16,3
DA:19,3
DA:21,3
DA:23,3
DA:25,3
DA:26,3
DA:32,3
DA:33,0
DA:35,0
DA:37,0
DA:40,0
DA:48,3
DA:50,0
DA:51,0
DA:53,0
DA:55,0
DA:63,0
DA:68,3
DA:69,0
DA:70,0
DA:71,0
DA:73,0
DA:74,0
DA:75,0
DA:80,0
DA:84,3
DA:86,0
DA:88,0
DA:90,0
DA:92,0
DA:94,0
DA:96,0
DA:99,0
DA:104,3
DA:106,0
DA:108,0
DA:110,0
DA:112,0
DA:114,0
DA:116,0
DA:119,0
LF:47
LH:17
BRDA:71,0,0,0
BRDA:71,0,1,0
BRDA:90,1,0,0
BRDA:90,1,1,0
BRDA:110,2,0,0
BRDA:110,2,1,0
BRF:6
BRH:0
end_of_record
TN:
SF:src\modules\iam\application\event-handlers\OnUserPremiumUpgraded.ts
FN:19,(anonymous_0)
FN:21,(anonymous_1)
FN:32,(anonymous_2)
FNF:3
FNH:1
FNDA:1,(anonymous_0)
FNDA:0,(anonymous_1)
FNDA:0,(anonymous_2)
DA:2,2
DA:4,2
DA:6,2
DA:8,2
DA:14,2
DA:20,1
DA:23,0
DA:33,0
DA:34,0
DA:36,0
DA:39,0
DA:40,0
DA:43,0
DA:44,0
DA:51,0
DA:52,0
DA:56,0
DA:57,0
DA:58,0
DA:64,0
LF:20
LH:6
BRDA:56,0,0,0
BRDA:56,0,1,0
BRF:2
BRH:0
end_of_record
TN:
SF:src\modules\iam\application\use-cases\DeleteAccountUseCase.ts
FN:34,(anonymous_1)
FN:39,(anonymous_2)
FN:87,(anonymous_3)
FN:88,(anonymous_4)
FN:90,(anonymous_5)
FN:175,(anonymous_6)
FN:183,(anonymous_7)
FN:192,(anonymous_8)
FN:197,(anonymous_9)
FNF:9
FNH:1
FNDA:3,(anonymous_1)
FNDA:0,(anonymous_2)
FNDA:0,(anonymous_3)
FNDA:0,(anonymous_4)
FNDA:0,(anonymous_5)
FNDA:0,(anonymous_6)
FNDA:0,(anonymous_7)
FNDA:0,(anonymous_8)
FNDA:0,(anonymous_9)
DA:2,4
DA:6,4
DA:8,4
DA:10,4
DA:12,4
DA:14,4
DA:17,4
DA:18,4
DA:19,4
DA:20,4
DA:21,4
DA:22,4
DA:23,4
DA:24,4
DA:25,4
DA:26,4
DA:32,4
DA:34,3
DA:41,0
DA:42,0
DA:45,0
DA:46,0
DA:48,0
DA:49,0
DA:50,0
DA:52,0
DA:54,0
DA:55,0
DA:58,0
DA:60,0
DA:61,0
DA:63,0
DA:67,0
DA:70,0
DA:71,0
DA:72,0
DA:79,0
DA:80,0
DA:84,0
DA:86,0
DA:87,0
DA:88,0
DA:90,0
DA:94,0
DA:101,0
DA:103,0
DA:109,0
DA:111,0
DA:113,0
DA:115,0
DA:119,0
DA:122,0
DA:127,0
DA:132,0
DA:134,0
DA:136,0
DA:138,0
DA:140,0
DA:142,0
DA:145,0
DA:146,0
DA:148,0
DA:155,0
DA:158,0
DA:159,0
DA:162,0
DA:163,0
DA:164,0
DA:167,0
DA:172,0
DA:173,0
DA:175,0
DA:179,0
DA:180,0
DA:181,0
DA:182,0
DA:183,0
DA:184,0
DA:190,0
DA:191,0
DA:192,0
DA:193,0
DA:194,0
DA:195,0
DA:197,0
LF:85
LH:18
BRDA:42,0,0,0
BRDA:42,0,1,0
BRDA:60,1,0,0
BRDA:60,1,1,0
BRDA:60,2,0,0
BRDA:60,2,1,0
BRDA:87,3,0,0
BRDA:87,3,1,0
BRDA:101,4,0,0
BRDA:101,4,1,0
BRDA:158,5,0,0
BRDA:158,5,1,0
BRDA:162,6,0,0
BRDA:162,6,1,0
BRDA:172,7,0,0
BRDA:172,7,1,0
BRDA:179,8,0,0
BRDA:179,8,1,0
BRDA:190,9,0,0
BRDA:190,9,1,0
BRF:20
BRH:0
end_of_record
TN:
SF:src\modules\iam\application\use-cases\GoogleAuthUseCase.ts
FN:13,(anonymous_0)
FN:16,(anonymous_1)
FNF:2
FNH:1
FNDA:3,(anonymous_0)
FNDA:0,(anonymous_1)
DA:4,4
DA:6,4
DA:8,4
DA:11,4
DA:13,3
DA:17,0
DA:18,0
DA:19,0
DA:22,0
DA:23,0
DA:24,0
DA:27,0
DA:28,0
DA:29,0
DA:30,0
DA:31,0
DA:32,0
DA:37,0
DA:38,0
DA:42,0
DA:44,0
DA:46,0
DA:47,0
DA:51,0
DA:60,0
DA:61,0
DA:65,0
DA:66,0
DA:70,0
DA:71,0
DA:72,0
DA:76,0
DA:77,0
DA:78,0
DA:79,0
DA:83,0
DA:84,0
DA:87,0
DA:88,0
DA:89,0
DA:91,0
DA:92,0
DA:93,0
DA:97,0
DA:111,0
DA:112,0
DA:117,0
DA:120,0
DA:121,0
DA:122,0
DA:127,0
DA:128,0
DA:129,0
DA:133,0
DA:134,0
DA:136,0
DA:141,0
DA:142,0
DA:143,0
DA:146,0
DA:150,0
LF:61
LH:5
BRDA:23,0,0,0
BRDA:23,0,1,0
BRDA:24,1,0,0
BRDA:24,1,1,0
BRDA:27,2,0,0
BRDA:27,2,1,0
BRDA:29,3,0,0
BRDA:29,3,1,0
BRDA:37,4,0,0
BRDA:37,4,1,0
BRDA:46,5,0,0
BRDA:46,5,1,0
BRDA:60,6,0,0
BRDA:60,6,1,0
BRDA:60,7,0,0
BRDA:60,7,1,0
BRDA:65,8,0,0
BRDA:65,8,1,0
BRDA:71,9,0,0
BRDA:71,9,1,0
BRDA:71,10,0,0
BRDA:71,10,1,0
BRDA:77,11,0,0
BRDA:77,11,1,0
BRDA:78,12,0,0
BRDA:78,12,1,0
BRDA:87,13,0,0
BRDA:87,13,1,0
BRDA:91,14,0,0
BRDA:91,14,1,0
BRDA:105,15,0,0
BRDA:105,15,1,0
BRDA:120,16,0,0
BRDA:120,16,1,0
BRDA:120,17,0,0
BRDA:120,17,1,0
BRDA:133,18,0,0
BRDA:133,18,1,0
BRDA:133,19,0,0
BRDA:133,19,1,0
BRDA:133,19,2,0
BRF:41
BRH:0
end_of_record
TN:
SF:src\modules\iam\application\use-cases\UpdateProfileUseCase.ts
FN:26,(anonymous_0)
FN:34,(anonymous_1)
FN:73,(anonymous_2)
FNF:3
FNH:1
FNDA:3,(anonymous_0)
FNDA:0,(anonymous_1)
FNDA:0,(anonymous_2)
DA:4,4
DA:6,4
DA:8,4
DA:10,4
DA:12,4
DA:14,4
DA:24,4
DA:27,3
DA:28,3
DA:39,0
DA:40,0
DA:45,0
DA:46,0
DA:48,0
DA:49,0
DA:50,0
DA:54,0
DA:57,0
DA:58,0
DA:62,0
DA:66,0
DA:68,0
DA:70,0
DA:71,0
DA:73,0
DA:74,0
DA:79,0
DA:81,0
DA:85,0
DA:88,0
DA:89,0
DA:90,0
DA:93,0
DA:96,0
DA:97,0
DA:98,0
DA:101,0
DA:108,0
DA:111,0
DA:115,0
LF:40
LH:9
BRDA:40,0,0,0
BRDA:40,0,1,0
BRDA:45,1,0,0
BRDA:45,1,1,0
BRDA:49,2,0,0
BRDA:49,2,1,0
BRDA:49,3,0,0
BRDA:49,3,1,0
BRDA:57,4,0,0
BRDA:57,4,1,0
BRDA:66,5,0,0
BRDA:66,5,1,0
BRDA:68,6,0,0
BRDA:68,6,1,0
BRDA:71,7,0,0
BRDA:71,7,1,0
BRDA:90,8,0,0
BRDA:90,8,1,0
BRDA:98,9,0,0
BRDA:98,9,1,0
BRF:20
BRH:0
end_of_record
TN:
SF:src\modules\iam\domain\entities\User.ts
FN:32,(anonymous_0)
FN:42,(anonymous_1)
FN:55,(anonymous_2)
FN:74,(anonymous_3)
FN:81,(anonymous_4)
FN:88,(anonymous_5)
FN:95,(anonymous_6)
FN:103,(anonymous_7)
FN:112,(anonymous_8)
FN:113,(anonymous_9)
FN:120,(anonymous_10)
FN:129,(anonymous_11)
FN:130,(anonymous_12)
FN:137,(anonymous_13)
FN:155,(anonymous_14)
FN:156,(anonymous_15)
FN:157,(anonymous_16)
FN:158,(anonymous_17)
FN:159,(anonymous_18)
FN:160,(anonymous_19)
FN:161,(anonymous_20)
FN:162,(anonymous_21)
FN:163,(anonymous_22)
FN:164,(anonymous_23)
FN:165,(anonymous_24)
FNF:25
FNH:7
FNDA:2,(anonymous_0)
FNDA:1,(anonymous_1)
FNDA:2,(anonymous_2)
FNDA:0,(anonymous_3)
FNDA:0,(anonymous_4)
FNDA:0,(anonymous_5)
FNDA:0,(anonymous_6)
FNDA:0,(anonymous_7)
FNDA:0,(anonymous_8)
FNDA:0,(anonymous_9)
FNDA:0,(anonymous_10)
FNDA:0,(anonymous_11)
FNDA:0,(anonymous_12)
FNDA:0,(anonymous_13)
FNDA:1,(anonymous_14)
FNDA:1,(anonymous_15)
FNDA:0,(anonymous_16)
FNDA:0,(anonymous_17)
FNDA:0,(anonymous_18)
FNDA:0,(anonymous_19)
FNDA:2,(anonymous_20)
FNDA:1,(anonymous_21)
FNDA:0,(anonymous_22)
FNDA:0,(anonymous_23)
FNDA:0,(anonymous_24)
DA:2,63
DA:4,63
DA:6,63
DA:26,63
DA:33,2
DA:34,1
DA:44,1
DA:46,1
DA:48,1
DA:56,2
DA:57,1
DA:60,1
DA:62,1
DA:63,1
DA:66,1
DA:67,1
DA:75,0
DA:82,0
DA:89,0
DA:96,0
DA:104,0
DA:105,0
DA:113,0
DA:121,0
DA:122,0
DA:130,0
DA:138,0
DA:155,1
DA:156,1
DA:157,0
DA:158,0
DA:159,0
DA:160,0
DA:161,2
DA:162,1
DA:163,0
DA:164,0
DA:165,0
LF:38
LH:20
BRDA:33,0,0,1
BRDA:33,0,1,1
BRDA:44,1,0,0
BRDA:44,1,1,1
BRDA:56,2,0,1
BRDA:56,2,1,1
BRDA:56,3,0,2
BRDA:56,3,1,2
BRDA:62,4,0,1
BRDA:62,4,1,0
BRDA:66,5,0,1
BRDA:66,5,1,0
BRDA:104,6,0,0
BRDA:104,6,1,0
BRDA:121,7,0,0
BRDA:121,7,1,0
BRF:16
BRH:9
end_of_record
TN:
SF:src\modules\iam\domain\events\UserPremiumUpgradedEvent.ts
FN:13,(anonymous_0)
FN:22,(anonymous_1)
FNF:2
FNH:2
FNDA:1,(anonymous_0)
FNDA:1,(anonymous_1)
DA:8,65
DA:13,1
DA:15,1
DA:23,1
LF:4
LH:4
BRF:0
BRH:0
end_of_record
TN:
SF:src\modules\iam\infrastructure\external-services\CloudinaryImageUploader.ts
FN:15,(anonymous_0)
FN:17,(anonymous_1)
FN:21,(anonymous_2)
FNF:3
FNH:0
FNDA:0,(anonymous_0)
FNDA:0,(anonymous_1)
FNDA:0,(anonymous_2)
DA:4,4
DA:10,4
DA:17,0
DA:18,0
DA:21,0
DA:24,0
DA:27,0
LF:7
LH:2
BRDA:21,0,0,0
BRDA:21,0,1,0
BRDA:27,1,0,0
BRDA:27,1,1,0
BRF:4
BRH:0
end_of_record
TN:
SF:src\modules\iam\infrastructure\persistence\mongoose\MongooseUserRepository.ts
FN:21,(anonymous_1)
FN:34,(anonymous_2)
FN:45,(anonymous_3)
FN:66,(anonymous_4)
FN:76,(anonymous_5)
FN:84,(anonymous_6)
FNF:6
FNH:0
FNDA:0,(anonymous_1)
FNDA:0,(anonymous_2)
FNDA:0,(anonymous_3)
FNDA:0,(anonymous_4)
FNDA:0,(anonymous_5)
FNDA:0,(anonymous_6)
DA:6,60
DA:8,60
DA:10,60
DA:16,60
DA:23,0
DA:25,0
DA:26,0
DA:28,0
DA:36,0
DA:37,0
DA:39,0
DA:47,0
DA:50,0
DA:52,0
DA:55,0
DA:57,0
DA:59,0
DA:68,0
DA:69,0
DA:78,0
DA:85,0
DA:86,0
LF:22
LH:4
BRDA:23,0,0,0
BRDA:23,0,1,0
BRDA:26,1,0,0
BRDA:26,1,1,0
BRDA:37,2,0,0
BRDA:37,2,1,0
BRDA:50,3,0,0
BRDA:50,3,1,0
BRDA:50,4,0,0
BRDA:50,4,1,0
BRDA:68,5,0,0
BRDA:68,5,1,0
BRDA:68,6,0,0
BRDA:68,6,1,0
BRDA:85,7,0,0
BRDA:85,7,1,0
BRF:16
BRH:0
end_of_record
TN:
SF:src\modules\iam\infrastructure\persistence\mongoose\mappers\UserMapper.ts
FN:18,(anonymous_1)
FN:31,(anonymous_2)
FN:32,(anonymous_3)
FN:42,(anonymous_4)
FN:56,(anonymous_5)
FN:57,(anonymous_6)
FNF:6
FNH:0
FNDA:0,(anonymous_1)
FNDA:0,(anonymous_2)
FNDA:0,(anonymous_3)
FNDA:0,(anonymous_4)
FNDA:0,(anonymous_5)
FNDA:0,(anonymous_6)
DA:2,61
DA:6,61
DA:12,61
DA:19,0
DA:31,0
DA:32,0
DA:44,0
DA:45,0
DA:56,0
DA:57,0
LF:10
LH:3
BRDA:29,0,0,0
BRDA:29,0,1,0
BRDA:31,1,0,0
BRDA:31,1,1,0
BRDA:32,2,0,0
BRDA:32,2,1,0
BRF:6
BRH:0
end_of_record
TN:
SF:src\modules\iam\presentation\http\AuthController.ts
FN:40,(anonymous_1)
FN:49,storeRefreshSession
FN:70,findRefreshSession
FN:122,signToken
FN:142,logout
FN:186,deleteAccount
FN:211,updateProfile
FN:230,me
FN:288,refreshToken
FN:356,(anonymous_10)
FN:401,googleAuth
FN:443,changePassword
FN:481,deletePassword
FNF:13
FNH:0
FNDA:0,(anonymous_1)
FNDA:0,storeRefreshSession
FNDA:0,findRefreshSession
FNDA:0,signToken
FNDA:0,logout
FNDA:0,deleteAccount
FNDA:0,updateProfile
FNDA:0,me
FNDA:0,refreshToken
FNDA:0,(anonymous_10)
FNDA:0,googleAuth
FNDA:0,changePassword
FNDA:0,deletePassword
DA:2,3
DA:3,3
DA:4,3
DA:6,3
DA:8,3
DA:13,3
DA:15,3
DA:16,3
DA:19,3
DA:20,3
DA:21,3
DA:22,3
DA:23,3
DA:26,3
DA:32,3
DA:38,3
DA:39,3
DA:40,3
DA:41,0
DA:53,0
DA:73,0
DA:74,0
DA:75,0
DA:76,0
DA:78,0
DA:84,0
DA:85,0
DA:86,0
DA:87,0
DA:94,0
DA:95,0
DA:98,0
DA:99,0
DA:101,0
DA:102,0
DA:103,0
DA:104,0
DA:105,0
DA:107,0
DA:112,0
DA:118,0
DA:123,0
DA:124,0
DA:125,0
DA:126,0
DA:130,3
DA:131,3
DA:134,3
DA:138,3
DA:139,3
DA:142,3
DA:143,0
DA:144,0
DA:147,0
DA:148,0
DA:149,0
DA:150,0
DA:152,0
DA:155,0
DA:158,0
DA:159,0
DA:161,0
DA:162,0
DA:164,0
DA:165,0
DA:167,0
DA:169,0
DA:174,0
DA:175,0
DA:176,0
DA:182,0
DA:186,3
DA:187,0
DA:188,0
DA:190,0
DA:193,0
DA:194,0
DA:195,0
DA:200,0
DA:201,0
DA:206,0
DA:211,3
DA:212,0
DA:213,0
DA:215,0
DA:217,0
DA:222,0
DA:223,0
DA:225,0
DA:230,3
DA:231,0
DA:232,0
DA:234,0
DA:236,0
DA:242,0
DA:243,0
DA:245,0
DA:246,0
DA:247,0
DA:248,0
DA:252,0
DA:253,0
DA:254,0
DA:257,0
DA:273,0
DA:274,0
DA:275,0
DA:280,0
DA:288,3
DA:289,0
DA:290,0
DA:294,0
DA:295,0
DA:301,0
DA:302,0
DA:303,0
DA:304,0
DA:306,0
DA:310,0
DA:311,0
DA:312,0
DA:313,0
DA:314,0
DA:320,0
DA:323,0
DA:324,0
DA:325,0
DA:332,0
DA:333,0
DA:338,0
DA:339,0
DA:340,0
DA:342,0
DA:343,0
DA:350,0
DA:351,0
DA:355,0
DA:356,0
DA:357,0
DA:358,0
DA:360,0
DA:364,0
DA:365,0
DA:366,0
DA:369,0
DA:376,0
DA:379,0
DA:381,0
DA:384,0
DA:387,0
DA:388,0
DA:390,0
DA:391,0
DA:393,0
DA:395,0
DA:396,0
DA:401,3
DA:402,0
DA:404,0
DA:405,0
DA:410,0
DA:411,0
DA:413,0
DA:416,0
DA:421,0
DA:423,0
DA:426,0
DA:433,0
DA:434,0
DA:436,0
DA:438,0
DA:443,3
DA:444,0
DA:445,0
DA:447,0
DA:448,0
DA:451,0
DA:452,0
DA:453,0
DA:454,0
DA:457,0
DA:459,0
DA:460,0
DA:461,0
DA:463,0
DA:464,0
DA:465,0
DA:469,0
DA:470,0
DA:471,0
DA:473,0
DA:474,0
DA:476,0
DA:481,3
DA:482,0
DA:484,0
DA:485,0
DA:486,0
DA:487,0
DA:491,0
DA:492,0
DA:494,0
DA:495,0
DA:497,0
LF:204
LH:31
BRDA:74,0,0,0
BRDA:74,0,1,0
BRDA:99,1,0,0
BRDA:99,1,1,0
BRDA:105,2,0,0
BRDA:105,2,1,0
BRDA:105,3,0,0
BRDA:105,3,1,0
BRDA:110,4,0,0
BRDA:110,4,1,0
BRDA:124,5,0,0
BRDA:124,5,1,0
BRDA:147,6,0,0
BRDA:147,6,1,0
BRDA:149,7,0,0
BRDA:149,7,1,0
BRDA:155,8,0,0
BRDA:155,8,1,0
BRDA:159,9,0,0
BRDA:159,9,1,0
BRDA:162,10,0,0
BRDA:162,10,1,0
BRDA:232,11,0,0
BRDA:232,11,1,0
BRDA:243,12,0,0
BRDA:243,12,1,0
BRDA:246,13,0,0
BRDA:246,13,1,0
BRDA:252,14,0,0
BRDA:252,14,1,0
BRDA:270,15,0,0
BRDA:270,15,1,0
BRDA:270,16,0,0
BRDA:270,16,1,0
BRDA:274,17,0,0
BRDA:274,17,1,0
BRDA:294,18,0,0
BRDA:294,18,1,0
BRDA:303,19,0,0
BRDA:303,19,1,0
BRDA:323,20,0,0
BRDA:323,20,1,0
BRDA:338,21,0,0
BRDA:338,21,1,0
BRDA:355,22,0,0
BRDA:355,22,1,0
BRDA:404,23,0,0
BRDA:404,23,1,0
BRDA:416,24,0,0
BRDA:416,24,1,0
BRDA:418,25,0,0
BRDA:418,25,1,0
BRDA:418,26,0,0
BRDA:418,26,1,0
BRDA:447,27,0,0
BRDA:447,27,1,0
BRDA:447,28,0,0
BRDA:447,28,1,0
BRDA:453,29,0,0
BRDA:453,29,1,0
BRDA:459,30,0,0
BRDA:459,30,1,0
BRDA:460,31,0,0
BRDA:460,31,1,0
BRDA:464,32,0,0
BRDA:464,32,1,0
BRDA:486,33,0,0
BRDA:486,33,1,0
BRF:68
BRH:0
end_of_record
TN:
SF:src\modules\post\application\use-cases\AddCommentUseCase.ts
FN:15,(anonymous_0)
FN:24,(anonymous_1)
FNF:2
FNH:1
FNDA:3,(anonymous_0)
FNDA:0,(anonymous_1)
DA:6,4
DA:8,4
DA:13,4
DA:15,3
DA:26,0
DA:28,0
DA:29,0
DA:33,0
DA:35,0
DA:36,0
DA:40,0
DA:43,0
DA:46,0
LF:13
LH:4
BRDA:28,0,0,0
BRDA:28,0,1,0
BRDA:35,1,0,0
BRDA:35,1,1,0
BRDA:40,2,0,0
BRDA:40,2,1,0
BRF:6
BRH:0
end_of_record
TN:
SF:src\modules\post\application\use-cases\CreatePostUseCase.ts
FN:34,(anonymous_0)
FN:39,(anonymous_1)
FN:75,(anonymous_2)
FNF:3
FNH:1
FNDA:3,(anonymous_0)
FNDA:0,(anonymous_1)
FNDA:0,(anonymous_2)
DA:4,4
DA:6,4
DA:8,4
DA:10,4
DA:12,4
DA:32,4
DA:34,3
DA:41,0
DA:43,0
DA:44,0
DA:48,0
DA:72,0
DA:75,0
DA:77,0
DA:81,0
LF:15
LH:7
BRDA:43,0,0,0
BRDA:43,0,1,0
BRDA:54,1,0,0
BRDA:54,1,1,0
BRDA:60,2,0,0
BRDA:60,2,1,0
BRDA:62,3,0,0
BRDA:62,3,1,0
BRF:8
BRH:0
end_of_record
TN:
SF:src\modules\post\application\use-cases\DeleteCommentUseCase.ts
FN:13,(anonymous_0)
FN:22,(anonymous_1)
FNF:2
FNH:1
FNDA:3,(anonymous_0)
FNDA:0,(anonymous_1)
DA:6,4
DA:11,4
DA:13,3
DA:29,0
DA:31,0
DA:32,0
DA:36,0
DA:39,0
DA:42,0
LF:9
LH:3
BRDA:31,0,0,0
BRDA:31,0,1,0
BRF:2
BRH:0
end_of_record
TN:
SF:src\modules\post\application\use-cases\DeletePostUseCase.ts
FN:12,(anonymous_0)
FN:17,(anonymous_1)
FNF:2
FNH:1
FNDA:3,(anonymous_0)
FNDA:0,(anonymous_1)
DA:4,4
DA:10,4
DA:12,3
DA:19,0
DA:21,0
DA:22,0
DA:26,0
DA:28,0
DA:32,0
LF:9
LH:3
BRDA:21,0,0,0
BRDA:21,0,1,0
BRDA:26,1,0,0
BRDA:26,1,1,0
BRDA:26,2,0,0
BRDA:26,2,1,0
BRF:6
BRH:0
end_of_record
TN:
SF:src\modules\post\application\use-cases\ToggleLikeCommentUseCase.ts
FN:9,(anonymous_0)
FN:14,(anonymous_1)
FNF:2
FNH:1
FNDA:3,(anonymous_0)
FNDA:0,(anonymous_1)
DA:2,4
DA:8,4
DA:9,3
DA:15,0
DA:16,0
DA:17,0
DA:20,0
DA:22,0
DA:24,0
LF:9
LH:3
BRDA:16,0,0,0
BRDA:16,0,1,0
BRF:2
BRH:0
end_of_record
TN:
SF:src\modules\post\application\use-cases\ToggleLikePostUseCase.ts
FN:11,(anonymous_0)
FN:16,(anonymous_1)
FNF:2
FNH:1
FNDA:3,(anonymous_0)
FNDA:0,(anonymous_1)
DA:4,4
DA:9,4
DA:11,3
DA:18,0
DA:20,0
DA:21,0
DA:25,0
DA:28,0
DA:31,0
LF:9
LH:3
BRDA:20,0,0,0
BRDA:20,0,1,0
BRF:2
BRH:0
end_of_record
TN:
SF:src\modules\post\domain\entities\Post.ts
FN:57,(anonymous_1)
FN:65,(anonymous_2)
FN:79,(anonymous_3)
FN:97,(anonymous_4)
FN:125,(anonymous_5)
FN:126,(anonymous_6)
FN:144,(anonymous_7)
FN:146,(anonymous_8)
FN:164,(anonymous_9)
FN:195,(anonymous_10)
FN:197,(anonymous_11)
FN:199,(anonymous_12)
FNF:12
FNH:8
FNDA:5,(anonymous_1)
FNDA:5,(anonymous_2)
FNDA:2,(anonymous_3)
FNDA:4,(anonymous_4)
FNDA:0,(anonymous_5)
FNDA:0,(anonymous_6)
FNDA:4,(anonymous_7)
FNDA:4,(anonymous_8)
FNDA:0,(anonymous_9)
FNDA:0,(anonymous_10)
FNDA:2,(anonymous_11)
FNDA:7,(anonymous_12)
DA:2,30
DA:4,30
DA:6,30
DA:55,30
DA:59,5
DA:61,5
DA:67,5
DA:69,1
DA:72,4
DA:74,1
DA:81,2
DA:83,2
DA:85,1
DA:87,1
DA:90,1
DA:92,1
DA:99,4
DA:101,1
DA:104,3
DA:126,0
DA:127,0
DA:128,0
DA:130,0
DA:131,0
DA:133,0
DA:134,0
DA:135,0
DA:136,0
DA:138,0
DA:139,0
DA:146,4
DA:148,4
DA:150,0
DA:153,4
DA:155,4
DA:157,1
DA:160,3
DA:166,0
DA:195,0
DA:197,2
DA:199,7
LF:41
LH:27
BRDA:67,0,0,1
BRDA:67,0,1,4
BRDA:67,1,0,5
BRDA:67,1,1,4
BRDA:72,2,0,1
BRDA:72,2,1,3
BRDA:72,3,0,4
BRDA:72,3,1,4
BRDA:83,4,0,1
BRDA:83,4,1,1
BRDA:99,5,0,1
BRDA:99,5,1,3
BRDA:99,6,0,4
BRDA:99,6,1,3
BRDA:127,7,0,0
BRDA:127,7,1,0
BRDA:130,8,0,0
BRDA:130,8,1,0
BRDA:134,9,0,0
BRDA:134,9,1,0
BRDA:148,10,0,0
BRDA:148,10,1,4
BRDA:155,11,0,1
BRDA:155,11,1,3
BRDA:155,12,0,4
BRDA:155,12,1,3
BRDA:155,12,2,2
BRF:27
BRH:20
end_of_record
TN:
SF:src\modules\post\infrastructure\persistence\mongoose\MongoosePostRepository.ts
FN:19,(anonymous_1)
FN:35,(anonymous_2)
FN:69,(anonymous_3)
FNF:3
FNH:0
FNDA:0,(anonymous_1)
FNDA:0,(anonymous_2)
FNDA:0,(anonymous_3)
DA:6,28
DA:8,28
DA:10,28
DA:15,28
DA:21,0
DA:24,0
DA:26,0
DA:29,0
DA:37,0
DA:40,0
DA:42,0
DA:48,0
DA:50,0
DA:51,0
DA:55,0
DA:57,0
DA:59,0
DA:61,0
DA:62,0
DA:71,0
DA:73,0
LF:21
LH:4
BRDA:21,0,0,0
BRDA:21,0,1,0
BRDA:26,1,0,0
BRDA:26,1,1,0
BRDA:40,2,0,0
BRDA:40,2,1,0
BRDA:40,3,0,0
BRDA:40,3,1,0
BRDA:48,4,0,0
BRDA:48,4,1,0
BRDA:71,5,0,0
BRDA:71,5,1,0
BRDA:71,6,0,0
BRDA:71,6,1,0
BRF:14
BRH:0
end_of_record
TN:
SF:src\modules\post\infrastructure\persistence\mongoose\mappers\PostMapper.ts
FN:16,(anonymous_1)
FN:18,(anonymous_2)
FN:24,(anonymous_3)
FN:38,(anonymous_4)
FN:77,(anonymous_5)
FN:98,(anonymous_6)
FN:100,(anonymous_7)
FN:118,(anonymous_8)
FNF:8
FNH:0
FNDA:0,(anonymous_1)
FNDA:0,(anonymous_2)
FNDA:0,(anonymous_3)
FNDA:0,(anonymous_4)
FNDA:0,(anonymous_5)
FNDA:0,(anonymous_6)
FNDA:0,(anonymous_7)
FNDA:0,(anonymous_8)
DA:2,29
DA:6,29
DA:12,29
DA:18,0
DA:20,0
DA:24,0
DA:38,0
DA:44,0
DA:79,0
DA:82,0
DA:98,0
DA:100,0
DA:118,0
LF:13
LH:3
BRDA:18,0,0,0
BRDA:18,0,1,0
BRDA:20,1,0,0
BRDA:20,1,1,0
BRDA:24,2,0,0
BRDA:24,2,1,0
BRDA:26,3,0,0
BRDA:26,3,1,0
BRDA:36,4,0,0
BRDA:36,4,1,0
BRDA:38,5,0,0
BRDA:38,5,1,0
BRDA:57,6,0,0
BRDA:57,6,1,0
BRDA:59,7,0,0
BRDA:59,7,1,0
BRDA:65,8,0,0
BRDA:65,8,1,0
BRDA:103,9,0,0
BRDA:103,9,1,0
BRDA:103,10,0,0
BRDA:103,10,1,0
BRDA:114,11,0,0
BRDA:114,11,1,0
BRDA:114,12,0,0
BRDA:114,12,1,0
BRDA:118,13,0,0
BRDA:118,13,1,0
BRDA:120,14,0,0
BRDA:120,14,1,0
BRF:30
BRH:0
end_of_record
TN:
SF:src\modules\post\presentation\http\PostController.ts
FN:43,getPosts
FN:58,getPostById
FN:80,createPost
FN:100,toggleLikePost
FN:122,addComment
FN:150,deletePost
FN:172,deleteComment
FN:200,updatePost
FN:235,toggleLikeComment
FNF:9
FNH:0
FNDA:0,getPosts
FNDA:0,getPostById
FNDA:0,createPost
FNDA:0,toggleLikePost
FNDA:0,addComment
FNDA:0,deletePost
FNDA:0,deleteComment
FNDA:0,updatePost
FNDA:0,toggleLikeComment
DA:4,3
DA:6,3
DA:10,3
DA:12,3
DA:14,3
DA:16,3
DA:18,3
DA:20,3
DA:21,3
DA:24,3
DA:26,3
DA:28,3
DA:30,3
DA:32,3
DA:34,3
DA:36,3
DA:43,3
DA:44,0
DA:46,0
DA:48,0
DA:51,0
DA:58,3
DA:60,0
DA:62,0
DA:64,0
DA:66,0
DA:68,0
DA:71,0
DA:80,3
DA:82,0
DA:83,0
DA:85,0
DA:87,0
DA:93,0
DA:100,3
DA:102,0
DA:104,0
DA:106,0
DA:108,0
DA:110,0
DA:112,0
DA:115,0
DA:122,3
DA:124,0
DA:126,0
DA:128,0
DA:131,0
DA:133,0
DA:135,0
DA:137,0
DA:143,0
DA:150,3
DA:152,0
DA:154,0
DA:156,0
DA:158,0
DA:160,0
DA:162,0
DA:165,0
DA:172,3
DA:174,0
DA:176,0
DA:178,0
DA:181,0
DA:183,0
DA:185,0
DA:187,0
DA:193,0
DA:200,3
DA:201,0
DA:202,0
DA:203,0
DA:205,0
DA:206,0
DA:207,0
DA:208,0
DA:211,0
DA:212,0
DA:215,0
DA:216,0
DA:217,0
DA:218,0
DA:219,0
DA:221,0
DA:223,0
DA:228,0
DA:235,3
DA:236,0
DA:237,0
DA:238,0
DA:240,0
DA:242,0
DA:243,0
DA:244,0
DA:249,0
LF:95
LH:25
BRDA:62,0,0,0
BRDA:62,0,1,0
BRDA:106,1,0,0
BRDA:106,1,1,0
BRDA:131,2,0,0
BRDA:131,2,1,0
BRDA:156,3,0,0
BRDA:156,3,1,0
BRDA:181,4,0,0
BRDA:181,4,1,0
BRDA:203,5,0,0
BRDA:203,5,1,0
BRDA:207,6,0,0
BRDA:207,6,1,0
BRDA:211,7,0,0
BRDA:211,7,1,0
BRDA:211,8,0,0
BRDA:211,8,1,0
BRDA:216,9,0,0
BRDA:216,9,1,0
BRDA:217,10,0,0
BRDA:217,10,1,0
BRDA:218,11,0,0
BRDA:218,11,1,0
BRDA:219,12,0,0
BRDA:219,12,1,0
BRDA:240,13,0,0
BRDA:240,13,1,0
BRF:28
BRH:0
end_of_record
TN:
SF:src\modules\product\application\use-cases\BumpProductUseCase.ts
FN:11,(anonymous_0)
FN:14,(anonymous_1)
FN:29,(anonymous_2)
FN:31,(anonymous_3)
FNF:4
FNH:1
FNDA:3,(anonymous_0)
FNDA:0,(anonymous_1)
FNDA:0,(anonymous_2)
FNDA:0,(anonymous_3)
DA:4,4
DA:6,4
DA:9,4
DA:11,3
DA:16,0
DA:18,0
DA:20,0
DA:24,0
DA:26,0
DA:29,0
DA:31,0
LF:11
LH:4
BRDA:18,0,0,0
BRDA:18,0,1,0
BRF:2
BRH:0
end_of_record
TN:
SF:src\modules\product\application\use-cases\CreateProductUseCase.ts
FN:23,(anonymous_0)
FN:26,(anonymous_1)
FN:170,(anonymous_2)
FN:176,(anonymous_3)
FN:184,(anonymous_4)
FNF:5
FNH:1
FNDA:3,(anonymous_0)
FNDA:0,(anonymous_1)
FNDA:0,(anonymous_2)
FNDA:0,(anonymous_3)
FNDA:0,(anonymous_4)
DA:4,4
DA:6,4
DA:8,4
DA:10,4
DA:12,4
DA:14,4
DA:16,4
DA:18,4
DA:21,4
DA:23,3
DA:45,0
DA:51,0
DA:53,0
DA:55,0
DA:58,0
DA:61,0
DA:63,0
DA:70,0
DA:72,0
DA:77,0
DA:79,0
DA:82,0
DA:84,0
DA:86,0
DA:89,0
DA:91,0
DA:93,0
DA:95,0
DA:99,0
DA:101,0
DA:103,0
DA:111,0
DA:119,0
DA:121,0
DA:124,0
DA:126,0
DA:128,0
DA:131,0
DA:135,0
DA:155,0
DA:157,0
DA:160,0
DA:162,0
DA:165,0
DA:170,0
DA:172,0
DA:176,0
DA:179,0
DA:184,0
DA:187,0
LF:50
LH:10
BRDA:51,0,0,0
BRDA:51,0,1,0
BRDA:53,1,0,0
BRDA:53,1,1,0
BRDA:53,2,0,0
BRDA:53,2,1,0
BRDA:61,3,0,0
BRDA:61,3,1,0
BRDA:61,4,0,0
BRDA:61,4,1,0
BRDA:70,5,0,0
BRDA:70,5,1,0
BRDA:70,6,0,0
BRDA:70,6,1,0
BRDA:79,7,0,0
BRDA:79,7,1,0
BRDA:89,8,0,0
BRDA:89,8,1,0
BRDA:89,9,0,0
BRDA:89,9,1,0
BRDA:93,10,0,0
BRDA:93,10,1,0
BRDA:99,11,0,0
BRDA:99,11,1,0
BRDA:111,12,0,0
BRDA:111,12,1,0
BRDA:119,13,0,0
BRDA:119,13,1,0
BRDA:121,14,0,0
BRDA:121,14,1,0
BRDA:124,15,0,0
BRDA:124,15,1,0
BRDA:124,16,0,0
BRDA:124,16,1,0
BRDA:126,17,0,0
BRDA:126,17,1,0
BRDA:126,18,0,0
BRDA:126,18,1,0
BRDA:142,19,0,0
BRDA:142,19,1,0
BRDA:148,20,0,0
BRDA:148,20,1,0
BRDA:150,21,0,0
BRDA:150,21,1,0
BRDA:151,22,0,0
BRDA:151,22,1,0
BRDA:160,23,0,0
BRDA:160,23,1,0
BRDA:160,24,0,0
BRDA:160,24,1,0
BRF:50
BRH:0
end_of_record
TN:
SF:src\modules\product\application\use-cases\DeleteProductUseCase.ts
FN:27,(anonymous_0)
FN:30,(anonymous_1)
FN:46,(anonymous_2)
FN:50,(anonymous_3)
FN:65,(anonymous_4)
FN:72,(anonymous_5)
FN:74,(anonymous_6)
FN:76,(anonymous_7)
FN:80,(anonymous_8)
FN:82,(anonymous_9)
FNF:10
FNH:1
FNDA:3,(anonymous_0)
FNDA:0,(anonymous_1)
FNDA:0,(anonymous_2)
FNDA:0,(anonymous_3)
FNDA:0,(anonymous_4)
FNDA:0,(anonymous_5)
FNDA:0,(anonymous_6)
FNDA:0,(anonymous_7)
FNDA:0,(anonymous_8)
FNDA:0,(anonymous_9)
DA:4,4
DA:6,4
DA:8,4
DA:10,4
DA:12,4
DA:14,4
DA:18,4
DA:20,4
DA:22,4
DA:25,4
DA:27,3
DA:32,0
DA:34,0
DA:37,0
DA:39,0
DA:44,0
DA:46,0
DA:48,0
DA:50,0
DA:52,0
DA:59,0
DA:61,0
DA:65,0
DA:67,0
DA:72,0
DA:74,0
DA:76,0
DA:80,0
DA:82,0
LF:29
LH:11
BRDA:34,0,0,0
BRDA:34,0,1,0
BRDA:37,1,0,0
BRDA:37,1,1,0
BRDA:37,2,0,0
BRDA:37,2,1,0
BRDA:44,3,0,0
BRDA:44,3,1,0
BRDA:44,4,0,0
BRDA:44,4,1,0
BRDA:48,5,0,0
BRDA:48,5,1,0
BRF:12
BRH:0
end_of_record
TN:
SF:src\modules\product\application\use-cases\UpdateProductUseCase.ts
FN:21,(anonymous_0)
FN:24,(anonymous_1)
FN:98,(anonymous_2)
FN:102,(anonymous_3)
FN:106,(anonymous_4)
FN:157,(anonymous_5)
FN:164,(anonymous_6)
FN:166,(anonymous_7)
FNF:8
FNH:1
FNDA:3,(anonymous_0)
FNDA:0,(anonymous_1)
FNDA:0,(anonymous_2)
FNDA:0,(anonymous_3)
FNDA:0,(anonymous_4)
FNDA:0,(anonymous_5)
FNDA:0,(anonymous_6)
FNDA:0,(anonymous_7)
DA:4,4
DA:6,4
DA:8,4
DA:10,4
DA:12,4
DA:14,4
DA:16,4
DA:19,4
DA:21,3
DA:26,0
DA:28,0
DA:31,0
DA:33,0
DA:38,0
DA:40,0
DA:42,0
DA:47,0
DA:49,0
DA:51,0
DA:54,0
DA:57,0
DA:59,0
DA:66,0
DA:68,0
DA:70,0
DA:72,0
DA:77,0
DA:79,0
DA:81,0
DA:85,0
DA:87,0
DA:89,0
DA:94,0
DA:96,0
DA:98,0
DA:100,0
DA:102,0
DA:104,0
DA:106,0
DA:108,0
DA:113,0
DA:117,0
DA:147,0
DA:149,0
DA:153,0
DA:157,0
DA:159,0
DA:164,0
DA:166,0
LF:49
LH:9
BRDA:28,0,0,0
BRDA:28,0,1,0
BRDA:31,1,0,0
BRDA:31,1,1,0
BRDA:31,2,0,0
BRDA:31,2,1,0
BRDA:38,3,0,0
BRDA:38,3,1,0
BRDA:40,4,0,0
BRDA:40,4,1,0
BRDA:40,5,0,0
BRDA:40,5,1,0
BRDA:42,6,0,0
BRDA:42,6,1,0
BRDA:42,7,0,0
BRDA:42,7,1,0
BRDA:47,8,0,0
BRDA:47,8,1,0
BRDA:49,9,0,0
BRDA:49,9,1,0
BRDA:49,10,0,0
BRDA:49,10,1,0
BRDA:57,11,0,0
BRDA:57,11,1,0
BRDA:57,12,0,0
BRDA:57,12,1,0
BRDA:66,13,0,0
BRDA:66,13,1,0
BRDA:66,14,0,0
BRDA:66,14,1,0
BRDA:68,15,0,0
BRDA:68,15,1,0
BRDA:68,16,0,0
BRDA:68,16,1,0
BRDA:70,17,0,0
BRDA:70,17,1,0
BRDA:70,18,0,0
BRDA:70,18,1,0
BRDA:77,19,0,0
BRDA:77,19,1,0
BRDA:79,20,0,0
BRDA:79,20,1,0
BRDA:85,21,0,0
BRDA:85,21,1,0
BRDA:96,22,0,0
BRDA:96,22,1,0
BRDA:96,23,0,0
BRDA:96,23,1,0
BRDA:98,24,0,0
BRDA:98,24,1,0
BRDA:100,25,0,0
BRDA:100,25,1,0
BRDA:104,26,0,0
BRDA:104,26,1,0
BRDA:119,27,0,0
BRDA:119,27,1,0
BRDA:121,28,0,0
BRDA:121,28,1,0
BRDA:125,29,0,0
BRDA:125,29,1,0
BRDA:127,30,0,0
BRDA:127,30,1,0
BRDA:135,31,0,0
BRDA:135,31,1,0
BRDA:135,32,0,0
BRDA:135,32,1,0
BRDA:137,33,0,0
BRDA:137,33,1,0
BRDA:139,34,0,0
BRDA:139,34,1,0
BRDA:139,35,0,0
BRDA:139,35,1,0
BRDA:143,36,0,0
BRDA:143,36,1,0
BRDA:147,37,0,0
BRDA:147,37,1,0
BRF:76
BRH:0
end_of_record
TN:
SF:src\modules\product\domain\entities\Product.ts
FN:56,(anonymous_0)
FN:77,(anonymous_1)
FN:111,(anonymous_2)
FN:128,(anonymous_3)
FN:150,(anonymous_4)
FN:165,(anonymous_5)
FN:211,(anonymous_6)
FN:217,(anonymous_7)
FN:223,(anonymous_8)
FN:273,(anonymous_9)
FN:275,(anonymous_10)
FN:277,(anonymous_11)
FN:279,(anonymous_12)
FN:281,(anonymous_13)
FN:283,(anonymous_14)
FN:285,(anonymous_15)
FN:287,(anonymous_16)
FN:289,(anonymous_17)
FN:291,(anonymous_18)
FN:293,(anonymous_19)
FN:295,(anonymous_20)
FN:297,(anonymous_21)
FN:299,(anonymous_22)
FN:301,(anonymous_23)
FN:303,(anonymous_24)
FN:305,(anonymous_25)
FN:307,(anonymous_26)
FN:309,(anonymous_27)
FN:311,(anonymous_28)
FNF:29
FNH:5
FNDA:3,(anonymous_0)
FNDA:3,(anonymous_1)
FNDA:1,(anonymous_2)
FNDA:0,(anonymous_3)
FNDA:0,(anonymous_4)
FNDA:0,(anonymous_5)
FNDA:0,(anonymous_6)
FNDA:0,(anonymous_7)
FNDA:1,(anonymous_8)
FNDA:0,(anonymous_9)
FNDA:0,(anonymous_10)
FNDA:0,(anonymous_11)
FNDA:0,(anonymous_12)
FNDA:0,(anonymous_13)
FNDA:2,(anonymous_14)
FNDA:0,(anonymous_15)
FNDA:0,(anonymous_16)
FNDA:0,(anonymous_17)
FNDA:0,(anonymous_18)
FNDA:0,(anonymous_19)
FNDA:0,(anonymous_20)
FNDA:0,(anonymous_21)
FNDA:0,(anonymous_22)
FNDA:0,(anonymous_23)
FNDA:0,(anonymous_24)
FNDA:0,(anonymous_25)
FNDA:0,(anonymous_26)
FNDA:0,(anonymous_27)
FNDA:0,(anonymous_28)
DA:2,7
DA:4,7
DA:54,7
DA:58,3
DA:73,3
DA:79,3
DA:81,0
DA:84,3
DA:86,0
DA:89,3
DA:91,0
DA:94,3
DA:96,0
DA:99,3
DA:101,1
DA:104,2
DA:106,1
DA:113,1
DA:115,0
DA:118,1
DA:119,1
DA:120,1
DA:130,0
DA:132,0
DA:136,0
DA:138,0
DA:140,0
DA:142,0
DA:146,0
DA:152,0
DA:154,0
DA:157,0
DA:159,0
DA:161,0
DA:180,0
DA:182,0
DA:184,0
DA:186,0
DA:188,0
DA:190,0
DA:192,0
DA:194,0
DA:196,0
DA:198,0
DA:200,0
DA:202,0
DA:205,0
DA:207,0
DA:213,0
DA:219,0
DA:225,1
DA:273,0
DA:275,0
DA:277,0
DA:279,0
DA:281,0
DA:283,2
DA:285,0
DA:287,0
DA:289,0
DA:291,0
DA:293,0
DA:295,0
DA:297,0
DA:299,0
DA:301,0
DA:303,0
DA:305,0
DA:307,0
DA:309,0
DA:311,0
LF:71
LH:19
BRDA:62,0,0,0
BRDA:62,0,1,3
BRDA:64,1,0,3
BRDA:64,1,1,3
BRDA:66,2,0,3
BRDA:66,2,1,3
BRDA:68,3,0,3
BRDA:68,3,1,3
BRDA:70,4,0,3
BRDA:70,4,1,3
BRDA:79,5,0,0
BRDA:79,5,1,3
BRDA:79,6,0,3
BRDA:79,6,1,3
BRDA:84,7,0,0
BRDA:84,7,1,3
BRDA:89,8,0,0
BRDA:89,8,1,3
BRDA:94,9,0,0
BRDA:94,9,1,3
BRDA:99,10,0,1
BRDA:99,10,1,2
BRDA:104,11,0,1
BRDA:104,11,1,1
BRDA:104,12,0,2
BRDA:104,12,1,1
BRDA:113,13,0,0
BRDA:113,13,1,1
BRDA:118,14,0,1
BRDA:118,14,1,0
BRDA:121,15,0,1
BRDA:121,15,1,0
BRDA:130,16,0,0
BRDA:130,16,1,0
BRDA:140,17,0,0
BRDA:140,17,1,0
BRDA:152,18,0,0
BRDA:152,18,1,0
BRDA:200,19,0,0
BRDA:200,19,1,0
BRDA:213,20,0,0
BRDA:213,20,1,0
BRF:42
BRH:24
end_of_record
TN:
SF:src\modules\product\domain\value-objects\GPSCoordinates.ts
FN:18,(anonymous_0)
FN:27,(anonymous_1)
FN:43,(anonymous_2)
FN:45,(anonymous_3)
FNF:4
FNH:2
FNDA:1,(anonymous_0)
FNDA:1,(anonymous_1)
FNDA:0,(anonymous_2)
FNDA:0,(anonymous_3)
DA:2,9
DA:4,9
DA:16,9
DA:20,1
DA:29,1
DA:31,0
DA:34,1
DA:36,0
DA:39,1
DA:43,0
DA:45,0
LF:11
LH:7
BRDA:29,0,0,0
BRDA:29,0,1,1
BRDA:29,1,0,1
BRDA:29,1,1,1
BRDA:34,2,0,0
BRDA:34,2,1,1
BRDA:34,3,0,1
BRDA:34,3,1,1
BRF:8
BRH:6
end_of_record
TN:
SF:src\modules\product\infrastructure\persistence\mongoose\MongooseProductRepository.ts
FN:15,(anonymous_1)
FN:27,(anonymous_2)
FN:45,(anonymous_3)
FNF:3
FNH:0
FNDA:0,(anonymous_1)
FNDA:0,(anonymous_2)
FNDA:0,(anonymous_3)
DA:6,4
DA:8,4
DA:10,4
DA:13,4
DA:17,0
DA:19,0
DA:21,0
DA:23,0
DA:29,0
DA:31,0
DA:33,0
DA:36,0
DA:38,0
DA:40,0
DA:47,0
DA:49,0
LF:16
LH:4
BRDA:17,0,0,0
BRDA:17,0,1,0
BRDA:21,1,0,0
BRDA:21,1,1,0
BRDA:21,2,0,0
BRDA:21,2,1,0
BRDA:31,3,0,0
BRDA:31,3,1,0
BRDA:31,4,0,0
BRDA:31,4,1,0
BRDA:47,5,0,0
BRDA:47,5,1,0
BRDA:47,6,0,0
BRDA:47,6,1,0
BRF:14
BRH:0
end_of_record
TN:
SF:src\modules\product\infrastructure\persistence\mongoose\mappers\ProductMapper.ts
FN:13,(anonymous_1)
FN:91,(anonymous_2)
FNF:2
FNH:0
FNDA:0,(anonymous_1)
FNDA:0,(anonymous_2)
DA:2,5
DA:4,5
DA:8,5
DA:11,5
DA:17,0
DA:19,0
DA:30,0
DA:32,0
DA:41,0
DA:93,0
DA:95,0
DA:128,0
DA:130,0
DA:137,0
DA:139,0
DA:146,0
DA:147,0
DA:150,0
DA:151,0
DA:154,0
DA:155,0
DA:159,0
LF:22
LH:4
BRDA:17,0,0,0
BRDA:17,0,1,0
BRDA:17,1,0,0
BRDA:17,1,1,0
BRDA:30,2,0,0
BRDA:30,2,1,0
BRDA:30,3,0,0
BRDA:30,3,1,0
BRDA:52,4,0,0
BRDA:52,4,1,0
BRDA:55,5,0,0
BRDA:55,5,1,0
BRDA:75,6,0,0
BRDA:75,6,1,0
BRDA:108,7,0,0
BRDA:108,7,1,0
BRDA:128,8,0,0
BRDA:128,8,1,0
BRDA:137,9,0,0
BRDA:137,9,1,0
BRDA:146,10,0,0
BRDA:146,10,1,0
BRDA:150,11,0,0
BRDA:150,11,1,0
BRDA:154,12,0,0
BRDA:154,12,1,0
BRF:26
BRH:0
end_of_record
TN:
SF:src\modules\product\presentation\http\ProductController.ts
FN:36,getProducts
FN:49,getProductById
FN:66,getMyProducts
FN:88,getTodayCount
FN:105,createProduct
FN:118,updateProduct
FN:135,deleteProduct
FN:152,bumpProduct
FNF:8
FNH:0
FNDA:0,getProducts
FNDA:0,getProductById
FNDA:0,getMyProducts
FNDA:0,getTodayCount
FNDA:0,createProduct
FNDA:0,updateProduct
FNDA:0,deleteProduct
FNDA:0,bumpProduct
DA:4,3
DA:6,3
DA:8,3
DA:12,3
DA:14,3
DA:16,3
DA:18,3
DA:20,3
DA:23,3
DA:25,3
DA:27,3
DA:29,3
DA:31,3
DA:36,3
DA:37,0
DA:39,0
DA:41,0
DA:44,0
DA:49,3
DA:51,0
DA:53,0
DA:54,0
DA:56,0
DA:58,0
DA:61,0
DA:66,3
DA:68,0
DA:70,0
DA:72,0
DA:74,0
DA:80,0
DA:83,0
DA:88,3
DA:89,0
DA:91,0
DA:93,0
DA:95,0
DA:98,0
DA:105,3
DA:106,0
DA:108,0
DA:110,0
DA:113,0
DA:118,3
DA:120,0
DA:122,0
DA:123,0
DA:125,0
DA:127,0
DA:130,0
DA:135,3
DA:137,0
DA:139,0
DA:140,0
DA:142,0
DA:144,0
DA:147,0
DA:152,3
DA:154,0
DA:156,0
DA:157,0
DA:159,0
DA:161,0
DA:164,0
LF:64
LH:21
BRDA:53,0,0,0
BRDA:53,0,1,0
BRDA:68,1,0,0
BRDA:68,1,1,0
BRDA:70,2,0,0
BRDA:70,2,1,0
BRDA:122,3,0,0
BRDA:122,3,1,0
BRDA:139,4,0,0
BRDA:139,4,1,0
BRDA:156,5,0,0
BRDA:156,5,1,0
BRF:12
BRH:0
end_of_record
TN:
SF:src\modules\recipe\application\use-cases\CreateRecipeUseCase.ts
FN:41,(anonymous_0)
FN:50,(anonymous_1)
FNF:2
FNH:1
FNDA:3,(anonymous_0)
FNDA:0,(anonymous_1)
DA:4,4
DA:6,4
DA:8,4
DA:39,4
DA:41,3
DA:52,0
DA:54,0
DA:55,0
DA:59,0
DA:61,0
DA:67,0
DA:72,0
DA:77,0
DA:93,0
DA:96,0
LF:15
LH:5
BRDA:54,0,0,0
BRDA:54,0,1,0
BRDA:59,1,0,0
BRDA:59,1,1,0
BRDA:59,2,0,0
BRDA:59,2,1,0
BRDA:67,3,0,0
BRDA:67,3,1,0
BRDA:69,4,0,0
BRDA:69,4,1,0
BRDA:72,5,0,0
BRDA:72,5,1,0
BRDA:74,6,0,0
BRDA:74,6,1,0
BRDA:82,7,0,0
BRDA:82,7,1,0
BRDA:84,8,0,0
BRDA:84,8,1,0
BRDA:85,9,0,0
BRDA:85,9,1,0
BRDA:86,10,0,0
BRDA:86,10,1,0
BRDA:87,11,0,0
BRDA:87,11,1,0
BRF:24
BRH:0
end_of_record
TN:
SF:src\modules\recipe\application\use-cases\DeleteRecipeUseCase.ts
FN:12,(anonymous_0)
FN:20,(anonymous_1)
FNF:2
FNH:1
FNDA:3,(anonymous_0)
FNDA:0,(anonymous_1)
DA:4,4
DA:10,4
DA:12,3
DA:22,0
DA:24,0
DA:25,0
DA:29,0
DA:31,0
DA:35,0
LF:9
LH:3
BRDA:24,0,0,0
BRDA:24,0,1,0
BRDA:29,1,0,0
BRDA:29,1,1,0
BRDA:29,2,0,0
BRDA:29,2,1,0
BRF:6
BRH:0
end_of_record
TN:
SF:src\modules\recipe\application\use-cases\IncrementRecipeViewsUseCase.ts
FN:13,(anonymous_0)
FN:20,(anonymous_1)
FNF:2
FNH:0
FNDA:0,(anonymous_0)
FNDA:0,(anonymous_1)
DA:6,1
DA:11,1
DA:13,0
DA:22,0
DA:24,0
DA:25,0
DA:29,0
DA:32,0
DA:35,0
LF:9
LH:2
BRDA:24,0,0,0
BRDA:24,0,1,0
BRF:2
BRH:0
end_of_record
TN:
SF:src\modules\recipe\application\use-cases\ToggleLikeRecipeUseCase.ts
FN:11,(anonymous_0)
FN:19,(anonymous_1)
FNF:2
FNH:1
FNDA:3,(anonymous_0)
FNDA:0,(anonymous_1)
DA:4,4
DA:9,4
DA:11,3
DA:21,0
DA:23,0
DA:24,0
DA:28,0
DA:31,0
DA:34,0
LF:9
LH:3
BRDA:23,0,0,0
BRDA:23,0,1,0
BRF:2
BRH:0
end_of_record
TN:
SF:src\modules\recipe\application\use-cases\UpdateRecipeUseCase.ts
FN:38,(anonymous_0)
FN:43,(anonymous_1)
FNF:2
FNH:1
FNDA:3,(anonymous_0)
FNDA:0,(anonymous_1)
DA:6,4
DA:36,4
DA:38,3
DA:50,0
DA:52,0
DA:53,0
DA:57,0
DA:59,0
DA:64,0
DA:66,0
DA:68,0
DA:73,0
DA:75,0
DA:80,0
DA:82,0
DA:86,0
DA:89,0
DA:92,0
LF:18
LH:3
BRDA:52,0,0,0
BRDA:52,0,1,0
BRDA:57,1,0,0
BRDA:57,1,1,0
BRDA:57,2,0,0
BRDA:57,2,1,0
BRDA:66,3,0,0
BRDA:66,3,1,0
BRDA:68,4,0,0
BRDA:68,4,1,0
BRDA:70,5,0,0
BRDA:70,5,1,0
BRDA:73,6,0,0
BRDA:73,6,1,0
BRDA:75,7,0,0
BRDA:75,7,1,0
BRDA:77,8,0,0
BRDA:77,8,1,0
BRDA:80,9,0,0
BRDA:80,9,1,0
BRDA:82,10,0,0
BRDA:82,10,1,0
BRF:22
BRH:0
end_of_record
TN:
SF:src\modules\recipe\domain\entities\Recipe.ts
FN:37,(anonymous_0)
FN:45,(anonymous_1)
FN:54,(anonymous_2)
FN:72,(anonymous_3)
FN:78,(anonymous_4)
FN:102,(anonymous_5)
FN:135,(anonymous_6)
FN:137,(anonymous_7)
FN:139,(anonymous_8)
FNF:9
FNH:4
FNDA:2,(anonymous_0)
FNDA:2,(anonymous_1)
FNDA:2,(anonymous_2)
FNDA:0,(anonymous_3)
FNDA:0,(anonymous_4)
FNDA:0,(anonymous_5)
FNDA:0,(anonymous_6)
FNDA:0,(anonymous_7)
FNDA:2,(anonymous_8)
DA:2,15
DA:4,15
DA:35,15
DA:39,2
DA:41,2
DA:47,2
DA:49,1
DA:56,2
DA:58,2
DA:60,1
DA:62,1
DA:65,1
DA:67,1
DA:74,0
DA:80,0
DA:82,0
DA:84,0
DA:86,0
DA:88,0
DA:90,0
DA:92,0
DA:94,0
DA:96,0
DA:98,0
DA:104,0
DA:135,0
DA:137,0
DA:139,2
LF:28
LH:14
BRDA:47,0,0,1
BRDA:47,0,1,1
BRDA:47,1,0,2
BRDA:47,1,1,1
BRDA:58,2,0,1
BRDA:58,2,1,1
BRDA:80,3,0,0
BRDA:80,3,1,0
BRDA:82,4,0,0
BRDA:82,4,1,0
BRDA:84,5,0,0
BRDA:84,5,1,0
BRDA:86,6,0,0
BRDA:86,6,1,0
BRDA:88,7,0,0
BRDA:88,7,1,0
BRDA:90,8,0,0
BRDA:90,8,1,0
BRDA:92,9,0,0
BRDA:92,9,1,0
BRDA:94,10,0,0
BRDA:94,10,1,0
BRDA:96,11,0,0
BRDA:96,11,1,0
BRF:24
BRH:6
end_of_record
TN:
SF:src\modules\recipe\infrastructure\persistence\mongoose\MongooseRecipeRepository.ts
FN:22,(anonymous_1)
FN:42,(anonymous_2)
FN:67,(anonymous_3)
FNF:3
FNH:0
FNDA:0,(anonymous_1)
FNDA:0,(anonymous_2)
FNDA:0,(anonymous_3)
DA:6,12
DA:8,12
DA:10,12
DA:17,12
DA:24,0
DA:27,0
DA:32,0
DA:35,0
DA:44,0
DA:47,0
DA:49,0
DA:56,0
DA:58,0
DA:60,0
DA:69,0
DA:71,0
LF:16
LH:4
BRDA:24,0,0,0
BRDA:24,0,1,0
BRDA:32,1,0,0
BRDA:32,1,1,0
BRDA:47,2,0,0
BRDA:47,2,1,0
BRDA:47,3,0,0
BRDA:47,3,1,0
BRDA:69,4,0,0
BRDA:69,4,1,0
BRDA:69,5,0,0
BRDA:69,5,1,0
BRF:12
BRH:0
end_of_record
TN:
SF:src\modules\recipe\infrastructure\persistence\mongoose\mappers\RecipeMapper.ts
FN:14,(anonymous_1)
FN:21,(anonymous_2)
FN:47,(anonymous_3)
FN:61,(anonymous_4)
FNF:4
FNH:0
FNDA:0,(anonymous_1)
FNDA:0,(anonymous_2)
FNDA:0,(anonymous_3)
FNDA:0,(anonymous_4)
DA:1,13
DA:3,13
DA:10,13
DA:16,0
DA:21,0
DA:22,0
DA:25,0
DA:48,0
DA:50,0
DA:61,0
LF:10
LH:3
BRDA:16,0,0,0
BRDA:16,0,1,0
BRDA:16,1,0,0
BRDA:16,1,1,0
BRDA:21,2,0,0
BRDA:21,2,1,0
BRDA:22,3,0,0
BRDA:22,3,1,0
BRDA:29,4,0,0
BRDA:29,4,1,0
BRDA:30,5,0,0
BRDA:30,5,1,0
BRDA:36,6,0,0
BRDA:36,6,1,0
BRDA:38,7,0,0
BRDA:38,7,1,0
BRF:16
BRH:0
end_of_record
TN:
SF:src\modules\recipe\presentation\http\RecipeController.ts
FN:36,getRecipes
FN:49,getRecipeById
FN:71,createRecipe
FN:91,toggleLikeRecipe
FN:110,addRecipeComment
FN:135,updateRecipe
FN:160,deleteRecipe
FNF:7
FNH:0
FNDA:0,getRecipes
FNDA:0,getRecipeById
FNDA:0,createRecipe
FNDA:0,toggleLikeRecipe
FNDA:0,addRecipeComment
FNDA:0,updateRecipe
FNDA:0,deleteRecipe
DA:4,3
DA:6,3
DA:10,3
DA:12,3
DA:14,3
DA:16,3
DA:18,3
DA:21,3
DA:23,3
DA:25,3
DA:27,3
DA:29,3
DA:36,3
DA:37,0
DA:39,0
DA:41,0
DA:44,0
DA:49,3
DA:51,0
DA:53,0
DA:55,0
DA:57,0
DA:59,0
DA:62,0
DA:71,3
DA:73,0
DA:74,0
DA:76,0
DA:78,0
DA:86,0
DA:91,3
DA:93,0
DA:95,0
DA:97,0
DA:99,0
DA:101,0
DA:103,0
DA:106,0
DA:110,3
DA:115,0
DA:116,0
DA:117,0
DA:119,0
DA:120,0
DA:125,0
DA:130,0
DA:135,3
DA:137,0
DA:139,0
DA:141,0
DA:143,0
DA:145,0
DA:147,0
DA:155,0
DA:160,3
DA:162,0
DA:164,0
DA:166,0
DA:168,0
DA:170,0
DA:172,0
DA:175,0
LF:62
LH:19
BRDA:53,0,0,0
BRDA:53,0,1,0
BRDA:97,1,0,0
BRDA:97,1,1,0
BRDA:116,2,0,0
BRDA:116,2,1,0
BRDA:141,3,0,0
BRDA:141,3,1,0
BRDA:166,4,0,0
BRDA:166,4,1,0
BRF:10
BRH:0
end_of_record
TN:
SF:src\repositories\boatlog.repository.ts
FN:18,(anonymous_1)
FN:31,(anonymous_2)
FN:39,(anonymous_3)
FN:47,(anonymous_4)
FN:76,(anonymous_5)
FN:94,(anonymous_6)
FN:112,(anonymous_7)
FN:118,(anonymous_8)
FN:124,(anonymous_9)
FNF:9
FNH:0
FNDA:0,(anonymous_1)
FNDA:0,(anonymous_2)
FNDA:0,(anonymous_3)
FNDA:0,(anonymous_4)
FNDA:0,(anonymous_5)
FNDA:0,(anonymous_6)
FNDA:0,(anonymous_7)
FNDA:0,(anonymous_8)
FNDA:0,(anonymous_9)
DA:2,12
DA:4,12
DA:6,12
DA:8,12
DA:11,12
DA:14,12
DA:20,0
DA:27,0
DA:33,0
DA:35,0
DA:41,0
DA:60,0
DA:70,0
DA:72,0
DA:78,0
DA:80,0
DA:83,0
DA:85,0
DA:87,0
DA:90,0
DA:96,0
DA:98,0
DA:101,0
DA:103,0
DA:105,0
DA:108,0
DA:114,0
DA:120,0
DA:126,0
DA:128,0
DA:130,0
DA:133,0
LF:32
LH:6
BRDA:33,0,0,0
BRDA:33,0,1,0
BRDA:80,1,0,0
BRDA:80,1,1,0
BRDA:83,2,0,0
BRDA:83,2,1,0
BRDA:98,3,0,0
BRDA:98,3,1,0
BRDA:101,4,0,0
BRDA:101,4,1,0
BRDA:128,5,0,0
BRDA:128,5,1,0
BRF:12
BRH:0
end_of_record
TN:
SF:src\repositories\broadcastlog.repository.ts
FN:9,(anonymous_1)
FN:35,(anonymous_2)
FNF:2
FNH:0
FNDA:0,(anonymous_1)
FNDA:0,(anonymous_2)
DA:2,18
DA:4,18
DA:7,18
DA:20,0
DA:31,0
DA:37,0
LF:6
LH:3
BRDA:35,0,0,0
BRF:1
BRH:0
end_of_record
TN:
SF:src\repositories\message.repository.ts
FN:9,(anonymous_1)
FN:34,(anonymous_2)
FN:53,(anonymous_3)
FN:73,(anonymous_4)
FN:92,(anonymous_5)
FN:98,(anonymous_6)
FN:104,(anonymous_7)
FN:110,(anonymous_8)
FN:116,(anonymous_9)
FNF:9
FNH:0
FNDA:0,(anonymous_1)
FNDA:0,(anonymous_2)
FNDA:0,(anonymous_3)
FNDA:0,(anonymous_4)
FNDA:0,(anonymous_5)
FNDA:0,(anonymous_6)
FNDA:0,(anonymous_7)
FNDA:0,(anonymous_8)
FNDA:0,(anonymous_9)
DA:2,23
DA:4,23
DA:7,23
DA:26,0
DA:28,0
DA:30,0
DA:43,0
DA:45,0
DA:47,0
DA:49,0
DA:55,0
DA:75,0
DA:94,0
DA:100,0
DA:106,0
DA:112,0
DA:125,0
LF:17
LH:3
BRDA:45,0,0,0
BRDA:45,0,1,0
BRDA:47,1,0,0
BRDA:47,1,1,0
BRDA:120,2,0,0
BRDA:122,3,0,0
BRF:6
BRH:0
end_of_record
TN:
SF:src\repositories\notification.repository.ts
FN:9,(anonymous_1)
FN:19,(anonymous_2)
FN:35,(anonymous_3)
FN:46,(anonymous_4)
FN:55,(anonymous_5)
FN:63,(anonymous_6)
FN:72,(anonymous_7)
FNF:7
FNH:0
FNDA:0,(anonymous_1)
FNDA:0,(anonymous_2)
FNDA:0,(anonymous_3)
FNDA:0,(anonymous_4)
FNDA:0,(anonymous_5)
FNDA:0,(anonymous_6)
FNDA:0,(anonymous_7)
DA:2,21
DA:4,21
DA:7,21
DA:11,0
DA:26,0
DA:37,0
DA:51,0
DA:57,0
DA:59,0
DA:65,0
DA:74,0
LF:11
LH:3
BRDA:9,0,0,0
BRF:1
BRH:0
end_of_record
TN:
SF:src\repositories\post.repository.ts
FN:18,(anonymous_0)
FN:40,(anonymous_1)
FN:46,(anonymous_2)
FN:58,(anonymous_3)
FN:66,(anonymous_4)
FN:103,(anonymous_5)
FN:121,(anonymous_6)
FN:139,(anonymous_7)
FN:165,(anonymous_8)
FN:172,(anonymous_9)
FN:187,(anonymous_10)
FN:193,(anonymous_11)
FN:199,(anonymous_12)
FNF:13
FNH:0
FNDA:0,(anonymous_0)
FNDA:0,(anonymous_1)
FNDA:0,(anonymous_2)
FNDA:0,(anonymous_3)
FNDA:0,(anonymous_4)
FNDA:0,(anonymous_5)
FNDA:0,(anonymous_6)
FNDA:0,(anonymous_7)
FNDA:0,(anonymous_8)
FNDA:0,(anonymous_9)
FNDA:0,(anonymous_10)
FNDA:0,(anonymous_11)
FNDA:0,(anonymous_12)
DA:4,27
DA:6,27
DA:8,27
DA:11,27
DA:14,27
DA:20,0
DA:24,0
DA:29,0
DA:36,0
DA:42,0
DA:48,0
DA:60,0
DA:83,0
DA:97,0
DA:99,0
DA:105,0
DA:107,0
DA:110,0
DA:112,0
DA:114,0
DA:117,0
DA:123,0
DA:125,0
DA:128,0
DA:130,0
DA:132,0
DA:135,0
DA:151,0
DA:153,0
DA:156,0
DA:158,0
DA:161,0
DA:167,0
DA:169,0
DA:172,0
DA:174,0
DA:177,0
DA:179,0
DA:183,0
DA:189,0
DA:195,0
DA:201,0
DA:203,0
DA:205,0
DA:208,0
LF:45
LH:5
BRDA:18,0,0,0
BRDA:20,1,0,0
BRDA:20,1,1,0
BRDA:24,2,0,0
BRDA:24,2,1,0
BRDA:107,3,0,0
BRDA:107,3,1,0
BRDA:110,4,0,0
BRDA:110,4,1,0
BRDA:125,5,0,0
BRDA:125,5,1,0
BRDA:128,6,0,0
BRDA:128,6,1,0
BRDA:153,7,0,0
BRDA:153,7,1,0
BRDA:169,8,0,0
BRDA:169,8,1,0
BRDA:174,9,0,0
BRDA:174,9,1,0
BRDA:187,10,0,0
BRDA:203,11,0,0
BRDA:203,11,1,0
BRF:22
BRH:0
end_of_record
TN:
SF:src\repositories\product.repository.ts
FN:9,(anonymous_1)
FN:17,(anonymous_2)
FN:23,(anonymous_3)
FN:29,(anonymous_4)
FN:35,(anonymous_5)
FN:48,(anonymous_6)
FN:54,(anonymous_7)
FN:60,(anonymous_8)
FN:66,(anonymous_9)
FN:72,(anonymous_10)
FN:80,(anonymous_11)
FN:95,(anonymous_12)
FN:115,(anonymous_13)
FN:165,(anonymous_14)
FNF:14
FNH:0
FNDA:0,(anonymous_1)
FNDA:0,(anonymous_2)
FNDA:0,(anonymous_3)
FNDA:0,(anonymous_4)
FNDA:0,(anonymous_5)
FNDA:0,(anonymous_6)
FNDA:0,(anonymous_7)
FNDA:0,(anonymous_8)
FNDA:0,(anonymous_9)
FNDA:0,(anonymous_10)
FNDA:0,(anonymous_11)
FNDA:0,(anonymous_12)
FNDA:0,(anonymous_13)
FNDA:0,(anonymous_14)
DA:2,43
DA:4,43
DA:7,43
DA:11,0
DA:13,0
DA:19,0
DA:25,0
DA:31,0
DA:44,0
DA:50,0
DA:56,0
DA:62,0
DA:68,0
DA:74,0
DA:76,0
DA:89,0
DA:91,0
DA:97,0
DA:103,0
DA:115,0
DA:161,0
DA:167,0
LF:22
LH:3
BRDA:11,0,0,0
BRDA:11,0,1,0
BRDA:39,1,0,0
BRDA:41,2,0,0
BRDA:48,3,0,0
BRDA:86,4,0,0
BRDA:89,5,0,0
BRDA:89,5,1,0
BRDA:120,6,0,0
BRDA:120,6,1,0
BRDA:125,7,0,0
BRDA:125,7,1,0
BRDA:139,8,0,0
BRDA:139,8,1,0
BRDA:140,9,0,0
BRDA:140,9,1,0
BRDA:141,10,0,0
BRDA:141,10,1,0
BRDA:142,11,0,0
BRDA:142,11,1,0
BRDA:143,12,0,0
BRDA:143,12,1,0
BRDA:144,13,0,0
BRDA:144,13,1,0
BRDA:155,14,0,0
BRDA:155,14,1,0
BRDA:157,15,0,0
BRDA:157,15,1,0
BRF:28
BRH:0
end_of_record
TN:
SF:src\repositories\recipe.repository.ts
FN:19,(anonymous_0)
FN:49,(anonymous_1)
FN:58,(anonymous_2)
FN:68,(anonymous_3)
FN:75,(anonymous_4)
FN:120,(anonymous_5)
FN:151,(anonymous_6)
FN:169,(anonymous_7)
FN:187,(anonymous_8)
FN:193,(anonymous_9)
FN:199,(anonymous_10)
FNF:11
FNH:0
FNDA:0,(anonymous_0)
FNDA:0,(anonymous_1)
FNDA:0,(anonymous_2)
FNDA:0,(anonymous_3)
FNDA:0,(anonymous_4)
FNDA:0,(anonymous_5)
FNDA:0,(anonymous_6)
FNDA:0,(anonymous_7)
FNDA:0,(anonymous_8)
FNDA:0,(anonymous_9)
FNDA:0,(anonymous_10)
DA:2,11
DA:4,11
DA:6,11
DA:9,11
DA:16,11
DA:21,0
DA:25,0
DA:30,0
DA:45,0
DA:51,0
DA:60,0
DA:70,0
DA:98,0
DA:114,0
DA:116,0
DA:137,0
DA:139,0
DA:142,0
DA:144,0
DA:147,0
DA:153,0
DA:155,0
DA:158,0
DA:160,0
DA:162,0
DA:165,0
DA:171,0
DA:173,0
DA:176,0
DA:178,0
DA:180,0
DA:183,0
DA:189,0
DA:195,0
DA:201,0
DA:203,0
DA:205,0
DA:208,0
LF:38
LH:5
BRDA:19,0,0,0
BRDA:21,1,0,0
BRDA:21,1,1,0
BRDA:25,2,0,0
BRDA:25,2,1,0
BRDA:139,3,0,0
BRDA:139,3,1,0
BRDA:155,4,0,0
BRDA:155,4,1,0
BRDA:158,5,0,0
BRDA:158,5,1,0
BRDA:173,6,0,0
BRDA:173,6,1,0
BRDA:176,7,0,0
BRDA:176,7,1,0
BRDA:187,8,0,0
BRDA:203,9,0,0
BRDA:203,9,1,0
BRF:18
BRH:0
end_of_record
TN:
SF:src\repositories\report.repository.ts
FN:9,(anonymous_1)
FN:20,(anonymous_2)
FN:31,(anonymous_3)
FN:42,(anonymous_4)
FN:49,(anonymous_5)
FN:82,(anonymous_6)
FN:87,(anonymous_7)
FN:107,(anonymous_8)
FN:115,(anonymous_9)
FNF:9
FNH:0
FNDA:0,(anonymous_1)
FNDA:0,(anonymous_2)
FNDA:0,(anonymous_3)
FNDA:0,(anonymous_4)
FNDA:0,(anonymous_5)
FNDA:0,(anonymous_6)
FNDA:0,(anonymous_7)
FNDA:0,(anonymous_8)
FNDA:0,(anonymous_9)
DA:2,12
DA:4,12
DA:7,12
DA:13,0
DA:24,0
DA:35,0
DA:45,0
DA:54,0
DA:83,0
DA:95,0
DA:103,0
DA:109,0
DA:117,0
LF:13
LH:3
BRDA:97,0,0,0
BRDA:97,0,1,0
BRDA:98,1,0,0
BRDA:98,1,1,0
BRDA:99,2,0,0
BRDA:99,2,1,0
BRF:6
BRH:0
end_of_record
TN:
SF:src\repositories\review.repository.ts
FN:9,(anonymous_0)
FN:29,(anonymous_1)
FN:40,(anonymous_2)
FN:46,(anonymous_3)
FN:52,(anonymous_4)
FN:58,(anonymous_5)
FN:64,(anonymous_6)
FN:87,(anonymous_7)
FNF:8
FNH:0
FNDA:0,(anonymous_0)
FNDA:0,(anonymous_1)
FNDA:0,(anonymous_2)
FNDA:0,(anonymous_3)
FNDA:0,(anonymous_4)
FNDA:0,(anonymous_5)
FNDA:0,(anonymous_6)
FNDA:0,(anonymous_7)
DA:2,26
DA:4,26
DA:7,26
DA:18,0
DA:36,0
DA:42,0
DA:48,0
DA:54,0
DA:60,0
DA:79,0
DA:81,0
DA:83,0
DA:89,0
DA:106,0
LF:14
LH:3
BRF:0
BRH:0
end_of_record
TN:
SF:src\repositories\user.repository.ts
FN:16,(anonymous_1)
FN:38,(anonymous_2)
FN:46,(anonymous_3)
FN:67,(anonymous_4)
FN:79,(anonymous_5)
FN:85,(anonymous_6)
FN:91,(anonymous_7)
FN:97,(anonymous_8)
FN:107,(anonymous_9)
FN:129,(anonymous_10)
FN:137,(anonymous_11)
FN:168,(anonymous_12)
FN:182,(anonymous_13)
FN:196,(anonymous_14)
FN:208,(anonymous_15)
FN:222,(anonymous_16)
FN:236,(anonymous_17)
FN:244,(anonymous_18)
FN:256,(anonymous_19)
FN:266,(anonymous_20)
FN:278,(anonymous_21)
FN:290,(anonymous_22)
FN:302,(anonymous_23)
FN:308,(anonymous_24)
FNF:24
FNH:0
FNDA:0,(anonymous_1)
FNDA:0,(anonymous_2)
FNDA:0,(anonymous_3)
FNDA:0,(anonymous_4)
FNDA:0,(anonymous_5)
FNDA:0,(anonymous_6)
FNDA:0,(anonymous_7)
FNDA:0,(anonymous_8)
FNDA:0,(anonymous_9)
FNDA:0,(anonymous_10)
FNDA:0,(anonymous_11)
FNDA:0,(anonymous_12)
FNDA:0,(anonymous_13)
FNDA:0,(anonymous_14)
FNDA:0,(anonymous_15)
FNDA:0,(anonymous_16)
FNDA:0,(anonymous_17)
FNDA:0,(anonymous_18)
FNDA:0,(anonymous_19)
FNDA:0,(anonymous_20)
FNDA:0,(anonymous_21)
FNDA:0,(anonymous_22)
FNDA:0,(anonymous_23)
FNDA:0,(anonymous_24)
DA:2,57
DA:4,57
DA:6,57
DA:8,57
DA:11,57
DA:14,57
DA:18,0
DA:20,0
DA:22,0
DA:23,0
DA:40,0
DA:42,0
DA:48,0
DA:50,0
DA:52,0
DA:53,0
DA:69,0
DA:71,0
DA:81,0
DA:87,0
DA:93,0
DA:99,0
DA:101,0
DA:103,0
DA:109,0
DA:123,0
DA:125,0
DA:131,0
DA:133,0
DA:149,0
DA:151,0
DA:154,0
DA:160,0
DA:161,0
DA:164,0
DA:170,0
DA:172,0
DA:174,0
DA:176,0
DA:178,0
DA:184,0
DA:186,0
DA:188,0
DA:190,0
DA:192,0
DA:198,0
DA:200,0
DA:202,0
DA:204,0
DA:210,0
DA:212,0
DA:214,0
DA:216,0
DA:218,0
DA:224,0
DA:226,0
DA:228,0
DA:230,0
DA:232,0
DA:238,0
DA:240,0
DA:246,0
DA:248,0
DA:250,0
DA:252,0
DA:258,0
DA:260,0
DA:262,0
DA:268,0
DA:270,0
DA:272,0
DA:274,0
DA:280,0
DA:282,0
DA:284,0
DA:286,0
DA:292,0
DA:294,0
DA:296,0
DA:298,0
DA:304,0
DA:310,0
LF:82
LH:6
BRDA:20,0,0,0
BRDA:20,0,1,0
BRDA:33,1,0,0
BRDA:33,1,1,0
BRDA:40,2,0,0
BRDA:40,2,1,0
BRDA:50,3,0,0
BRDA:50,3,1,0
BRDA:62,4,0,0
BRDA:62,4,1,0
BRDA:69,5,0,0
BRDA:69,5,1,0
BRDA:91,6,0,0
BRDA:91,7,0,0
BRDA:91,8,0,0
BRDA:99,9,0,0
BRDA:99,9,1,0
BRDA:133,10,0,0
BRDA:133,10,1,0
BRDA:151,11,0,0
BRDA:151,11,1,0
BRDA:155,12,0,0
BRDA:155,12,1,0
BRDA:156,13,0,0
BRDA:156,13,1,0
BRDA:157,14,0,0
BRDA:157,14,1,0
BRDA:157,14,2,0
BRDA:160,15,0,0
BRDA:160,15,1,0
BRDA:172,16,0,0
BRDA:172,16,1,0
BRDA:186,17,0,0
BRDA:186,17,1,0
BRDA:200,18,0,0
BRDA:200,18,1,0
BRDA:212,19,0,0
BRDA:212,19,1,0
BRDA:226,20,0,0
BRDA:226,20,1,0
BRDA:240,21,0,0
BRDA:240,21,1,0
BRDA:248,22,0,0
BRDA:248,22,1,0
BRDA:260,23,0,0
BRDA:260,23,1,0
BRDA:270,24,0,0
BRDA:270,24,1,0
BRDA:282,25,0,0
BRDA:282,25,1,0
BRDA:294,26,0,0
BRDA:294,26,1,0
BRF:52
BRH:0
end_of_record
TN:
SF:src\routes\admin.routes.ts
FNF:0
FNH:0
DA:2,2
DA:4,2
DA:19,2
DA:21,2
DA:27,2
DA:30,2
DA:33,2
DA:52,2
DA:71,2
DA:99,2
DA:127,2
DA:146,2
DA:147,2
DA:175,2
DA:214,2
DA:233,2
DA:236,2
LF:17
LH:17
BRF:0
BRH:0
end_of_record
TN:
SF:src\routes\auth.routes.ts
FNF:0
FNH:0
DA:2,2
DA:4,2
DA:15,2
DA:17,2
DA:19,2
DA:24,2
DA:26,2
DA:31,2
DA:55,2
DA:68,2
DA:83,2
DA:100,2
DA:138,2
DA:162,2
DA:165,2
DA:168,2
DA:171,2
DA:174,2
DA:187,2
DA:209,2
LF:20
LH:20
BRF:0
BRH:0
end_of_record
TN:
SF:src\routes\boatLog.routes.ts
FNF:0
FNH:0
DA:2,2
DA:4,2
DA:16,2
DA:18,2
DA:20,2
DA:21,2
DA:24,2
DA:37,2
DA:73,2
DA:81,2
DA:89,2
DA:120,2
DA:148,2
DA:151,2
LF:14
LH:14
BRF:0
BRH:0
end_of_record
TN:
SF:src\routes\chatbot.routes.ts
FNF:0
FNH:0
DA:2,2
DA:4,2
DA:6,2
DA:9,2
DA:12,2
DA:50,2
DA:53,2
LF:7
LH:7
BRF:0
BRH:0
end_of_record
TN:
SF:src\routes\favorite.routes.ts
FNF:0
FNH:0
DA:2,2
DA:4,2
DA:6,2
DA:9,2
DA:26,2
DA:43,2
DA:67,2
DA:70,2
LF:8
LH:8
BRF:0
BRH:0
end_of_record
TN:
SF:src\routes\fisherman.routes.ts
FNF:0
FNH:0
DA:2,2
DA:4,2
DA:20,2
DA:33,2
DA:55,2
DA:77,2
DA:99,2
DA:121,2
DA:143,2
DA:146,2
LF:10
LH:10
BRF:0
BRH:0
end_of_record
TN:
SF:src\routes\follow.routes.ts
FNF:0
FNH:0
DA:2,2
DA:4,2
DA:15,2
DA:18,2
DA:35,2
DA:52,2
DA:76,2
DA:100,2
DA:103,2
LF:9
LH:9
BRF:0
BRH:0
end_of_record
TN:
SF:src\routes\image.routes.ts
FNF:0
FNH:0
DA:2,2
DA:4,2
DA:6,2
DA:8,2
DA:10,2
DA:13,2
DA:17,2
DA:62,2
DA:79,2
DA:105,2
DA:108,2
LF:11
LH:11
BRF:0
BRH:0
end_of_record
TN:
SF:src\routes\landingBatch.routes.ts
FNF:0
FNH:0
DA:1,2
DA:2,2
DA:12,2
DA:13,2
DA:14,2
DA:20,2
DA:22,2
DA:23,2
DA:24,2
DA:25,2
DA:27,2
DA:34,2
DA:41,2
DA:42,2
DA:50,2
LF:15
LH:15
BRF:0
BRH:0
end_of_record
TN:
SF:src\routes\message.routes.ts
FNF:0
FNH:0
DA:2,2
DA:4,2
DA:23,2
DA:25,2
DA:28,2
DA:53,2
DA:83,2
DA:114,2
DA:147,2
DA:184,2
DA:224,2
DA:255,2
DA:315,2
DA:318,2
LF:14
LH:14
BRF:0
BRH:0
end_of_record
TN:
SF:src\routes\notification.routes.ts
FNF:0
FNH:0
DA:2,2
DA:4,2
DA:13,2
DA:16,2
DA:33,2
DA:50,2
DA:76,2
DA:79,2
LF:8
LH:8
BRF:0
BRH:0
end_of_record
TN:
SF:src\routes\payment.routes.ts
FNF:0
FNH:0
DA:2,2
DA:4,2
DA:9,2
DA:12,2
DA:52,2
DA:53,2
DA:54,2
DA:57,2
LF:8
LH:8
BRF:0
BRH:0
end_of_record
TN:
SF:src\routes\post.routes.ts
FNF:0
FNH:0
DA:2,2
DA:4,2
DA:25,2
DA:27,2
DA:29,2
DA:36,2
DA:49,2
DA:71,2
DA:118,2
DA:144,2
DA:184,2
DA:217,2
DA:220,2
DA:254,2
DA:257,2
DA:260,2
LF:16
LH:16
BRF:0
BRH:0
end_of_record
TN:
SF:src\routes\product.routes.ts
FNF:0
FNH:0
DA:2,2
DA:6,2
DA:8,2
DA:27,2
DA:29,2
DA:35,2
DA:72,2
DA:89,2
DA:104,2
DA:126,2
DA:178,2
DA:211,2
DA:238,2
DA:261,2
DA:264,2
LF:15
LH:15
BRF:0
BRH:0
end_of_record
TN:
SF:src\routes\recipe.routes.ts
FNF:0
FNH:0
DA:2,2
DA:4,2
DA:20,2
DA:22,2
DA:24,2
DA:31,2
DA:44,2
DA:66,2
DA:128,2
DA:159,2
DA:160,2
DA:201,2
DA:234,2
DA:237,2
LF:14
LH:14
BRF:0
BRH:0
end_of_record
TN:
SF:src\routes\report.routes.ts
FNF:0
FNH:0
DA:2,2
DA:4,2
DA:13,2
DA:15,2
DA:17,2
DA:23,2
DA:61,2
DA:69,2
[...]
DA:754,0
DA:755,0
DA:756,0
DA:757,0
DA:758,0
DA:759,0
DA:760,0
DA:768,0
DA:769,0
DA:770,0
DA:774,0
DA:776,0
DA:777,0
DA:783,0
DA:784,0
DA:790,0
DA:791,0
DA:795,0
DA:796,0
DA:798,0
DA:799,0
DA:802,0
DA:803,0
DA:805,0
DA:806,0
DA:807,0
DA:808,0
DA:816,0
DA:820,0
DA:821,0
DA:827,0
DA:828,0
DA:829,0
DA:832,0
DA:833,0
DA:839,2
DA:840,0
DA:844,2
DA:845,2
DA:847,2
DA:848,0
DA:851,2
DA:855,2
DA:868,2
DA:870,1
DA:877,1
DA:878,1
LF:277
LH:122
BRDA:69,0,0,2
BRDA:69,0,1,0
BRDA:69,1,0,2
BRDA:69,1,1,2
BRDA:103,2,0,2
BRDA:103,2,1,2
BRDA:104,3,0,2
BRDA:104,3,1,2
BRDA:109,4,0,1
BRDA:109,4,1,1
BRDA:111,5,0,1
BRDA:111,5,1,0
BRDA:117,6,0,2
BRDA:117,6,1,0
BRDA:119,7,0,2
BRDA:119,7,1,0
BRDA:131,8,0,2
BRDA:131,8,1,0
BRDA:134,9,0,2
BRDA:134,9,1,0
BRDA:136,10,0,0
BRDA:136,10,1,2
BRDA:144,11,0,2
BRDA:144,11,1,0
BRDA:146,12,0,0
BRDA:146,12,1,2
BRDA:147,13,0,0
BRDA:147,13,1,2
BRDA:148,14,0,2
BRDA:148,14,1,0
BRDA:149,15,0,2
BRDA:149,15,1,0
BRDA:150,16,0,0
BRDA:150,16,1,2
BRDA:151,17,0,0
BRDA:151,17,1,2
BRDA:153,18,0,0
BRDA:153,18,1,2
BRDA:163,19,0,0
BRDA:163,19,1,2
BRDA:163,20,0,2
BRDA:163,20,1,0
BRDA:167,21,0,2
BRDA:167,21,1,0
BRDA:167,22,0,2
BRDA:167,22,1,1
BRDA:169,23,0,0
BRDA:169,23,1,2
BRDA:169,24,0,2
BRDA:169,24,1,0
BRDA:176,25,0,0
BRDA:176,25,1,2
BRDA:176,26,0,2
BRDA:176,26,1,0
BRDA:183,27,0,1
BRDA:183,27,1,1
BRDA:183,28,0,2
BRDA:183,28,1,1
BRDA:183,28,2,1
BRDA:187,29,0,1
BRDA:187,29,1,0
BRDA:187,30,0,1
BRDA:187,30,1,1
BRDA:219,31,0,0
BRDA:219,31,1,2
BRDA:234,32,0,0
BRDA:234,32,1,1
BRDA:239,33,0,1
BRDA:239,33,1,0
BRDA:240,34,0,1
BRDA:240,34,1,0
BRDA:241,35,0,1
BRDA:241,35,1,0
BRDA:242,36,0,1
BRDA:242,36,1,0
BRDA:243,37,0,1
BRDA:243,37,1,0
BRDA:244,38,0,1
BRDA:244,38,1,1
BRDA:245,39,0,1
BRDA:245,39,1,1
BRDA:256,40,0,1
BRDA:256,40,1,0
BRDA:257,41,0,1
BRDA:257,41,1,0
BRDA:258,42,0,1
BRDA:258,42,1,1
BRDA:259,43,0,1
BRDA:259,43,1,1
BRDA:265,44,0,1
BRDA:265,44,1,1
BRDA:266,45,0,1
BRDA:266,45,1,1
BRDA:267,46,0,1
BRDA:267,46,1,1
BRDA:275,47,0,2
BRDA:275,47,1,0
BRDA:288,48,0,0
BRDA:288,48,1,0
BRDA:298,49,0,0
BRDA:298,49,1,0
BRDA:311,50,0,0
BRDA:311,50,1,0
BRDA:326,51,0,0
BRDA:326,51,1,0
BRDA:326,52,0,0
BRDA:326,52,1,0
BRDA:335,53,0,0
BRDA:335,53,1,0
BRDA:348,54,0,0
BRDA:348,54,1,0
BRDA:349,55,0,0
BRDA:349,55,1,0
BRDA:350,56,0,0
BRDA:350,56,1,0
BRDA:351,57,0,0
BRDA:351,57,1,0
BRDA:352,58,0,0
BRDA:352,58,1,0
BRDA:353,59,0,0
BRDA:353,59,1,0
BRDA:360,60,0,0
BRDA:360,60,1,0
BRDA:368,61,0,0
BRDA:368,61,1,0
BRDA:369,62,0,0
BRDA:369,62,1,0
BRDA:370,63,0,0
BRDA:370,63,1,0
BRDA:371,64,0,0
BRDA:371,64,1,0
BRDA:378,65,0,0
BRDA:378,65,1,0
BRDA:407,66,0,0
BRDA:407,66,1,0
BRDA:419,67,0,0
BRDA:419,67,1,0
BRDA:424,68,0,0
BRDA:424,68,1,0
BRDA:425,69,0,0
BRDA:425,69,1,0
BRDA:436,70,0,0
BRDA:436,70,1,0
BRDA:446,71,0,0
BRDA:446,71,1,0
BRDA:478,72,0,0
BRDA:478,72,1,2
BRDA:478,73,0,2
BRDA:478,73,1,2
BRDA:478,73,2,2
BRDA:488,74,0,0
BRDA:488,74,1,2
BRDA:496,75,0,1
BRDA:496,75,1,1
BRDA:496,76,0,2
BRDA:496,76,1,1
BRDA:500,77,0,0
BRDA:500,77,1,1
BRDA:505,78,0,1
BRDA:505,78,1,0
BRDA:516,79,0,0
BRDA:516,79,1,1
BRDA:524,80,0,1
BRDA:524,80,1,0
BRDA:526,81,0,1
BRDA:526,81,1,0
BRDA:529,82,0,0
BRDA:529,82,1,1
BRDA:529,83,0,1
BRDA:529,83,1,1
BRDA:531,84,0,0
BRDA:531,84,1,0
BRDA:531,85,0,0
BRDA:531,85,1,0
BRDA:540,86,0,1
BRDA:540,86,1,0
BRDA:540,87,0,1
BRDA:540,87,1,1
BRDA:542,88,0,1
BRDA:542,88,1,0
BRDA:543,89,0,1
BRDA:543,89,1,0
BRDA:548,90,0,0
BRDA:548,90,1,1
BRDA:548,91,0,1
BRDA:548,91,1,0
BRDA:550,92,0,0
BRDA:550,92,1,0
BRDA:553,93,0,0
BRDA:553,93,1,0
BRDA:569,94,0,1
BRDA:569,94,1,1
BRDA:575,95,0,0
BRDA:575,95,1,1
BRDA:576,96,0,1
BRDA:576,96,1,0
BRDA:577,97,0,0
BRDA:577,97,1,1
BRDA:583,98,0,0
BRDA:583,98,1,0
BRDA:583,99,0,0
BRDA:583,99,1,0
BRDA:604,100,0,1
BRDA:604,100,1,1
BRDA:627,101,0,0
BRDA:627,101,1,0
BRDA:634,102,0,0
BRDA:634,102,1,0
BRDA:636,103,0,0
BRDA:636,103,1,0
BRDA:636,104,0,0
BRDA:636,104,1,0
BRDA:641,105,0,0
BRDA:641,105,1,0
BRDA:645,106,0,0
BRDA:645,106,1,0
BRDA:650,107,0,0
BRDA:650,107,1,0
BRDA:659,108,0,0
BRDA:659,108,1,0
BRDA:661,109,0,0
BRDA:661,109,1,0
BRDA:665,110,0,0
BRDA:665,110,1,0
BRDA:670,111,0,0
BRDA:670,111,1,0
BRDA:670,112,0,0
BRDA:670,112,1,0
BRDA:670,112,2,0
BRDA:679,113,0,0
BRDA:679,113,1,0
BRDA:680,114,0,0
BRDA:680,114,1,0
BRDA:680,115,0,0
BRDA:680,115,1,0
BRDA:689,116,0,0
BRDA:689,116,1,0
BRDA:690,117,0,0
BRDA:690,117,1,0
BRDA:691,118,0,0
BRDA:691,118,1,0
BRDA:697,119,0,0
BRDA:697,119,1,0
BRDA:698,120,0,0
BRDA:698,120,1,0
BRDA:699,121,0,0
BRDA:699,121,1,0
BRDA:700,122,0,0
BRDA:700,122,1,0
BRDA:701,123,0,0
BRDA:701,123,1,0
BRDA:704,124,0,0
BRDA:704,124,1,0
BRDA:704,125,0,0
BRDA:704,125,1,0
BRDA:707,126,0,0
BRDA:707,126,1,0
BRDA:710,127,0,0
BRDA:710,127,1,0
BRDA:715,128,0,0
BRDA:715,128,1,0
BRDA:727,129,0,0
BRDA:727,129,1,0
BRDA:728,130,0,0
BRDA:728,130,1,0
BRDA:730,131,0,0
BRDA:730,131,1,0
BRDA:732,132,0,0
BRDA:732,132,1,0
BRDA:733,133,0,0
BRDA:733,133,1,0
BRDA:734,134,0,0
BRDA:734,134,1,0
BRDA:735,135,0,0
BRDA:735,135,1,0
BRDA:740,136,0,0
BRDA:740,136,1,0
BRDA:740,137,0,0
BRDA:740,137,1,0
BRDA:742,138,0,0
BRDA:742,138,1,0
BRDA:742,139,0,0
BRDA:742,139,1,0
BRDA:745,140,0,0
BRDA:745,140,1,0
BRDA:745,141,0,0
BRDA:745,141,1,0
BRDA:754,142,0,0
BRDA:754,142,1,0
BRDA:754,143,0,0
BRDA:754,143,1,0
BRDA:756,144,0,0
BRDA:756,144,1,0
BRDA:756,145,0,0
BRDA:756,145,1,0
BRDA:759,146,0,0
BRDA:759,146,1,0
BRDA:759,147,0,0
BRDA:759,147,1,0
BRDA:769,148,0,0
BRDA:769,148,1,0
BRDA:790,149,0,0
BRDA:790,149,1,0
BRDA:796,150,0,0
BRDA:796,150,1,0
BRDA:798,151,0,0
BRDA:798,151,1,0
BRDA:798,152,0,0
BRDA:798,152,1,0
BRDA:802,153,0,0
BRDA:802,153,1,0
BRDA:802,154,0,0
BRDA:802,154,1,0
BRDA:806,155,0,0
BRDA:806,155,1,0
BRDA:839,156,0,0
BRDA:839,156,1,2
BRDA:845,157,0,0
BRDA:845,157,1,2
BRDA:847,158,0,0
BRDA:847,158,1,2
BRDA:868,159,0,1
BRDA:868,159,1,1
BRF:323
BRH:100
end_of_record
TN:
SF:src\services\recipe.service.ts
FN:15,(anonymous_0)
FN:92,(anonymous_1)
FN:102,(anonymous_2)
FN:147,(anonymous_3)
FN:175,(anonymous_4)
FN:204,(anonymous_5)
FN:248,(anonymous_6)
FNF:7
FNH:1
FNDA:0,(anonymous_0)
FNDA:0,(anonymous_1)
FNDA:2,(anonymous_2)
FNDA:0,(anonymous_3)
FNDA:0,(anonymous_4)
FNDA:0,(anonymous_5)
FNDA:0,(anonymous_6)
DA:2,7
DA:4,7
DA:6,7
DA:8,7
DA:9,7
DA:10,7
DA:13,7
DA:30,0
DA:32,0
DA:34,0
DA:37,0
DA:39,0
DA:41,0
DA:44,0
DA:49,0
DA:52,0
DA:54,0
DA:57,0
DA:59,0
DA:63,0
DA:65,0
DA:77,0
DA:94,0
DA:96,0
DA:98,0
DA:104,2
DA:106,2
DA:109,2
DA:111,1
DA:118,1
DA:149,0
DA:151,0
DA:154,0
DA:156,0
DA:161,0
DA:163,0
DA:165,0
DA:168,0
DA:172,0
DA:176,0
DA:177,0
DA:179,0
DA:180,0
DA:182,0
DA:183,0
DA:185,0
DA:199,0
DA:200,0
DA:206,0
DA:208,0
DA:211,0
DA:213,0
DA:217,0
DA:219,0
DA:221,0
DA:223,0
DA:224,0
DA:228,0
DA:229,0
DA:233,0
DA:235,0
DA:237,0
DA:239,0
DA:241,0
DA:244,0
DA:250,0
DA:252,0
DA:255,0
DA:257,0
DA:261,0
LF:70
LH:12
BRDA:30,0,0,0
BRDA:30,0,1,0
BRDA:32,1,0,0
BRDA:32,1,1,0
BRDA:39,2,0,0
BRDA:39,2,1,0
BRDA:44,3,0,0
BRDA:44,3,1,0
BRDA:45,4,0,0
BRDA:45,4,1,0
BRDA:52,5,0,0
BRDA:52,5,1,0
BRDA:57,6,0,0
BRDA:57,6,1,0
BRDA:57,7,0,0
BRDA:57,7,1,0
BRDA:96,8,0,0
BRDA:96,8,1,0
BRDA:106,9,0,0
BRDA:106,9,1,2
BRDA:109,10,0,1
BRDA:109,10,1,1
BRDA:109,11,0,2
BRDA:109,11,1,2
BRDA:124,12,0,1
BRDA:124,12,1,0
BRDA:128,13,0,1
BRDA:128,13,1,0
BRDA:132,14,0,1
BRDA:132,14,1,1
BRDA:136,15,0,1
BRDA:136,15,1,1
BRDA:138,16,0,1
BRDA:138,16,1,1
BRDA:140,17,0,1
BRDA:140,17,1,1
BRDA:142,18,0,0
BRDA:142,18,1,1
BRDA:151,19,0,0
BRDA:151,19,1,0
BRDA:161,20,0,0
BRDA:161,20,1,0
BRDA:172,21,0,0
BRDA:172,21,1,0
BRDA:176,22,0,0
BRDA:176,22,1,0
BRDA:180,23,0,0
BRDA:180,23,1,0
BRDA:183,24,0,0
BRDA:183,24,1,0
BRDA:192,25,0,0
BRDA:192,25,1,0
BRDA:199,26,0,0
BRDA:199,26,1,0
BRDA:208,27,0,0
BRDA:208,27,1,0
BRDA:211,28,0,0
BRDA:211,28,1,0
BRDA:211,29,0,0
BRDA:211,29,1,0
BRDA:219,30,0,0
BRDA:219,30,1,0
BRDA:221,31,0,0
BRDA:221,31,1,0
BRDA:223,32,0,0
BRDA:223,32,1,0
BRDA:224,33,0,0
BRDA:224,33,1,0
BRDA:228,34,0,0
BRDA:228,34,1,0
BRDA:229,35,0,0
BRDA:229,35,1,0
BRDA:233,36,0,0
BRDA:233,36,1,0
BRDA:235,37,0,0
BRDA:235,37,1,0
BRDA:237,38,0,0
BRDA:237,38,1,0
BRDA:239,39,0,0
BRDA:239,39,1,0
BRDA:241,40,0,0
BRDA:241,40,1,0
BRDA:241,41,0,0
BRDA:241,41,1,0
BRDA:252,42,0,0
BRDA:252,42,1,0
BRDA:255,43,0,0
BRDA:255,43,1,0
BRDA:255,44,0,0
BRDA:255,44,1,0
BRF:90
BRH:16
end_of_record
TN:
SF:src\services\report.service.ts
FN:22,(anonymous_1)
FN:156,(anonymous_2)
FN:169,(anonymous_3)
FN:198,(anonymous_4)
FNF:4
FNH:1
FNDA:3,(anonymous_1)
FNDA:0,(anonymous_2)
FNDA:0,(anonymous_3)
FNDA:0,(anonymous_4)
DA:2,4
DA:4,4
DA:6,4
DA:8,4
DA:10,4
DA:12,4
DA:13,4
DA:15,4
DA:17,4
DA:20,4
DA:29,3
DA:30,1
DA:37,2
DA:38,2
DA:39,2
DA:43,2
DA:44,1
DA:46,1
DA:47,0
DA:49,1
DA:50,1
DA:51,0
DA:53,0
DA:54,0
DA:55,0
DA:56,0
DA:60,0
DA:61,0
DA:63,0
DA:64,0
DA:65,0
DA:67,0
DA:68,0
DA:69,0
DA:71,0
DA:72,0
DA:73,0
DA:74,0
DA:78,0
DA:79,0
DA:81,0
DA:82,0
DA:83,0
DA:85,0
DA:86,0
DA:87,0
DA:92,1
DA:98,1
DA:109,1
DA:110,1
DA:112,1
DA:113,1
DA:114,1
DA:115,1
DA:116,1
DA:117,1
DA:119,0
DA:120,0
DA:121,0
DA:122,0
DA:123,0
DA:124,0
DA:125,0
DA:127,0
DA:128,0
DA:129,0
DA:130,0
DA:131,0
DA:132,0
DA:133,0
DA:137,1
DA:138,1
DA:144,1
DA:145,1
DA:161,0
DA:162,0
DA:169,0
DA:194,0
DA:204,0
DA:205,0
DA:208,0
DA:209,0
DA:211,0
DA:214,0
DA:215,0
DA:216,0
DA:217,0
DA:222,0
DA:223,0
DA:228,0
DA:229,0
DA:237,0
DA:238,0
DA:239,0
LF:94
LH:34
BRDA:26,0,0,3
BRDA:29,1,0,1
BRDA:29,1,1,2
BRDA:37,2,0,2
BRDA:37,2,1,0
BRDA:43,3,0,1
BRDA:43,3,1,1
BRDA:46,4,0,0
BRDA:46,4,1,1
BRDA:50,5,0,0
BRDA:50,5,1,1
BRDA:53,6,0,0
BRDA:53,6,1,0
BRDA:60,7,0,0
BRDA:60,7,1,0
BRDA:63,8,0,0
BRDA:63,8,1,0
BRDA:64,9,0,0
BRDA:64,9,1,0
BRDA:68,10,0,0
BRDA:68,10,1,0
BRDA:71,11,0,0
BRDA:71,11,1,0
BRDA:78,12,0,0
BRDA:78,12,1,0
BRDA:81,13,0,0
BRDA:81,13,1,0
BRDA:82,14,0,0
BRDA:82,14,1,0
BRDA:86,15,0,0
BRDA:86,15,1,0
BRDA:112,16,0,1
BRDA:112,16,1,0
BRDA:112,17,0,1
BRDA:112,17,1,1
BRDA:114,18,0,1
BRDA:114,18,1,0
BRDA:119,19,0,0
BRDA:119,19,1,0
BRDA:119,20,0,0
BRDA:119,20,1,0
BRDA:122,21,0,0
BRDA:122,21,1,0
BRDA:123,22,0,0
BRDA:123,22,1,0
BRDA:127,23,0,0
BRDA:127,23,1,0
BRDA:127,24,0,0
BRDA:127,24,1,0
BRDA:130,25,0,0
BRDA:130,25,1,0
BRDA:137,26,0,1
BRDA:137,26,1,0
BRDA:175,27,0,0
BRDA:175,27,1,0
BRDA:176,28,0,0
BRDA:176,28,1,0
BRDA:179,29,0,0
BRDA:179,29,1,0
BRDA:179,30,0,0
BRDA:179,30,1,0
BRDA:180,31,0,0
BRDA:180,31,1,0
BRDA:181,32,0,0
BRDA:181,32,1,0
BRDA:181,32,2,0
BRDA:182,33,0,0
BRDA:182,33,1,0
BRDA:182,33,2,0
BRDA:182,34,0,0
BRDA:182,34,1,0
BRDA:185,35,0,0
BRDA:185,35,1,0
BRDA:185,36,0,0
BRDA:185,36,1,0
BRDA:186,37,0,0
BRDA:186,37,1,0
BRDA:187,38,0,0
BRDA:187,38,1,0
BRDA:187,38,2,0
BRDA:190,39,0,0
BRDA:190,39,1,0
BRDA:190,40,0,0
BRDA:190,40,1,0
BRDA:191,41,0,0
BRDA:191,41,1,0
BRDA:204,42,0,0
BRDA:204,42,1,0
BRDA:209,43,0,0
BRDA:209,43,1,0
BRDA:211,44,0,0
BRDA:211,44,1,0
BRDA:214,45,0,0
BRDA:214,45,1,0
BRDA:215,46,0,0
BRDA:215,46,1,0
BRDA:216,47,0,0
BRDA:216,47,1,0
BRDA:216,48,0,0
BRDA:216,48,1,0
BRDA:222,49,0,0
BRDA:222,49,1,0
BRDA:222,50,0,0
BRDA:222,50,1,0
BRDA:228,51,0,0
BRDA:228,51,1,0
BRDA:228,52,0,0
BRDA:228,52,1,0
BRDA:238,53,0,0
BRDA:238,53,1,0
BRF:110
BRH:13
end_of_record
TN:
SF:src\services\review.service.ts
FN:17,(anonymous_0)
FN:97,(anonymous_1)
FN:99,(anonymous_2)
FN:131,(anonymous_3)
FN:143,(anonymous_4)
FNF:5
FNH:1
FNDA:4,(anonymous_0)
FNDA:0,(anonymous_1)
FNDA:0,(anonymous_2)
FNDA:0,(anonymous_3)
FNDA:0,(anonymous_4)
DA:2,4
DA:4,4
DA:6,4
DA:8,4
DA:10,4
DA:12,4
DA:15,4
DA:19,4
DA:21,4
DA:24,4
DA:26,1
DA:30,3
DA:39,3
DA:41,1
DA:48,2
DA:55,2
DA:57,1
DA:61,1
DA:63,1
DA:65,0
DA:67,0
DA:69,0
DA:73,1
DA:81,1
DA:97,1
DA:99,1
DA:102,1
DA:104,1
DA:107,1
DA:127,1
DA:133,0
DA:143,0
DA:161,0
LF:33
LH:27
BRDA:24,0,0,1
BRDA:24,0,1,3
BRDA:39,1,0,1
BRDA:39,1,1,2
BRDA:55,2,0,1
BRDA:55,2,1,1
BRDA:61,3,0,1
BRDA:61,3,1,1
BRDA:63,4,0,0
BRDA:63,4,1,1
BRDA:73,5,0,1
BRDA:73,5,1,0
BRDA:113,6,0,1
BRDA:113,6,1,0
BRDA:117,7,0,1
BRDA:117,7,1,0
BRDA:123,8,0,1
BRDA:123,8,1,0
BRDA:155,9,0,0
BRDA:155,9,1,0
BRDA:157,10,0,0
BRDA:157,10,1,0
BRF:22
BRH:13
end_of_record
TN:
SF:src\services\user.service.ts
FN:13,(anonymous_0)
FN:75,(anonymous_1)
FN:160,(anonymous_2)
FN:196,(anonymous_3)
FNF:4
FNH:1
FNDA:2,(anonymous_0)
FNDA:0,(anonymous_1)
FNDA:0,(anonymous_2)
FNDA:0,(anonymous_3)
DA:2,4
DA:4,4
DA:6,4
DA:8,4
DA:11,4
DA:15,2
DA:17,2
DA:19,1
DA:23,1
DA:26,1
DA:43,1
DA:47,1
DA:50,1
DA:77,0
DA:82,0
DA:84,0
DA:88,0
DA:96,0
DA:113,0
DA:118,0
DA:120,0
DA:122,0
DA:124,0
DA:134,0
DA:149,0
DA:151,0
DA:153,0
DA:155,0
DA:160,0
DA:162,0
DA:164,0
DA:169,0
DA:172,0
DA:195,0
DA:198,0
DA:200,0
DA:201,0
DA:203,0
LF:38
LH:13
BRDA:17,0,0,1
BRDA:17,0,1,1
BRDA:17,1,0,2
BRDA:17,1,1,1
BRDA:23,2,0,1
BRDA:23,2,1,0
BRDA:43,3,0,1
BRDA:43,3,1,0
BRDA:47,4,0,1
BRDA:47,4,1,0
BRDA:58,5,0,1
BRDA:58,5,1,0
BRDA:82,6,0,0
BRDA:82,6,1,0
BRDA:82,7,0,0
BRDA:82,7,1,0
BRDA:120,8,0,0
BRDA:120,8,1,0
BRDA:122,9,0,0
BRDA:122,9,1,0
BRDA:128,10,0,0
BRDA:128,10,1,0
BRDA:153,11,0,0
BRDA:153,11,1,0
BRDA:155,12,0,0
BRDA:155,12,1,0
BRDA:164,13,0,0
BRDA:164,13,1,0
BRDA:169,14,0,0
BRDA:169,14,1,0
BRDA:178,15,0,0
BRDA:178,15,1,0
BRDA:184,16,0,0
BRDA:184,16,1,0
BRDA:198,17,0,0
BRDA:198,17,1,0
BRDA:200,18,0,0
BRDA:200,18,1,0
BRF:38
BRH:8
end_of_record
TN:
SF:src\shared\domain\AggregateRoot.ts
FN:9,(anonymous_0)
FN:14,(anonymous_1)
FN:20,(anonymous_2)
FN:28,(anonymous_3)
FNF:4
FNH:4
FNDA:21,(anonymous_0)
FNDA:7,(anonymous_1)
FNDA:2,(anonymous_2)
FNDA:1,(anonymous_3)
DA:2,86
DA:6,86
DA:9,86
DA:11,21
DA:16,7
DA:22,2
DA:24,2
DA:30,1
LF:8
LH:8
BRF:0
BRH:0
end_of_record
TN:
SF:src\shared\domain\Entity.ts
FN:12,(anonymous_1)
FN:20,(anonymous_2)
FN:26,(anonymous_3)
FNF:3
FNH:3
FNDA:27,(anonymous_1)
FNDA:17,(anonymous_2)
FNDA:2,(anonymous_3)
DA:2,86
DA:5,86
DA:14,27
DA:16,27
DA:22,17
DA:28,2
DA:30,0
DA:34,2
DA:36,0
DA:40,2
DA:42,0
DA:46,2
LF:12
LH:9
BRDA:14,0,0,7
BRDA:14,0,1,20
BRDA:28,1,0,0
BRDA:28,1,1,2
BRDA:28,2,0,2
BRDA:28,2,1,2
BRDA:34,3,0,0
BRDA:34,3,1,2
BRDA:40,4,0,0
BRDA:40,4,1,2
BRF:10
BRH:7
end_of_record
TN:
SF:src\shared\domain\ValueObject.ts
FN:7,(anonymous_0)
FN:13,(anonymous_1)
FNF:2
FNH:2
FNDA:5,(anonymous_0)
FNDA:2,(anonymous_1)
DA:2,10
DA:9,5
DA:15,2
DA:17,0
DA:20,2
DA:22,0
DA:25,2
LF:7
LH:5
BRDA:15,0,0,0
BRDA:15,0,1,2
BRDA:15,1,0,2
BRDA:15,1,1,2
BRDA:20,2,0,0
BRDA:20,2,1,2
BRF:6
BRH:4
end_of_record
TN:
SF:src\shared\domain\events\DomainEvents.ts
FN:17,(anonymous_0)
FN:32,(anonymous_1)
FN:51,(anonymous_2)
FN:70,(anonymous_3)
FN:79,(anonymous_4)
FN:85,(anonymous_5)
FN:87,(anonymous_6)
FN:91,(anonymous_7)
FN:93,(anonymous_8)
FN:102,(anonymous_9)
FN:120,(anonymous_10)
FNF:11
FNH:11
FNDA:2,(anonymous_0)
FNDA:1,(anonymous_1)
FNDA:2,(anonymous_2)
FNDA:1,(anonymous_3)
FNDA:1,(anonymous_4)
FNDA:1,(anonymous_5)
FNDA:1,(anonymous_6)
FNDA:1,(anonymous_7)
FNDA:1,(anonymous_8)
FNDA:3,(anonymous_9)
FNDA:1,(anonymous_10)
DA:7,87
DA:9,87
DA:11,87
DA:19,2
DA:22,2
DA:24,2
DA:34,1
DA:37,1
DA:39,1
DA:41,1
DA:43,1
DA:58,2
DA:60,2
DA:63,2
DA:72,1
DA:81,1
DA:87,1
DA:93,1
DA:95,1
DA:97,1
DA:104,3
DA:106,3
DA:108,1
DA:110,1
DA:112,1
DA:116,3
DA:122,1
DA:125,1
DA:127,1
DA:129,1
DA:130,1
DA:132,1
DA:135,0
LF:33
LH:32
BRDA:22,0,0,2
BRDA:22,0,1,0
BRDA:37,1,0,1
BRDA:37,1,1,0
BRDA:58,2,0,2
BRDA:58,2,1,0
BRDA:95,3,0,1
BRDA:95,3,1,0
BRDA:108,4,0,1
BRDA:108,4,1,0
BRDA:125,5,0,1
BRDA:125,5,1,0
BRF:12
BRH:6
end_of_record
TN:
SF:src\shared\domain\exceptions\DomainException.ts
FN:4,(anonymous_0)
FN:15,(anonymous_1)
FN:24,(anonymous_2)
FN:33,(anonymous_3)
FN:42,(anonymous_4)
FNF:5
FNH:3
FNDA:13,(anonymous_0)
FNDA:12,(anonymous_1)
FNDA:0,(anonymous_2)
FNDA:0,(anonymous_3)
FNDA:1,(anonymous_4)
DA:2,99
DA:6,13
DA:8,13
DA:13,99
DA:17,12
DA:22,99
DA:26,0
DA:31,99
DA:35,0
DA:40,99
DA:44,1
LF:11
LH:9
BRF:0
BRH:0
end_of_record
TN:
SF:src\utils\callAuthorization.ts
FN:5,canSignalProductCall
FNF:1
FNH:1
FNDA:4,canSignalProductCall
DA:5,1
DA:10,4
DA:11,1
DA:13,3
LF:4
LH:4
BRDA:10,0,0,1
BRDA:10,0,1,3
BRDA:10,1,0,4
BRDA:10,1,1,4
BRDA:10,1,2,4
BRDA:10,1,3,4
BRDA:13,2,0,3
BRDA:13,2,1,2
BRF:8
BRH:8
end_of_record
TN:
SF:src\utils\cloudinary.ts
FN:2,extractPublicId
FNF:1
FNH:0
FNDA:0,extractPublicId
DA:2,23
DA:4,0
DA:6,0
DA:8,0
DA:10,0
DA:12,0
DA:14,0
DA:17,0
DA:19,0
DA:21,0
DA:23,0
LF:11
LH:1
BRDA:6,0,0,0
BRDA:6,0,1,0
BRDA:12,1,0,0
BRDA:12,1,1,0
BRDA:21,2,0,0
BRDA:21,2,1,0
BRF:6
BRH:0
end_of_record
TN:
SF:src\utils\fillDays.ts
FN:10,fillDays
FN:14,(anonymous_1)
FNF:2
FNH:2
FNDA:2,fillDays
FNDA:2,(anonymous_1)
DA:10,5
DA:12,2
DA:14,2
DA:16,2
DA:18,2
DA:22,2
DA:24,2
DA:26,14
DA:28,14
DA:32,14
DA:34,14
DA:36,14
DA:38,14
DA:41,14
DA:49,2
LF:15
LH:15
BRDA:18,0,0,2
BRDA:18,0,1,0
BRDA:45,1,0,14
BRDA:45,1,1,12
BRF:4
BRH:3
end_of_record
TN:
SF:src\utils\haversine.ts
FN:10,haversineKm
FN:23,(anonymous_1)
FNF:2
FNH:2
FNDA:2,haversineKm
FNDA:8,(anonymous_1)
DA:7,10
DA:10,10
DA:21,2
DA:23,8
DA:25,2
DA:27,2
DA:31,2
DA:35,2
LF:8
LH:8
BRF:0
BRH:0
end_of_record
TN:
SF:src\utils\logger.ts
FN:12,(anonymous_1)
FNF:1
FNH:0
FNDA:0,(anonymous_1)
DA:2,58
DA:4,58
DA:7,58
DA:10,58
DA:14,0
DA:16,0
DA:18,0
DA:21,0
DA:26,58
LF:9
LH:5
BRDA:16,0,0,0
BRDA:16,0,1,0
BRDA:28,1,0,58
BRDA:28,1,1,58
BRF:4
BRH:2
end_of_record
TN:
SF:src\utils\pagination.ts
FN:28,parsePagination
FN:54,paginatedResponse
FNF:2
FNH:2
FNDA:2,parsePagination
FNDA:2,paginatedResponse
DA:28,17
DA:37,2
DA:39,2
DA:42,2
DA:44,2
DA:47,2
DA:54,17
DA:65,2
LF:8
LH:8
BRDA:34,0,0,2
BRDA:37,1,0,2
BRDA:37,1,1,2
BRDA:39,2,0,0
BRDA:39,2,1,2
BRDA:42,3,0,2
BRDA:42,3,1,2
BRDA:44,4,0,0
BRDA:44,4,1,2
BRF:9
BRH:7
end_of_record
TN:
SF:src\utils\security.ts
FN:9,safeCompare
FN:18,sanitizeText
FN:26,sanitizeDeep
FN:31,(anonymous_4)
FN:35,(anonymous_5)
FNF:5
FNH:5
FNDA:3,safeCompare
FNDA:3,sanitizeText
FNDA:4,sanitizeDeep
FNDA:1,(anonymous_4)
FNDA:2,(anonymous_5)
DA:2,14
DA:9,14
DA:11,3
DA:13,3
DA:15,3
DA:18,14
DA:19,3
DA:26,14
DA:27,4
DA:28,2
DA:30,2
DA:31,1
DA:33,1
DA:34,1
DA:35,2
DA:40,1
DA:42,0
LF:17
LH:16
BRDA:18,0,0,3
BRDA:27,1,0,2
BRDA:27,1,1,2
BRDA:30,2,0,1
BRDA:30,2,1,1
BRDA:33,3,0,1
BRDA:33,3,1,0
BRDA:33,4,0,1
BRDA:33,4,1,1
BRDA:33,4,2,1
BRF:10
BRH:9
end_of_record
TN:
SF:src\validations\auth.validation.ts
FNF:0
FNH:0
DA:2,3
DA:5,3
LF:2
LH:2
BRF:0
BRH:0
end_of_record
TN:
SF:src\validations\boatLog.validation.ts
FNF:0
FNH:0
DA:2,3
DA:5,3
DA:19,3
LF:3
LH:3
BRF:0
BRH:0
end_of_record
TN:
SF:src\validations\landingBatch.validation.ts
FN:3,(anonymous_0)
FN:5,(anonymous_1)
FN:12,(anonymous_2)
FN:66,(anonymous_3)
FNF:4
FNH:2
FNDA:12,(anonymous_0)
FNDA:0,(anonymous_1)
FNDA:18,(anonymous_2)
FNDA:0,(anonymous_3)
DA:1,3
DA:3,3
DA:4,12
DA:6,0
DA:12,3
DA:13,18
DA:15,3
DA:25,3
DA:41,3
DA:67,0
DA:75,3
DA:79,3
DA:83,3
LF:13
LH:11
BRDA:6,0,0,0
BRDA:6,0,1,0
BRDA:6,1,0,0
BRDA:6,1,1,0
BRDA:6,1,2,0
BRDA:67,2,0,0
BRDA:67,2,1,0
BRF:7
BRH:0
end_of_record
TN:
SF:src\validations\message.validation.ts
FNF:0
FNH:0
DA:2,1
DA:5,1
DA:8,1
LF:3
LH:3
BRF:0
BRH:0
end_of_record
TN:
SF:src\validations\post.validation.ts
FNF:0
FNH:0
DA:2,3
DA:5,3
DA:20,3
DA:34,3
LF:4
LH:4
BRF:0
BRH:0
end_of_record
TN:
SF:src\validations\product.validation.ts
FN:22,(anonymous_0)
FN:27,(anonymous_1)
FN:40,(anonymous_2)
FN:46,(anonymous_3)
FN:52,(anonymous_4)
FN:58,(anonymous_5)
FN:69,(anonymous_6)
FN:86,(anonymous_7)
FN:112,(anonymous_8)
FNF:9
FNH:0
FNDA:0,(anonymous_0)
FNDA:0,(anonymous_1)
FNDA:0,(anonymous_2)
FNDA:0,(anonymous_3)
FNDA:0,(anonymous_4)
FNDA:0,(anonymous_5)
FNDA:0,(anonymous_6)
FNDA:0,(anonymous_7)
FNDA:0,(anonymous_8)
DA:2,3
DA:5,3
DA:22,0
DA:27,0
DA:41,0
DA:47,0
DA:53,0
DA:59,0
DA:69,0
DA:82,3
DA:88,0
DA:90,0
DA:93,0
DA:105,3
DA:114,0
DA:119,0
DA:122,0
LF:17
LH:4
BRDA:41,0,0,0
BRDA:41,0,1,0
BRDA:41,1,0,0
BRDA:41,1,1,0
BRDA:41,1,2,0
BRDA:47,2,0,0
BRDA:47,2,1,0
BRDA:47,3,0,0
BRDA:47,3,1,0
BRDA:47,3,2,0
BRDA:53,4,0,0
BRDA:53,4,1,0
BRDA:53,5,0,0
BRDA:53,5,1,0
BRDA:53,5,2,0
BRDA:59,6,0,0
BRDA:59,6,1,0
BRDA:59,7,0,0
BRDA:59,7,1,0
BRDA:59,7,2,0
BRDA:69,8,0,0
BRDA:69,8,1,0
BRDA:88,9,0,0
BRDA:88,9,1,0
BRDA:114,10,0,0
BRDA:114,10,1,0
BRDA:115,11,0,0
BRDA:115,11,1,0
BRF:28
BRH:0
end_of_record
TN:
SF:src\validations\recipe.validation.ts
FNF:0
FNH:0
DA:2,3
DA:5,3
DA:30,3
DA:54,3
LF:4
LH:4
BRF:0
BRH:0
end_of_record
TN:
SF:src\validations\report.validation.ts
FNF:0
FNH:0
DA:2,3
DA:5,3
DA:14,3
LF:3
LH:3
BRF:0
BRH:0
end_of_record
TN:
SF:src\validations\review.validation.ts
FN:14,(anonymous_0)
FNF:1
FNH:0
FNDA:0,(anonymous_0)
DA:2,3
DA:5,3
DA:14,0
LF:3
LH:2
BRF:0
BRH:0
end_of_record
